ERROR - 2024-08-07 12:30:33 --> mysqli_sql_exception: Table 'ta.tbl_crm' doesn't exist in C:\xampp\htdocs\project_ta\system\Database\MySQLi\Connection.php:306
Stack trace:
#0 C:\xampp\htdocs\project_ta\system\Database\MySQLi\Connection.php(306): mysqli->query('SELECT `tc`.`ka...', 0)
#1 C:\xampp\htdocs\project_ta\system\Database\BaseConnection.php(693): CodeIgniter\Database\MySQLi\Connection->execute('SELECT `tc`.`ka...')
#2 C:\xampp\htdocs\project_ta\system\Database\BaseConnection.php(607): CodeIgniter\Database\BaseConnection->simpleQuery('SELECT `tc`.`ka...')
#3 C:\xampp\htdocs\project_ta\system\Database\BaseBuilder.php(1615): CodeIgniter\Database\BaseConnection->query('SELECT `tc`.`ka...', Array, false)
#4 C:\xampp\htdocs\project_ta\app\Models\ModelCrm.php(293): CodeIgniter\Database\BaseBuilder->get()
#5 C:\xampp\htdocs\project_ta\app\Controllers\DashboardController.php(102): App\Models\ModelCrm->getKategoriStatusCountsUser('3178093542')
#6 C:\xampp\htdocs\project_ta\system\CodeIgniter.php(942): App\Controllers\DashboardController->index_user()
#7 C:\xampp\htdocs\project_ta\system\CodeIgniter.php(502): CodeIgniter\CodeIgniter->runController(Object(App\Controllers\DashboardController))
#8 C:\xampp\htdocs\project_ta\system\CodeIgniter.php(361): CodeIgniter\CodeIgniter->handleRequest(NULL, Object(Config\Cache), false)
#9 C:\xampp\htdocs\project_ta\index.php(79): CodeIgniter\CodeIgniter->run()
#10 {main}
CRITICAL - 2024-08-07 12:30:33 --> Table 'ta.tbl_crm' doesn't exist
in SYSTEMPATH\Database\BaseConnection.php on line 647.
 1 SYSTEMPATH\Database\BaseBuilder.php(1615): CodeIgniter\Database\BaseConnection->query('SELECT `tc`.`kategori`, `tc`.`status`, COUNT(*) as total
FROM `tbl_crm` `tc`
LEFT JOIN `tbl_siswa` `ts` ON `ts`.`nisn` = `tc`.`id_referensi`
LEFT JOIN `tbl_wali` `tw` ON `tw`.`nik` = `tc`.`id_referensi`
WHERE `id_referensi` = :id_referensi:
GROUP BY `tc`.`kategori`, `tc`.`status`', [...], false)
 2 APPPATH\Models\ModelCrm.php(293): CodeIgniter\Database\BaseBuilder->get()
 3 APPPATH\Controllers\DashboardController.php(102): App\Models\ModelCrm->getKategoriStatusCountsUser('3178093542')
 4 SYSTEMPATH\CodeIgniter.php(942): App\Controllers\DashboardController->index_user()
 5 SYSTEMPATH\CodeIgniter.php(502): CodeIgniter\CodeIgniter->runController(Object(App\Controllers\DashboardController))
 6 SYSTEMPATH\CodeIgniter.php(361): CodeIgniter\CodeIgniter->handleRequest(null, Object(Config\Cache), false)
 7 FCPATH\index.php(79): CodeIgniter\CodeIgniter->run()
CRITICAL - 2024-08-07 12:36:47 --> Undefined array key "role"
in APPPATH\Views\Crm\Crm.php on line 91.
 1 APPPATH\Views\Crm\Crm.php(91): CodeIgniter\Debug\Exceptions->errorHandler(2, 'Undefined array key "role"', 'C:\\xampp\\htdocs\\project_ta\\app\\Views\\Crm\\Crm.php', 91)
 2 SYSTEMPATH\View\View.php(228): include('C:\\xampp\\htdocs\\project_ta\\app\\Views\\Crm\\Crm.php')
 3 SYSTEMPATH\View\View.php(231): CodeIgniter\View\View->CodeIgniter\View\{closure}()
 4 SYSTEMPATH\Common.php(1190): CodeIgniter\View\View->render('Crm/crm', [], true)
 5 APPPATH\Controllers\CrmController.php(80): view('Crm/crm', [...])
 6 SYSTEMPATH\CodeIgniter.php(942): App\Controllers\CrmController->index()
 7 SYSTEMPATH\CodeIgniter.php(502): CodeIgniter\CodeIgniter->runController(Object(App\Controllers\CrmController))
 8 SYSTEMPATH\CodeIgniter.php(361): CodeIgniter\CodeIgniter->handleRequest(null, Object(Config\Cache), false)
 9 FCPATH\index.php(79): CodeIgniter\CodeIgniter->run()
CRITICAL - 2024-08-07 12:37:21 --> Undefined array key "role"
in APPPATH\Views\Crm\Crm.php on line 195.
 1 APPPATH\Views\Crm\Crm.php(195): CodeIgniter\Debug\Exceptions->errorHandler(2, 'Undefined array key "role"', 'C:\\xampp\\htdocs\\project_ta\\app\\Views\\Crm\\Crm.php', 195)
 2 SYSTEMPATH\View\View.php(228): include('C:\\xampp\\htdocs\\project_ta\\app\\Views\\Crm\\Crm.php')
 3 SYSTEMPATH\View\View.php(231): CodeIgniter\View\View->CodeIgniter\View\{closure}()
 4 SYSTEMPATH\Common.php(1190): CodeIgniter\View\View->render('Crm/crm', [], true)
 5 APPPATH\Controllers\CrmController.php(80): view('Crm/crm', [...])
 6 SYSTEMPATH\CodeIgniter.php(942): App\Controllers\CrmController->index()
 7 SYSTEMPATH\CodeIgniter.php(502): CodeIgniter\CodeIgniter->runController(Object(App\Controllers\CrmController))
 8 SYSTEMPATH\CodeIgniter.php(361): CodeIgniter\CodeIgniter->handleRequest(null, Object(Config\Cache), false)
 9 FCPATH\index.php(79): CodeIgniter\CodeIgniter->run()
CRITICAL - 2024-08-07 12:38:54 --> Undefined array key "role"
in APPPATH\Views\Crm\Crm.php on line 91.
 1 APPPATH\Views\Crm\Crm.php(91): CodeIgniter\Debug\Exceptions->errorHandler(2, 'Undefined array key "role"', 'C:\\xampp\\htdocs\\project_ta\\app\\Views\\Crm\\Crm.php', 91)
 2 SYSTEMPATH\View\View.php(228): include('C:\\xampp\\htdocs\\project_ta\\app\\Views\\Crm\\Crm.php')
 3 SYSTEMPATH\View\View.php(231): CodeIgniter\View\View->CodeIgniter\View\{closure}()
 4 SYSTEMPATH\Common.php(1190): CodeIgniter\View\View->render('Crm/crm', [], true)
 5 APPPATH\Controllers\CrmController.php(80): view('Crm/crm', [...])
 6 SYSTEMPATH\CodeIgniter.php(942): App\Controllers\CrmController->index()
 7 SYSTEMPATH\CodeIgniter.php(502): CodeIgniter\CodeIgniter->runController(Object(App\Controllers\CrmController))
 8 SYSTEMPATH\CodeIgniter.php(361): CodeIgniter\CodeIgniter->handleRequest(null, Object(Config\Cache), false)
 9 FCPATH\index.php(79): CodeIgniter\CodeIgniter->run()
CRITICAL - 2024-08-07 12:44:21 --> Undefined array key "role"
in APPPATH\Views\Crm\Crm.php on line 84.
 1 APPPATH\Views\Crm\Crm.php(84): CodeIgniter\Debug\Exceptions->errorHandler(2, 'Undefined array key "role"', 'C:\\xampp\\htdocs\\project_ta\\app\\Views\\Crm\\Crm.php', 84)
 2 SYSTEMPATH\View\View.php(228): include('C:\\xampp\\htdocs\\project_ta\\app\\Views\\Crm\\Crm.php')
 3 SYSTEMPATH\View\View.php(231): CodeIgniter\View\View->CodeIgniter\View\{closure}()
 4 SYSTEMPATH\Common.php(1190): CodeIgniter\View\View->render('Crm/crm', [], true)
 5 APPPATH\Controllers\CrmController.php(80): view('Crm/crm', [...])
 6 SYSTEMPATH\CodeIgniter.php(942): App\Controllers\CrmController->index()
 7 SYSTEMPATH\CodeIgniter.php(502): CodeIgniter\CodeIgniter->runController(Object(App\Controllers\CrmController))
 8 SYSTEMPATH\CodeIgniter.php(361): CodeIgniter\CodeIgniter->handleRequest(null, Object(Config\Cache), false)
 9 FCPATH\index.php(79): CodeIgniter\CodeIgniter->run()
CRITICAL - 2024-08-07 12:44:51 --> Undefined array key "role"
in APPPATH\Views\Crm\Crm.php on line 84.
 1 APPPATH\Views\Crm\Crm.php(84): CodeIgniter\Debug\Exceptions->errorHandler(2, 'Undefined array key "role"', 'C:\\xampp\\htdocs\\project_ta\\app\\Views\\Crm\\Crm.php', 84)
 2 SYSTEMPATH\View\View.php(228): include('C:\\xampp\\htdocs\\project_ta\\app\\Views\\Crm\\Crm.php')
 3 SYSTEMPATH\View\View.php(231): CodeIgniter\View\View->CodeIgniter\View\{closure}()
 4 SYSTEMPATH\Common.php(1190): CodeIgniter\View\View->render('Crm/crm', [], true)
 5 APPPATH\Controllers\CrmController.php(80): view('Crm/crm', [...])
 6 SYSTEMPATH\CodeIgniter.php(942): App\Controllers\CrmController->index()
 7 SYSTEMPATH\CodeIgniter.php(502): CodeIgniter\CodeIgniter->runController(Object(App\Controllers\CrmController))
 8 SYSTEMPATH\CodeIgniter.php(361): CodeIgniter\CodeIgniter->handleRequest(null, Object(Config\Cache), false)
 9 FCPATH\index.php(79): CodeIgniter\CodeIgniter->run()
CRITICAL - 2024-08-07 12:49:08 --> Undefined array key "role"
in APPPATH\Views\Crm\Crm.php on line 188.
 1 APPPATH\Views\Crm\Crm.php(188): CodeIgniter\Debug\Exceptions->errorHandler(2, 'Undefined array key "role"', 'C:\\xampp\\htdocs\\project_ta\\app\\Views\\Crm\\Crm.php', 188)
 2 SYSTEMPATH\View\View.php(228): include('C:\\xampp\\htdocs\\project_ta\\app\\Views\\Crm\\Crm.php')
 3 SYSTEMPATH\View\View.php(231): CodeIgniter\View\View->CodeIgniter\View\{closure}()
 4 SYSTEMPATH\Common.php(1190): CodeIgniter\View\View->render('Crm/crm', [], true)
 5 APPPATH\Controllers\CrmController.php(80): view('Crm/crm', [...])
 6 SYSTEMPATH\CodeIgniter.php(942): App\Controllers\CrmController->index()
 7 SYSTEMPATH\CodeIgniter.php(502): CodeIgniter\CodeIgniter->runController(Object(App\Controllers\CrmController))
 8 SYSTEMPATH\CodeIgniter.php(361): CodeIgniter\CodeIgniter->handleRequest(null, Object(Config\Cache), false)
 9 FCPATH\index.php(79): CodeIgniter\CodeIgniter->run()
CRITICAL - 2024-08-07 12:49:51 --> Undefined array key "role"
in APPPATH\Views\Crm\Crm.php on line 188.
 1 APPPATH\Views\Crm\Crm.php(188): CodeIgniter\Debug\Exceptions->errorHandler(2, 'Undefined array key "role"', 'C:\\xampp\\htdocs\\project_ta\\app\\Views\\Crm\\Crm.php', 188)
 2 SYSTEMPATH\View\View.php(228): include('C:\\xampp\\htdocs\\project_ta\\app\\Views\\Crm\\Crm.php')
 3 SYSTEMPATH\View\View.php(231): CodeIgniter\View\View->CodeIgniter\View\{closure}()
 4 SYSTEMPATH\Common.php(1190): CodeIgniter\View\View->render('Crm/crm', [], true)
 5 APPPATH\Controllers\CrmController.php(80): view('Crm/crm', [...])
 6 SYSTEMPATH\CodeIgniter.php(942): App\Controllers\CrmController->index()
 7 SYSTEMPATH\CodeIgniter.php(502): CodeIgniter\CodeIgniter->runController(Object(App\Controllers\CrmController))
 8 SYSTEMPATH\CodeIgniter.php(361): CodeIgniter\CodeIgniter->handleRequest(null, Object(Config\Cache), false)
 9 FCPATH\index.php(79): CodeIgniter\CodeIgniter->run()
CRITICAL - 2024-08-07 14:14:10 --> view(): Argument #2 ($data) must be of type array, null given, called in C:\xampp\htdocs\project_ta\app\Controllers\Auth.php on line 304
in SYSTEMPATH\Common.php on line 1178.
 1 APPPATH\Controllers\Auth.php(304): view('securityQuestion', null)
 2 SYSTEMPATH\CodeIgniter.php(942): App\Controllers\Auth->securityQuestionView()
 3 SYSTEMPATH\CodeIgniter.php(502): CodeIgniter\CodeIgniter->runController(Object(App\Controllers\Auth))
 4 SYSTEMPATH\CodeIgniter.php(361): CodeIgniter\CodeIgniter->handleRequest(null, Object(Config\Cache), false)
 5 FCPATH\index.php(79): CodeIgniter\CodeIgniter->run()
CRITICAL - 2024-08-07 14:14:11 --> view(): Argument #2 ($data) must be of type array, null given, called in C:\xampp\htdocs\project_ta\app\Controllers\Auth.php on line 304
in SYSTEMPATH\Common.php on line 1178.
 1 APPPATH\Controllers\Auth.php(304): view('securityQuestion', null)
 2 SYSTEMPATH\CodeIgniter.php(942): App\Controllers\Auth->securityQuestionView()
 3 SYSTEMPATH\CodeIgniter.php(502): CodeIgniter\CodeIgniter->runController(Object(App\Controllers\Auth))
 4 SYSTEMPATH\CodeIgniter.php(361): CodeIgniter\CodeIgniter->handleRequest(null, Object(Config\Cache), false)
 5 FCPATH\index.php(79): CodeIgniter\CodeIgniter->run()
CRITICAL - 2024-08-07 14:14:52 --> view(): Argument #2 ($data) must be of type array, null given, called in C:\xampp\htdocs\project_ta\app\Controllers\Auth.php on line 304
in SYSTEMPATH\Common.php on line 1178.
 1 APPPATH\Controllers\Auth.php(304): view('securityQuestion', null)
 2 SYSTEMPATH\CodeIgniter.php(942): App\Controllers\Auth->securityQuestionView()
 3 SYSTEMPATH\CodeIgniter.php(502): CodeIgniter\CodeIgniter->runController(Object(App\Controllers\Auth))
 4 SYSTEMPATH\CodeIgniter.php(361): CodeIgniter\CodeIgniter->handleRequest(null, Object(Config\Cache), false)
 5 FCPATH\index.php(79): CodeIgniter\CodeIgniter->run()
CRITICAL - 2024-08-07 14:14:53 --> view(): Argument #2 ($data) must be of type array, null given, called in C:\xampp\htdocs\project_ta\app\Controllers\Auth.php on line 304
in SYSTEMPATH\Common.php on line 1178.
 1 APPPATH\Controllers\Auth.php(304): view('securityQuestion', null)
 2 SYSTEMPATH\CodeIgniter.php(942): App\Controllers\Auth->securityQuestionView()
 3 SYSTEMPATH\CodeIgniter.php(502): CodeIgniter\CodeIgniter->runController(Object(App\Controllers\Auth))
 4 SYSTEMPATH\CodeIgniter.php(361): CodeIgniter\CodeIgniter->handleRequest(null, Object(Config\Cache), false)
 5 FCPATH\index.php(79): CodeIgniter\CodeIgniter->run()
CRITICAL - 2024-08-07 14:15:07 --> view(): Argument #2 ($data) must be of type array, null given, called in C:\xampp\htdocs\project_ta\app\Controllers\Auth.php on line 304
in SYSTEMPATH\Common.php on line 1178.
 1 APPPATH\Controllers\Auth.php(304): view('securityQuestion', null)
 2 SYSTEMPATH\CodeIgniter.php(942): App\Controllers\Auth->securityQuestionView()
 3 SYSTEMPATH\CodeIgniter.php(502): CodeIgniter\CodeIgniter->runController(Object(App\Controllers\Auth))
 4 SYSTEMPATH\CodeIgniter.php(361): CodeIgniter\CodeIgniter->handleRequest(null, Object(Config\Cache), false)
 5 FCPATH\index.php(79): CodeIgniter\CodeIgniter->run()
CRITICAL - 2024-08-07 14:15:43 --> view(): Argument #2 ($data) must be of type array, null given, called in C:\xampp\htdocs\project_ta\app\Controllers\Auth.php on line 304
in SYSTEMPATH\Common.php on line 1178.
 1 APPPATH\Controllers\Auth.php(304): view('securityQuestion', null)
 2 SYSTEMPATH\CodeIgniter.php(942): App\Controllers\Auth->securityQuestionView()
 3 SYSTEMPATH\CodeIgniter.php(502): CodeIgniter\CodeIgniter->runController(Object(App\Controllers\Auth))
 4 SYSTEMPATH\CodeIgniter.php(361): CodeIgniter\CodeIgniter->handleRequest(null, Object(Config\Cache), false)
 5 FCPATH\index.php(79): CodeIgniter\CodeIgniter->run()
CRITICAL - 2024-08-07 14:15:45 --> view(): Argument #2 ($data) must be of type array, null given, called in C:\xampp\htdocs\project_ta\app\Controllers\Auth.php on line 304
in SYSTEMPATH\Common.php on line 1178.
 1 APPPATH\Controllers\Auth.php(304): view('securityQuestion', null)
 2 SYSTEMPATH\CodeIgniter.php(942): App\Controllers\Auth->securityQuestionView()
 3 SYSTEMPATH\CodeIgniter.php(502): CodeIgniter\CodeIgniter->runController(Object(App\Controllers\Auth))
 4 SYSTEMPATH\CodeIgniter.php(361): CodeIgniter\CodeIgniter->handleRequest(null, Object(Config\Cache), false)
 5 FCPATH\index.php(79): CodeIgniter\CodeIgniter->run()
CRITICAL - 2024-08-07 14:15:57 --> view(): Argument #2 ($data) must be of type array, null given, called in C:\xampp\htdocs\project_ta\app\Controllers\Auth.php on line 304
in SYSTEMPATH\Common.php on line 1178.
 1 APPPATH\Controllers\Auth.php(304): view('securityQuestion', null)
 2 SYSTEMPATH\CodeIgniter.php(942): App\Controllers\Auth->securityQuestionView()
 3 SYSTEMPATH\CodeIgniter.php(502): CodeIgniter\CodeIgniter->runController(Object(App\Controllers\Auth))
 4 SYSTEMPATH\CodeIgniter.php(361): CodeIgniter\CodeIgniter->handleRequest(null, Object(Config\Cache), false)
 5 FCPATH\index.php(79): CodeIgniter\CodeIgniter->run()
CRITICAL - 2024-08-07 14:50:49 --> Undefined variable $id_referesni2
in APPPATH\Views\securityQuestion.php on line 50.
 1 APPPATH\Views\securityQuestion.php(50): CodeIgniter\Debug\Exceptions->errorHandler(2, 'Undefined variable $id_referesni2', 'C:\\xampp\\htdocs\\project_ta\\app\\Views\\securityQuestion.php', 50)
 2 SYSTEMPATH\View\View.php(228): include('C:\\xampp\\htdocs\\project_ta\\app\\Views\\securityQuestion.php')
 3 SYSTEMPATH\View\View.php(231): CodeIgniter\View\View->CodeIgniter\View\{closure}()
 4 SYSTEMPATH\Common.php(1190): CodeIgniter\View\View->render('securityQuestion', [], true)
 5 APPPATH\Controllers\Auth.php(296): view('securityQuestion', [...])
 6 SYSTEMPATH\CodeIgniter.php(942): App\Controllers\Auth->securityQuestion()
 7 SYSTEMPATH\CodeIgniter.php(502): CodeIgniter\CodeIgniter->runController(Object(App\Controllers\Auth))
 8 SYSTEMPATH\CodeIgniter.php(361): CodeIgniter\CodeIgniter->handleRequest(null, Object(Config\Cache), false)
 9 FCPATH\index.php(79): CodeIgniter\CodeIgniter->run()
CRITICAL - 2024-08-07 14:51:17 --> Undefined variable $nik
in APPPATH\Controllers\Auth.php on line 335.
 1 APPPATH\Controllers\Auth.php(335): CodeIgniter\Debug\Exceptions->errorHandler(2, 'Undefined variable $nik', 'C:\\xampp\\htdocs\\project_ta\\app\\Controllers\\Auth.php', 335)
 2 SYSTEMPATH\CodeIgniter.php(942): App\Controllers\Auth->cekPertanyaan()
 3 SYSTEMPATH\CodeIgniter.php(502): CodeIgniter\CodeIgniter->runController(Object(App\Controllers\Auth))
 4 SYSTEMPATH\CodeIgniter.php(361): CodeIgniter\CodeIgniter->handleRequest(null, Object(Config\Cache), false)
 5 FCPATH\index.php(79): CodeIgniter\CodeIgniter->run()
CRITICAL - 2024-08-07 14:53:06 --> Undefined variable $nik
in APPPATH\Views\securityQuestion.php on line 49.
 1 APPPATH\Views\securityQuestion.php(49): CodeIgniter\Debug\Exceptions->errorHandler(2, 'Undefined variable $nik', 'C:\\xampp\\htdocs\\project_ta\\app\\Views\\securityQuestion.php', 49)
 2 SYSTEMPATH\View\View.php(228): include('C:\\xampp\\htdocs\\project_ta\\app\\Views\\securityQuestion.php')
 3 SYSTEMPATH\View\View.php(231): CodeIgniter\View\View->CodeIgniter\View\{closure}()
 4 SYSTEMPATH\Common.php(1190): CodeIgniter\View\View->render('securityQuestion', [], true)
 5 APPPATH\Controllers\Auth.php(353): view('securityQuestion', [...])
 6 SYSTEMPATH\CodeIgniter.php(942): App\Controllers\Auth->cekPertanyaan()
 7 SYSTEMPATH\CodeIgniter.php(502): CodeIgniter\CodeIgniter->runController(Object(App\Controllers\Auth))
 8 SYSTEMPATH\CodeIgniter.php(361): CodeIgniter\CodeIgniter->handleRequest(null, Object(Config\Cache), false)
 9 FCPATH\index.php(79): CodeIgniter\CodeIgniter->run()
CRITICAL - 2024-08-07 16:06:34 --> Undefined property: App\Controllers\Auth::$session
in APPPATH\Controllers\Auth.php on line 269.
 1 APPPATH\Controllers\Auth.php(269): CodeIgniter\Debug\Exceptions->errorHandler(2, 'Undefined property: App\\Controllers\\Auth::$session', 'C:\\xampp\\htdocs\\project_ta\\app\\Controllers\\Auth.php', 269)
 2 SYSTEMPATH\CodeIgniter.php(942): App\Controllers\Auth->changeEmail()
 3 SYSTEMPATH\CodeIgniter.php(502): CodeIgniter\CodeIgniter->runController(Object(App\Controllers\Auth))
 4 SYSTEMPATH\CodeIgniter.php(361): CodeIgniter\CodeIgniter->handleRequest(null, Object(Config\Cache), false)
 5 FCPATH\index.php(79): CodeIgniter\CodeIgniter->run()
CRITICAL - 2024-08-07 16:08:02 --> Undefined variable $session
in APPPATH\Controllers\Auth.php on line 269.
 1 APPPATH\Controllers\Auth.php(269): CodeIgniter\Debug\Exceptions->errorHandler(2, 'Undefined variable $session', 'C:\\xampp\\htdocs\\project_ta\\app\\Controllers\\Auth.php', 269)
 2 SYSTEMPATH\CodeIgniter.php(942): App\Controllers\Auth->changeEmail()
 3 SYSTEMPATH\CodeIgniter.php(502): CodeIgniter\CodeIgniter->runController(Object(App\Controllers\Auth))
 4 SYSTEMPATH\CodeIgniter.php(361): CodeIgniter\CodeIgniter->handleRequest(null, Object(Config\Cache), false)
 5 FCPATH\index.php(79): CodeIgniter\CodeIgniter->run()
CRITICAL - 2024-08-07 18:08:27 --> Undefined variable $nikCek
in APPPATH\Controllers\GuruController.php on line 143.
 1 APPPATH\Controllers\GuruController.php(143): CodeIgniter\Debug\Exceptions->errorHandler(2, 'Undefined variable $nikCek', 'C:\\xampp\\htdocs\\project_ta\\app\\Controllers\\GuruController.php', 143)
 2 SYSTEMPATH\CodeIgniter.php(942): App\Controllers\GuruController->update()
 3 SYSTEMPATH\CodeIgniter.php(502): CodeIgniter\CodeIgniter->runController(Object(App\Controllers\GuruController))
 4 SYSTEMPATH\CodeIgniter.php(361): CodeIgniter\CodeIgniter->handleRequest(null, Object(Config\Cache), false)
 5 FCPATH\index.php(79): CodeIgniter\CodeIgniter->run()
CRITICAL - 2024-08-07 18:14:13 --> The route for "Guru/edit" cannot be found.
in SYSTEMPATH\HTTP\RedirectResponse.php on line 62.
 1 SYSTEMPATH\HTTP\RedirectResponse.php(62): CodeIgniter\HTTP\Exceptions\HTTPException::forInvalidRedirectRoute('Guru/edit')
 2 SYSTEMPATH\Common.php(878): CodeIgniter\HTTP\RedirectResponse->route(false)
 3 APPPATH\Controllers\GuruController.php(146): redirect('Guru/edit')
 4 SYSTEMPATH\CodeIgniter.php(942): App\Controllers\GuruController->update()
 5 SYSTEMPATH\CodeIgniter.php(502): CodeIgniter\CodeIgniter->runController(Object(App\Controllers\GuruController))
 6 SYSTEMPATH\CodeIgniter.php(361): CodeIgniter\CodeIgniter->handleRequest(null, Object(Config\Cache), false)
 7 FCPATH\index.php(79): CodeIgniter\CodeIgniter->run()
CRITICAL - 2024-08-07 18:16:07 --> The route for "guru/edit/196312101983042005" cannot be found.
in SYSTEMPATH\HTTP\RedirectResponse.php on line 62.
 1 SYSTEMPATH\HTTP\RedirectResponse.php(62): CodeIgniter\HTTP\Exceptions\HTTPException::forInvalidRedirectRoute('guru/edit/196312101983042005')
 2 SYSTEMPATH\Common.php(878): CodeIgniter\HTTP\RedirectResponse->route(false)
 3 APPPATH\Controllers\GuruController.php(146): redirect('guru/edit/196312101983042005')
 4 SYSTEMPATH\CodeIgniter.php(942): App\Controllers\GuruController->update()
 5 SYSTEMPATH\CodeIgniter.php(502): CodeIgniter\CodeIgniter->runController(Object(App\Controllers\GuruController))
 6 SYSTEMPATH\CodeIgniter.php(361): CodeIgniter\CodeIgniter->handleRequest(null, Object(Config\Cache), false)
 7 FCPATH\index.php(79): CodeIgniter\CodeIgniter->run()
CRITICAL - 2024-08-07 18:16:17 --> The route for "guru/edit/196312101983042005" cannot be found.
in SYSTEMPATH\HTTP\RedirectResponse.php on line 62.
 1 SYSTEMPATH\HTTP\RedirectResponse.php(62): CodeIgniter\HTTP\Exceptions\HTTPException::forInvalidRedirectRoute('guru/edit/196312101983042005')
 2 SYSTEMPATH\Common.php(878): CodeIgniter\HTTP\RedirectResponse->route(false)
 3 APPPATH\Controllers\GuruController.php(146): redirect('guru/edit/196312101983042005')
 4 SYSTEMPATH\CodeIgniter.php(942): App\Controllers\GuruController->update()
 5 SYSTEMPATH\CodeIgniter.php(502): CodeIgniter\CodeIgniter->runController(Object(App\Controllers\GuruController))
 6 SYSTEMPATH\CodeIgniter.php(361): CodeIgniter\CodeIgniter->handleRequest(null, Object(Config\Cache), false)
 7 FCPATH\index.php(79): CodeIgniter\CodeIgniter->run()
CRITICAL - 2024-08-07 18:16:32 --> The route for "guru/edit/196312101983042005" cannot be found.
in SYSTEMPATH\HTTP\RedirectResponse.php on line 62.
 1 SYSTEMPATH\HTTP\RedirectResponse.php(62): CodeIgniter\HTTP\Exceptions\HTTPException::forInvalidRedirectRoute('guru/edit/196312101983042005')
 2 SYSTEMPATH\Common.php(878): CodeIgniter\HTTP\RedirectResponse->route(false)
 3 APPPATH\Controllers\GuruController.php(146): redirect('guru/edit/196312101983042005')
 4 SYSTEMPATH\CodeIgniter.php(942): App\Controllers\GuruController->update()
 5 SYSTEMPATH\CodeIgniter.php(502): CodeIgniter\CodeIgniter->runController(Object(App\Controllers\GuruController))
 6 SYSTEMPATH\CodeIgniter.php(361): CodeIgniter\CodeIgniter->handleRequest(null, Object(Config\Cache), false)
 7 FCPATH\index.php(79): CodeIgniter\CodeIgniter->run()
CRITICAL - 2024-08-07 18:23:28 --> Undefined variable $id
in APPPATH\Controllers\GuruController.php on line 138.
 1 APPPATH\Controllers\GuruController.php(138): CodeIgniter\Debug\Exceptions->errorHandler(2, 'Undefined variable $id', 'C:\\xampp\\htdocs\\project_ta\\app\\Controllers\\GuruController.php', 138)
 2 SYSTEMPATH\CodeIgniter.php(942): App\Controllers\GuruController->update()
 3 SYSTEMPATH\CodeIgniter.php(502): CodeIgniter\CodeIgniter->runController(Object(App\Controllers\GuruController))
 4 SYSTEMPATH\CodeIgniter.php(361): CodeIgniter\CodeIgniter->handleRequest(null, Object(Config\Cache), false)
 5 FCPATH\index.php(79): CodeIgniter\CodeIgniter->run()
CRITICAL - 2024-08-07 18:30:45 --> Undefined array key "id_data"
in APPPATH\Controllers\GuruController.php on line 141.
 1 APPPATH\Controllers\GuruController.php(141): CodeIgniter\Debug\Exceptions->errorHandler(2, 'Undefined array key "id_data"', 'C:\\xampp\\htdocs\\project_ta\\app\\Controllers\\GuruController.php', 141)
 2 SYSTEMPATH\CodeIgniter.php(942): App\Controllers\GuruController->update()
 3 SYSTEMPATH\CodeIgniter.php(502): CodeIgniter\CodeIgniter->runController(Object(App\Controllers\GuruController))
 4 SYSTEMPATH\CodeIgniter.php(361): CodeIgniter\CodeIgniter->handleRequest(null, Object(Config\Cache), false)
 5 FCPATH\index.php(79): CodeIgniter\CodeIgniter->run()
CRITICAL - 2024-08-07 18:33:20 --> Undefined array key "id"
in APPPATH\Views\User\detail.php on line 24.
 1 APPPATH\Views\User\detail.php(24): CodeIgniter\Debug\Exceptions->errorHandler(2, 'Undefined array key "id"', 'C:\\xampp\\htdocs\\project_ta\\app\\Views\\User\\detail.php', 24)
 2 SYSTEMPATH\View\View.php(228): include('C:\\xampp\\htdocs\\project_ta\\app\\Views\\User\\detail.php')
 3 SYSTEMPATH\View\View.php(231): CodeIgniter\View\View->CodeIgniter\View\{closure}()
 4 SYSTEMPATH\Common.php(1190): CodeIgniter\View\View->render('User/detail', [], true)
 5 APPPATH\Controllers\Auth.php(84): view('User/detail', [...])
 6 SYSTEMPATH\CodeIgniter.php(942): App\Controllers\Auth->detail('484')
 7 SYSTEMPATH\CodeIgniter.php(502): CodeIgniter\CodeIgniter->runController(Object(App\Controllers\Auth))
 8 SYSTEMPATH\CodeIgniter.php(361): CodeIgniter\CodeIgniter->handleRequest(null, Object(Config\Cache), false)
 9 FCPATH\index.php(79): CodeIgniter\CodeIgniter->run()
CRITICAL - 2024-08-07 18:34:12 --> Trying to access array offset on value of type null
in APPPATH\Views\Guru\detail.php on line 13.
 1 APPPATH\Views\Guru\detail.php(13): CodeIgniter\Debug\Exceptions->errorHandler(2, 'Trying to access array offset on value of type null', 'C:\\xampp\\htdocs\\project_ta\\app\\Views\\Guru\\detail.php', 13)
 2 SYSTEMPATH\View\View.php(228): include('C:\\xampp\\htdocs\\project_ta\\app\\Views\\Guru\\detail.php')
 3 SYSTEMPATH\View\View.php(231): CodeIgniter\View\View->CodeIgniter\View\{closure}()
 4 SYSTEMPATH\Common.php(1190): CodeIgniter\View\View->render('Guru/detail', [], true)
 5 APPPATH\Controllers\GuruController.php(101): view('Guru/detail', [...])
 6 SYSTEMPATH\CodeIgniter.php(942): App\Controllers\GuruController->detail('0')
 7 SYSTEMPATH\CodeIgniter.php(502): CodeIgniter\CodeIgniter->runController(Object(App\Controllers\GuruController))
 8 SYSTEMPATH\CodeIgniter.php(361): CodeIgniter\CodeIgniter->handleRequest(null, Object(Config\Cache), false)
 9 FCPATH\index.php(79): CodeIgniter\CodeIgniter->run()
CRITICAL - 2024-08-07 18:34:33 --> Trying to access array offset on value of type null
in APPPATH\Views\Guru\detail.php on line 13.
 1 APPPATH\Views\Guru\detail.php(13): CodeIgniter\Debug\Exceptions->errorHandler(2, 'Trying to access array offset on value of type null', 'C:\\xampp\\htdocs\\project_ta\\app\\Views\\Guru\\detail.php', 13)
 2 SYSTEMPATH\View\View.php(228): include('C:\\xampp\\htdocs\\project_ta\\app\\Views\\Guru\\detail.php')
 3 SYSTEMPATH\View\View.php(231): CodeIgniter\View\View->CodeIgniter\View\{closure}()
 4 SYSTEMPATH\Common.php(1190): CodeIgniter\View\View->render('Guru/detail', [], true)
 5 APPPATH\Controllers\GuruController.php(101): view('Guru/detail', [...])
 6 SYSTEMPATH\CodeIgniter.php(942): App\Controllers\GuruController->detail('0')
 7 SYSTEMPATH\CodeIgniter.php(502): CodeIgniter\CodeIgniter->runController(Object(App\Controllers\GuruController))
 8 SYSTEMPATH\CodeIgniter.php(361): CodeIgniter\CodeIgniter->handleRequest(null, Object(Config\Cache), false)
 9 FCPATH\index.php(79): CodeIgniter\CodeIgniter->run()
CRITICAL - 2024-08-07 18:34:52 --> Trying to access array offset on value of type null
in APPPATH\Views\Guru\detail.php on line 13.
 1 APPPATH\Views\Guru\detail.php(13): CodeIgniter\Debug\Exceptions->errorHandler(2, 'Trying to access array offset on value of type null', 'C:\\xampp\\htdocs\\project_ta\\app\\Views\\Guru\\detail.php', 13)
 2 SYSTEMPATH\View\View.php(228): include('C:\\xampp\\htdocs\\project_ta\\app\\Views\\Guru\\detail.php')
 3 SYSTEMPATH\View\View.php(231): CodeIgniter\View\View->CodeIgniter\View\{closure}()
 4 SYSTEMPATH\Common.php(1190): CodeIgniter\View\View->render('Guru/detail', [], true)
 5 APPPATH\Controllers\GuruController.php(101): view('Guru/detail', [...])
 6 SYSTEMPATH\CodeIgniter.php(942): App\Controllers\GuruController->detail('0')
 7 SYSTEMPATH\CodeIgniter.php(502): CodeIgniter\CodeIgniter->runController(Object(App\Controllers\GuruController))
 8 SYSTEMPATH\CodeIgniter.php(361): CodeIgniter\CodeIgniter->handleRequest(null, Object(Config\Cache), false)
 9 FCPATH\index.php(79): CodeIgniter\CodeIgniter->run()
ERROR - 2024-08-07 18:43:45 --> mysqli_sql_exception: Column 'nisn_siswa' cannot be null in C:\xampp\htdocs\project_ta\system\Database\MySQLi\Connection.php:306
Stack trace:
#0 C:\xampp\htdocs\project_ta\system\Database\MySQLi\Connection.php(306): mysqli->query('INSERT INTO `tb...', 0)
#1 C:\xampp\htdocs\project_ta\system\Database\BaseConnection.php(693): CodeIgniter\Database\MySQLi\Connection->execute('INSERT INTO `tb...')
#2 C:\xampp\htdocs\project_ta\system\Database\BaseConnection.php(607): CodeIgniter\Database\BaseConnection->simpleQuery('INSERT INTO `tb...')
#3 C:\xampp\htdocs\project_ta\system\Database\BaseBuilder.php(2308): CodeIgniter\Database\BaseConnection->query('INSERT INTO `tb...', Array, false)
#4 C:\xampp\htdocs\project_ta\system\Model.php(319): CodeIgniter\Database\BaseBuilder->insert()
#5 C:\xampp\htdocs\project_ta\system\BaseModel.php(788): CodeIgniter\Model->doInsert(Array)
#6 C:\xampp\htdocs\project_ta\system\Model.php(715): CodeIgniter\BaseModel->insert(Array, true)
#7 C:\xampp\htdocs\project_ta\app\Controllers\WaliController.php(77): CodeIgniter\Model->insert(Array)
#8 C:\xampp\htdocs\project_ta\system\CodeIgniter.php(942): App\Controllers\WaliController->store()
#9 C:\xampp\htdocs\project_ta\system\CodeIgniter.php(502): CodeIgniter\CodeIgniter->runController(Object(App\Controllers\WaliController))
#10 C:\xampp\htdocs\project_ta\system\CodeIgniter.php(361): CodeIgniter\CodeIgniter->handleRequest(NULL, Object(Config\Cache), false)
#11 C:\xampp\htdocs\project_ta\index.php(79): CodeIgniter\CodeIgniter->run()
#12 {main}
CRITICAL - 2024-08-07 18:43:45 --> Column 'nisn_siswa' cannot be null
in SYSTEMPATH\Database\BaseConnection.php on line 647.
 1 SYSTEMPATH\Database\BaseBuilder.php(2308): CodeIgniter\Database\BaseConnection->query('INSERT INTO `tbl_wali` (`nisn_siswa`, `jenis_kelamin`, `nik`, `nama`, `pekerjaan`, `pendidikan`, `kelas_siswa`, `rombel_siswa`, `alamat`) VALUES (:nisn_siswa:, :jenis_kelamin:, :nik:, :nama:, :pekerjaan:, :pendidikan:, :kelas_siswa:, :rombel_siswa:, :alamat:)', [...], false)
 2 SYSTEMPATH\Model.php(319): CodeIgniter\Database\BaseBuilder->insert()
 3 SYSTEMPATH\BaseModel.php(788): CodeIgniter\Model->doInsert([...])
 4 SYSTEMPATH\Model.php(715): CodeIgniter\BaseModel->insert([...], true)
 5 APPPATH\Controllers\WaliController.php(77): CodeIgniter\Model->insert([...])
 6 SYSTEMPATH\CodeIgniter.php(942): App\Controllers\WaliController->store()
 7 SYSTEMPATH\CodeIgniter.php(502): CodeIgniter\CodeIgniter->runController(Object(App\Controllers\WaliController))
 8 SYSTEMPATH\CodeIgniter.php(361): CodeIgniter\CodeIgniter->handleRequest(null, Object(Config\Cache), false)
 9 FCPATH\index.php(79): CodeIgniter\CodeIgniter->run()
CRITICAL - 2024-08-07 18:53:42 --> Undefined variable $oldNisn
in APPPATH\Controllers\SiswaController.php on line 184.
 1 APPPATH\Controllers\SiswaController.php(184): CodeIgniter\Debug\Exceptions->errorHandler(2, 'Undefined variable $oldNisn', 'C:\\xampp\\htdocs\\project_ta\\app\\Controllers\\SiswaController.php', 184)
 2 SYSTEMPATH\CodeIgniter.php(942): App\Controllers\SiswaController->update()
 3 SYSTEMPATH\CodeIgniter.php(502): CodeIgniter\CodeIgniter->runController(Object(App\Controllers\SiswaController))
 4 SYSTEMPATH\CodeIgniter.php(361): CodeIgniter\CodeIgniter->handleRequest(null, Object(Config\Cache), false)
 5 FCPATH\index.php(79): CodeIgniter\CodeIgniter->run()
CRITICAL - 2024-08-07 18:58:51 --> Undefined variable $idCek
in APPPATH\Controllers\SiswaController.php on line 172.
 1 APPPATH\Controllers\SiswaController.php(172): CodeIgniter\Debug\Exceptions->errorHandler(2, 'Undefined variable $idCek', 'C:\\xampp\\htdocs\\project_ta\\app\\Controllers\\SiswaController.php', 172)
 2 SYSTEMPATH\CodeIgniter.php(942): App\Controllers\SiswaController->update()
 3 SYSTEMPATH\CodeIgniter.php(502): CodeIgniter\CodeIgniter->runController(Object(App\Controllers\SiswaController))
 4 SYSTEMPATH\CodeIgniter.php(361): CodeIgniter\CodeIgniter->handleRequest(null, Object(Config\Cache), false)
 5 FCPATH\index.php(79): CodeIgniter\CodeIgniter->run()
CRITICAL - 2024-08-07 18:59:51 --> Undefined variable $idCek
in APPPATH\Controllers\SiswaController.php on line 187.
 1 APPPATH\Controllers\SiswaController.php(187): CodeIgniter\Debug\Exceptions->errorHandler(2, 'Undefined variable $idCek', 'C:\\xampp\\htdocs\\project_ta\\app\\Controllers\\SiswaController.php', 187)
 2 SYSTEMPATH\CodeIgniter.php(942): App\Controllers\SiswaController->update()
 3 SYSTEMPATH\CodeIgniter.php(502): CodeIgniter\CodeIgniter->runController(Object(App\Controllers\SiswaController))
 4 SYSTEMPATH\CodeIgniter.php(361): CodeIgniter\CodeIgniter->handleRequest(null, Object(Config\Cache), false)
 5 FCPATH\index.php(79): CodeIgniter\CodeIgniter->run()
CRITICAL - 2024-08-07 21:06:08 --> Trying to access array offset on value of type null
in APPPATH\Libraries\AuthLibrary.php on line 173.
 1 APPPATH\Libraries\AuthLibrary.php(173): CodeIgniter\Debug\Exceptions->errorHandler(2, 'Trying to access array offset on value of type null', 'C:\\xampp\\htdocs\\project_ta\\app\\Libraries\\AuthLibrary.php', 173)
 2 APPPATH\Libraries\AuthLibrary.php(126): App\Libraries\AuthLibrary->GenerateToken(null, 'reset_token')
 3 APPPATH\Controllers\Auth.php(503): App\Libraries\AuthLibrary->Forgotpassword('ssasasaua@s.com')
 4 SYSTEMPATH\CodeIgniter.php(942): App\Controllers\Auth->kirimEmail()
 5 SYSTEMPATH\CodeIgniter.php(502): CodeIgniter\CodeIgniter->runController(Object(App\Controllers\Auth))
 6 SYSTEMPATH\CodeIgniter.php(361): CodeIgniter\CodeIgniter->handleRequest(null, Object(Config\Cache), false)
 7 FCPATH\index.php(79): CodeIgniter\CodeIgniter->run()
ERROR - 2024-08-07 21:09:17 --> Email: sendWithSmtp throwed ErrorException: stream_socket_enable_crypto(): SSL: Handshake timed out in C:\xampp\htdocs\project_ta\system\Email\Email.php:1912
Stack trace:
#0 [internal function]: CodeIgniter\Debug\Exceptions->errorHandler(2, 'stream_socket_e...', 'C:\\xampp\\htdocs...', 1912)
#1 C:\xampp\htdocs\project_ta\system\Email\Email.php(1912): stream_socket_enable_crypto(Resource id #177, true, 121)
#2 C:\xampp\htdocs\project_ta\system\Email\Email.php(1799): CodeIgniter\Email\Email->SMTPConnect()
#3 C:\xampp\htdocs\project_ta\system\Email\Email.php(1684): CodeIgniter\Email\Email->sendWithSmtp()
#4 C:\xampp\htdocs\project_ta\system\Email\Email.php(1578): CodeIgniter\Email\Email->spoolEmail()
#5 C:\xampp\htdocs\project_ta\app\Libraries\SendEmail.php(43): CodeIgniter\Email\Email->send()
#6 C:\xampp\htdocs\project_ta\app\Libraries\AuthLibrary.php(210): App\Libraries\SendEmail->build(Array)
#7 C:\xampp\htdocs\project_ta\app\Libraries\AuthLibrary.php(129): App\Libraries\AuthLibrary->ResetEmail(Array, 'ZDE5MTM4NmQwZTI...')
#8 C:\xampp\htdocs\project_ta\app\Controllers\Auth.php(504): App\Libraries\AuthLibrary->Forgotpassword('gulab@gmail.com')
#9 C:\xampp\htdocs\project_ta\system\CodeIgniter.php(942): App\Controllers\Auth->kirimEmail()
#10 C:\xampp\htdocs\project_ta\system\CodeIgniter.php(502): CodeIgniter\CodeIgniter->runController(Object(App\Controllers\Auth))
#11 C:\xampp\htdocs\project_ta\system\CodeIgniter.php(361): CodeIgniter\CodeIgniter->handleRequest(NULL, Object(Config\Cache), false)
#12 C:\xampp\htdocs\project_ta\index.php(79): CodeIgniter\CodeIgniter->run()
#13 {main}
ERROR - 2024-08-07 21:09:17 --> Email: Unable to send email using SMTP. Your server might not be configured to send mail using this method.
ERROR - 2024-08-07 21:09:17 --> 220 smtp.mailtrap.io ESMTP ready

hello: 250-smtp.mailtrap.io
250-SIZE 5242880
250-PIPELINING
250-ENHANCEDSTATUSCODES
250-8BITMIME
250-DSN
250-AUTH PLAIN LOGIN CRAM-MD5
250 STARTTLS

starttls: 220 2.0.0 Start TLS

CRITICAL - 2024-08-07 21:10:49 --> Undefined variable $nik
in APPPATH\Views\securityQuestion.php on line 49.
 1 APPPATH\Views\securityQuestion.php(49): CodeIgniter\Debug\Exceptions->errorHandler(2, 'Undefined variable $nik', 'C:\\xampp\\htdocs\\project_ta\\app\\Views\\securityQuestion.php', 49)
 2 SYSTEMPATH\View\View.php(228): include('C:\\xampp\\htdocs\\project_ta\\app\\Views\\securityQuestion.php')
 3 SYSTEMPATH\View\View.php(231): CodeIgniter\View\View->CodeIgniter\View\{closure}()
 4 SYSTEMPATH\Common.php(1190): CodeIgniter\View\View->render('securityQuestion', [], true)
 5 APPPATH\Controllers\Auth.php(317): view('securityQuestion', [...])
 6 SYSTEMPATH\CodeIgniter.php(942): App\Controllers\Auth->securityQuestionWali()
 7 SYSTEMPATH\CodeIgniter.php(502): CodeIgniter\CodeIgniter->runController(Object(App\Controllers\Auth))
 8 SYSTEMPATH\CodeIgniter.php(361): CodeIgniter\CodeIgniter->handleRequest(null, Object(Config\Cache), false)
 9 FCPATH\index.php(79): CodeIgniter\CodeIgniter->run()
CRITICAL - 2024-08-07 21:16:24 --> Undefined variable $nik
in APPPATH\Controllers\Auth.php on line 337.
 1 APPPATH\Controllers\Auth.php(337): CodeIgniter\Debug\Exceptions->errorHandler(2, 'Undefined variable $nik', 'C:\\xampp\\htdocs\\project_ta\\app\\Controllers\\Auth.php', 337)
 2 SYSTEMPATH\CodeIgniter.php(942): App\Controllers\Auth->cekPertanyaan()
 3 SYSTEMPATH\CodeIgniter.php(502): CodeIgniter\CodeIgniter->runController(Object(App\Controllers\Auth))
 4 SYSTEMPATH\CodeIgniter.php(361): CodeIgniter\CodeIgniter->handleRequest(null, Object(Config\Cache), false)
 5 FCPATH\index.php(79): CodeIgniter\CodeIgniter->run()
CRITICAL - 2024-08-07 21:16:47 --> Trying to access array offset on value of type null
in APPPATH\Controllers\Auth.php on line 359.
 1 APPPATH\Controllers\Auth.php(359): CodeIgniter\Debug\Exceptions->errorHandler(2, 'Trying to access array offset on value of type null', 'C:\\xampp\\htdocs\\project_ta\\app\\Controllers\\Auth.php', 359)
 2 SYSTEMPATH\CodeIgniter.php(942): App\Controllers\Auth->cekPertanyaan()
 3 SYSTEMPATH\CodeIgniter.php(502): CodeIgniter\CodeIgniter->runController(Object(App\Controllers\Auth))
 4 SYSTEMPATH\CodeIgniter.php(361): CodeIgniter\CodeIgniter->handleRequest(null, Object(Config\Cache), false)
 5 FCPATH\index.php(79): CodeIgniter\CodeIgniter->run()
CRITICAL - 2024-08-07 21:17:20 --> Trying to access array offset on value of type null
in APPPATH\Controllers\Auth.php on line 359.
 1 APPPATH\Controllers\Auth.php(359): CodeIgniter\Debug\Exceptions->errorHandler(2, 'Trying to access array offset on value of type null', 'C:\\xampp\\htdocs\\project_ta\\app\\Controllers\\Auth.php', 359)
 2 SYSTEMPATH\CodeIgniter.php(942): App\Controllers\Auth->cekPertanyaan()
 3 SYSTEMPATH\CodeIgniter.php(502): CodeIgniter\CodeIgniter->runController(Object(App\Controllers\Auth))
 4 SYSTEMPATH\CodeIgniter.php(361): CodeIgniter\CodeIgniter->handleRequest(null, Object(Config\Cache), false)
 5 FCPATH\index.php(79): CodeIgniter\CodeIgniter->run()
CRITICAL - 2024-08-07 23:13:10 --> Invalid file: "securityQuestionWali.php"
in SYSTEMPATH\Exceptions\FrameworkException.php on line 39.
 1 SYSTEMPATH\View\View.php(216): CodeIgniter\Exceptions\FrameworkException::forInvalidFile('securityQuestionWali.php')
 2 SYSTEMPATH\Common.php(1190): CodeIgniter\View\View->render('securityQuestionWali', [], true)
 3 APPPATH\Controllers\Auth.php(364): view('securityQuestionWali', [...])
 4 SYSTEMPATH\CodeIgniter.php(942): App\Controllers\Auth->cekPertanyaan()
 5 SYSTEMPATH\CodeIgniter.php(502): CodeIgniter\CodeIgniter->runController(Object(App\Controllers\Auth))
 6 SYSTEMPATH\CodeIgniter.php(361): CodeIgniter\CodeIgniter->handleRequest(null, Object(Config\Cache), false)
 7 FCPATH\index.php(79): CodeIgniter\CodeIgniter->run()
CRITICAL - 2024-08-07 23:20:51 --> Undefined array key "role"
in APPPATH\Views\Crm\Crm.php on line 188.
 1 APPPATH\Views\Crm\Crm.php(188): CodeIgniter\Debug\Exceptions->errorHandler(2, 'Undefined array key "role"', 'C:\\xampp\\htdocs\\project_ta\\app\\Views\\Crm\\Crm.php', 188)
 2 SYSTEMPATH\View\View.php(228): include('C:\\xampp\\htdocs\\project_ta\\app\\Views\\Crm\\Crm.php')
 3 SYSTEMPATH\View\View.php(231): CodeIgniter\View\View->CodeIgniter\View\{closure}()
 4 SYSTEMPATH\Common.php(1190): CodeIgniter\View\View->render('Crm/crm', [], true)
 5 APPPATH\Controllers\CrmController.php(80): view('Crm/crm', [...])
 6 SYSTEMPATH\CodeIgniter.php(942): App\Controllers\CrmController->index()
 7 SYSTEMPATH\CodeIgniter.php(502): CodeIgniter\CodeIgniter->runController(Object(App\Controllers\CrmController))
 8 SYSTEMPATH\CodeIgniter.php(361): CodeIgniter\CodeIgniter->handleRequest(null, Object(Config\Cache), false)
 9 FCPATH\index.php(79): CodeIgniter\CodeIgniter->run()
