ERROR - 2024-07-25 13:23:29 --> mysqli_sql_exception: Unknown column 'tg.id_guru' in 'on clause' in C:\xampp\htdocs\project_ta\system\Database\MySQLi\Connection.php:306
Stack trace:
#0 C:\xampp\htdocs\project_ta\system\Database\MySQLi\Connection.php(306): mysqli->query('SELECT `tf`.*, ...', 0)
#1 C:\xampp\htdocs\project_ta\system\Database\BaseConnection.php(693): CodeIgniter\Database\MySQLi\Connection->execute('SELECT `tf`.*, ...')
#2 C:\xampp\htdocs\project_ta\system\Database\BaseConnection.php(607): CodeIgniter\Database\BaseConnection->simpleQuery('SELECT `tf`.*, ...')
#3 C:\xampp\htdocs\project_ta\system\Database\BaseBuilder.php(1615): CodeIgniter\Database\BaseConnection->query('SELECT `tf`.*, ...', Array, false)
#4 C:\xampp\htdocs\project_ta\app\Models\ModelForgot.php(30): CodeIgniter\Database\BaseBuilder->get()
#5 C:\xampp\htdocs\project_ta\app\Controllers\Auth.php(215): App\Models\ModelForgot->get_all_data(NULL)
#6 C:\xampp\htdocs\project_ta\system\CodeIgniter.php(942): App\Controllers\Auth->forgotpassword()
#7 C:\xampp\htdocs\project_ta\system\CodeIgniter.php(502): CodeIgniter\CodeIgniter->runController(Object(App\Controllers\Auth))
#8 C:\xampp\htdocs\project_ta\system\CodeIgniter.php(361): CodeIgniter\CodeIgniter->handleRequest(NULL, Object(Config\Cache), false)
#9 C:\xampp\htdocs\project_ta\index.php(79): CodeIgniter\CodeIgniter->run()
#10 {main}
CRITICAL - 2024-07-25 13:23:29 --> Unknown column 'tg.id_guru' in 'on clause'
in SYSTEMPATH\Database\BaseConnection.php on line 647.
 1 SYSTEMPATH\Database\BaseBuilder.php(1615): CodeIgniter\Database\BaseConnection->query('SELECT `tf`.*, `tu`.`id_users` as `id_user`
FROM `tbl_forgot` `tf`
LEFT JOIN `tbl_users` `tu` ON `tu`.`id_referensi` = `tf`.`id_referensi`
LEFT JOIN `tbl_siswa` `ts` ON `ts`.`nisn` = `tf`.`id_referensi`
LEFT JOIN `tbl_wali` `tw` ON `tw`.`nik` = `tf`.`id_referensi`
LEFT JOIN `tbl_guru` `tg` ON `tg`.`id_guru` = `tf`.`id_referensi`
WHERE COALESCE(ts.nik, tw.nik, tg.nik)', [], false)
 2 APPPATH\Models\ModelForgot.php(30): CodeIgniter\Database\BaseBuilder->get()
 3 APPPATH\Controllers\Auth.php(215): App\Models\ModelForgot->get_all_data(null)
 4 SYSTEMPATH\CodeIgniter.php(942): App\Controllers\Auth->forgotpassword()
 5 SYSTEMPATH\CodeIgniter.php(502): CodeIgniter\CodeIgniter->runController(Object(App\Controllers\Auth))
 6 SYSTEMPATH\CodeIgniter.php(361): CodeIgniter\CodeIgniter->handleRequest(null, Object(Config\Cache), false)
 7 FCPATH\index.php(79): CodeIgniter\CodeIgniter->run()
CRITICAL - 2024-07-25 13:24:35 --> Undefined array key "nik"
in APPPATH\Validation\AuthRules.php on line 30.
 1 APPPATH\Validation\AuthRules.php(30): CodeIgniter\Debug\Exceptions->errorHandler(2, 'Undefined array key "nik"', 'C:\\xampp\\htdocs\\project_ta\\app\\Validation\\AuthRules.php', 30)
 2 SYSTEMPATH\Validation\Validation.php(311): App\Validation\AuthRules->validateExists('egmont12345@gmail.com', 'email', [...], null, 'email')
 3 SYSTEMPATH\Validation\Validation.php(197): CodeIgniter\Validation\Validation->processRules('email', 'email', 'egmont12345@gmail.com', [...], [...])
 4 SYSTEMPATH\Controller.php(152): CodeIgniter\Validation\Validation->run()
 5 APPPATH\Controllers\Auth.php(310): CodeIgniter\Controller->validate([...], [...])
 6 SYSTEMPATH\CodeIgniter.php(942): App\Controllers\Auth->forgotPassword1()
 7 SYSTEMPATH\CodeIgniter.php(502): CodeIgniter\CodeIgniter->runController(Object(App\Controllers\Auth))
 8 SYSTEMPATH\CodeIgniter.php(361): CodeIgniter\CodeIgniter->handleRequest(null, Object(Config\Cache), false)
 9 FCPATH\index.php(79): CodeIgniter\CodeIgniter->run()
CRITICAL - 2024-07-25 13:26:15 --> Call to undefined method App\Libraries\AuthLibrary::GenerateToken()
in APPPATH\Libraries\AuthLibrary.php on line 122.
 1 APPPATH\Controllers\Auth.php(319): App\Libraries\AuthLibrary->Forgotpassword('egmont12345@gmail.com')
 2 SYSTEMPATH\CodeIgniter.php(942): App\Controllers\Auth->forgotPassword1()
 3 SYSTEMPATH\CodeIgniter.php(502): CodeIgniter\CodeIgniter->runController(Object(App\Controllers\Auth))
 4 SYSTEMPATH\CodeIgniter.php(361): CodeIgniter\CodeIgniter->handleRequest(null, Object(Config\Cache), false)
 5 FCPATH\index.php(79): CodeIgniter\CodeIgniter->run()
CRITICAL - 2024-07-25 13:30:08 --> Call to undefined method App\Libraries\AuthLibrary::ResetEmail()
in APPPATH\Libraries\AuthLibrary.php on line 125.
 1 APPPATH\Controllers\Auth.php(319): App\Libraries\AuthLibrary->Forgotpassword('egmont12345@gmail.com')
 2 SYSTEMPATH\CodeIgniter.php(942): App\Controllers\Auth->forgotPassword1()
 3 SYSTEMPATH\CodeIgniter.php(502): CodeIgniter\CodeIgniter->runController(Object(App\Controllers\Auth))
 4 SYSTEMPATH\CodeIgniter.php(361): CodeIgniter\CodeIgniter->handleRequest(null, Object(Config\Cache), false)
 5 FCPATH\index.php(79): CodeIgniter\CodeIgniter->run()
CRITICAL - 2024-07-25 13:31:48 --> Undefined array key "id"
in APPPATH\Libraries\AuthLibrary.php on line 173.
 1 APPPATH\Libraries\AuthLibrary.php(173): CodeIgniter\Debug\Exceptions->errorHandler(2, 'Undefined array key "id"', 'C:\\xampp\\htdocs\\project_ta\\app\\Libraries\\AuthLibrary.php', 173)
 2 APPPATH\Libraries\AuthLibrary.php(125): App\Libraries\AuthLibrary->ResetEmail([...], 'MTNhZGU0MjIyZTlhMDkzN2RhODA=')
 3 APPPATH\Controllers\Auth.php(319): App\Libraries\AuthLibrary->Forgotpassword('egmont12345@gmail.com')
 4 SYSTEMPATH\CodeIgniter.php(942): App\Controllers\Auth->forgotPassword1()
 5 SYSTEMPATH\CodeIgniter.php(502): CodeIgniter\CodeIgniter->runController(Object(App\Controllers\Auth))
 6 SYSTEMPATH\CodeIgniter.php(361): CodeIgniter\CodeIgniter->handleRequest(null, Object(Config\Cache), false)
 7 FCPATH\index.php(79): CodeIgniter\CodeIgniter->run()
CRITICAL - 2024-07-25 13:32:02 --> Undefined property: App\Libraries\AuthLibrary::$emailconfig
in APPPATH\Libraries\AuthLibrary.php on line 186.
 1 APPPATH\Libraries\AuthLibrary.php(186): CodeIgniter\Debug\Exceptions->errorHandler(2, 'Undefined property: App\\Libraries\\AuthLibrary::$emailconfig', 'C:\\xampp\\htdocs\\project_ta\\app\\Libraries\\AuthLibrary.php', 186)
 2 APPPATH\Libraries\AuthLibrary.php(125): App\Libraries\AuthLibrary->ResetEmail([...], 'NGQxYWJmMzViZWU4MmU2ZDJkNjU=')
 3 APPPATH\Controllers\Auth.php(319): App\Libraries\AuthLibrary->Forgotpassword('egmont12345@gmail.com')
 4 SYSTEMPATH\CodeIgniter.php(942): App\Controllers\Auth->forgotPassword1()
 5 SYSTEMPATH\CodeIgniter.php(502): CodeIgniter\CodeIgniter->runController(Object(App\Controllers\Auth))
 6 SYSTEMPATH\CodeIgniter.php(361): CodeIgniter\CodeIgniter->handleRequest(null, Object(Config\Cache), false)
 7 FCPATH\index.php(79): CodeIgniter\CodeIgniter->run()
CRITICAL - 2024-07-25 13:33:18 --> Class "App\Libraries\Email" not found
in APPPATH\Libraries\AuthLibrary.php on line 24.
 1 APPPATH\Controllers\Auth.php(28): App\Libraries\AuthLibrary->__construct()
 2 SYSTEMPATH\CodeIgniter.php(914): App\Controllers\Auth->__construct()
 3 SYSTEMPATH\CodeIgniter.php(493): CodeIgniter\CodeIgniter->createController()
 4 SYSTEMPATH\CodeIgniter.php(361): CodeIgniter\CodeIgniter->handleRequest(null, Object(Config\Cache), false)
 5 FCPATH\index.php(79): CodeIgniter\CodeIgniter->run()
CRITICAL - 2024-07-25 13:34:07 --> Invalid file: "emails/forgotpassword1.php"
in SYSTEMPATH\Exceptions\FrameworkException.php on line 39.
 1 SYSTEMPATH\View\View.php(216): CodeIgniter\Exceptions\FrameworkException::forInvalidFile('emails/forgotpassword1.php')
 2 SYSTEMPATH\Common.php(1190): CodeIgniter\View\View->render('emails/forgotpassword1.php', [], true)
 3 APPPATH\Libraries\SendEmail.php(41): view('emails/forgotpassword1.php', [...])
 4 APPPATH\Libraries\AuthLibrary.php(196): App\Libraries\SendEmail->build([...])
 5 APPPATH\Libraries\AuthLibrary.php(128): App\Libraries\AuthLibrary->ResetEmail([...], 'ZDVkMjRmY2MyZWM1ZTlhYzE1NzE=')
 6 APPPATH\Controllers\Auth.php(319): App\Libraries\AuthLibrary->Forgotpassword('egmont12345@gmail.com')
 7 SYSTEMPATH\CodeIgniter.php(942): App\Controllers\Auth->forgotPassword1()
 8 SYSTEMPATH\CodeIgniter.php(502): CodeIgniter\CodeIgniter->runController(Object(App\Controllers\Auth))
 9 SYSTEMPATH\CodeIgniter.php(361): CodeIgniter\CodeIgniter->handleRequest(null, Object(Config\Cache), false)
10 FCPATH\index.php(79): CodeIgniter\CodeIgniter->run()
CRITICAL - 2024-07-25 13:35:38 --> Undefined variable $firstname
in APPPATH\Views\emails\forgotpassword.php on line 22.
 1 APPPATH\Views\emails\forgotpassword.php(22): CodeIgniter\Debug\Exceptions->errorHandler(2, 'Undefined variable $firstname', 'C:\\xampp\\htdocs\\project_ta\\app\\Views\\emails\\forgotpassword.php', 22)
 2 SYSTEMPATH\View\View.php(228): include('C:\\xampp\\htdocs\\project_ta\\app\\Views\\emails\\forgotpassword.php')
 3 SYSTEMPATH\View\View.php(231): CodeIgniter\View\View->CodeIgniter\View\{closure}()
 4 SYSTEMPATH\Common.php(1190): CodeIgniter\View\View->render('emails/forgotpassword.php', [], true)
 5 APPPATH\Libraries\SendEmail.php(41): view('emails/forgotpassword.php', [...])
 6 APPPATH\Libraries\AuthLibrary.php(196): App\Libraries\SendEmail->build([...])
 7 APPPATH\Libraries\AuthLibrary.php(128): App\Libraries\AuthLibrary->ResetEmail([...], 'MWNjZTY1NWExMWUwODg5MTMxN2U=')
 8 APPPATH\Controllers\Auth.php(319): App\Libraries\AuthLibrary->Forgotpassword('egmont12345@gmail.com')
 9 SYSTEMPATH\CodeIgniter.php(942): App\Controllers\Auth->forgotPassword1()
10 SYSTEMPATH\CodeIgniter.php(502): CodeIgniter\CodeIgniter->runController(Object(App\Controllers\Auth))
11 SYSTEMPATH\CodeIgniter.php(361): CodeIgniter\CodeIgniter->handleRequest(null, Object(Config\Cache), false)
12 FCPATH\index.php(79): CodeIgniter\CodeIgniter->run()
ERROR - 2024-07-25 13:36:29 --> Email: sendWithMail throwed ErrorException: mail(): Failed to connect to mailserver at &quot;localhost&quot; port 25, verify your &quot;SMTP&quot; and &quot;smtp_port&quot; setting in php.ini or use ini_set() in C:\xampp\htdocs\project_ta\system\Email\Email.php:1747
Stack trace:
#0 [internal function]: CodeIgniter\Debug\Exceptions->errorHandler(2, 'mail(): Failed ...', 'C:\\xampp\\htdocs...', 1747)
#1 C:\xampp\htdocs\project_ta\system\Email\Email.php(1747): mail('egmont12345@gma...', '=?UTF-8?Q?Reset...', '<!DOCTYPE html ...', 'Date: Thu, 25 J...')
#2 C:\xampp\htdocs\project_ta\system\Email\Email.php(1684): CodeIgniter\Email\Email->sendWithMail()
#3 C:\xampp\htdocs\project_ta\system\Email\Email.php(1578): CodeIgniter\Email\Email->spoolEmail()
#4 C:\xampp\htdocs\project_ta\app\Libraries\SendEmail.php(43): CodeIgniter\Email\Email->send()
#5 C:\xampp\htdocs\project_ta\app\Libraries\AuthLibrary.php(196): App\Libraries\SendEmail->build(Array)
#6 C:\xampp\htdocs\project_ta\app\Libraries\AuthLibrary.php(128): App\Libraries\AuthLibrary->ResetEmail(Array, 'NjljM2NhODVlYzF...')
#7 C:\xampp\htdocs\project_ta\app\Controllers\Auth.php(319): App\Libraries\AuthLibrary->Forgotpassword('egmont12345@gma...')
#8 C:\xampp\htdocs\project_ta\system\CodeIgniter.php(942): App\Controllers\Auth->forgotPassword1()
#9 C:\xampp\htdocs\project_ta\system\CodeIgniter.php(502): CodeIgniter\CodeIgniter->runController(Object(App\Controllers\Auth))
#10 C:\xampp\htdocs\project_ta\system\CodeIgniter.php(361): CodeIgniter\CodeIgniter->handleRequest(NULL, Object(Config\Cache), false)
#11 C:\xampp\htdocs\project_ta\index.php(79): CodeIgniter\CodeIgniter->run()
#12 {main}
ERROR - 2024-07-25 13:36:29 --> Email: Unable to send email using PHP mail(). Your server might not be configured to send mail using this method.
ERROR - 2024-07-25 13:36:29 --> 
ERROR - 2024-07-25 13:41:28 --> Email: sendWithMail throwed ErrorException: mail(): Failed to connect to mailserver at &quot;localhost&quot; port 25, verify your &quot;SMTP&quot; and &quot;smtp_port&quot; setting in php.ini or use ini_set() in C:\xampp\htdocs\project_ta\system\Email\Email.php:1747
Stack trace:
#0 [internal function]: CodeIgniter\Debug\Exceptions->errorHandler(2, 'mail(): Failed ...', 'C:\\xampp\\htdocs...', 1747)
#1 C:\xampp\htdocs\project_ta\system\Email\Email.php(1747): mail('egmont12345@gma...', '=?UTF-8?Q?Reset...', '<!DOCTYPE html ...', 'Date: Thu, 25 J...')
#2 C:\xampp\htdocs\project_ta\system\Email\Email.php(1684): CodeIgniter\Email\Email->sendWithMail()
#3 C:\xampp\htdocs\project_ta\system\Email\Email.php(1578): CodeIgniter\Email\Email->spoolEmail()
#4 C:\xampp\htdocs\project_ta\app\Libraries\SendEmail.php(43): CodeIgniter\Email\Email->send()
#5 C:\xampp\htdocs\project_ta\app\Libraries\AuthLibrary.php(196): App\Libraries\SendEmail->build(Array)
#6 C:\xampp\htdocs\project_ta\app\Libraries\AuthLibrary.php(128): App\Libraries\AuthLibrary->ResetEmail(Array, 'N2Q2YmE4NjExYmR...')
#7 C:\xampp\htdocs\project_ta\app\Controllers\Auth.php(319): App\Libraries\AuthLibrary->Forgotpassword('egmont12345@gma...')
#8 C:\xampp\htdocs\project_ta\system\CodeIgniter.php(942): App\Controllers\Auth->forgotPassword1()
#9 C:\xampp\htdocs\project_ta\system\CodeIgniter.php(502): CodeIgniter\CodeIgniter->runController(Object(App\Controllers\Auth))
#10 C:\xampp\htdocs\project_ta\system\CodeIgniter.php(361): CodeIgniter\CodeIgniter->handleRequest(NULL, Object(Config\Cache), false)
#11 C:\xampp\htdocs\project_ta\index.php(79): CodeIgniter\CodeIgniter->run()
#12 {main}
ERROR - 2024-07-25 13:41:28 --> Email: Unable to send email using PHP mail(). Your server might not be configured to send mail using this method.
ERROR - 2024-07-25 13:41:28 --> 
ERROR - 2024-07-25 13:54:10 --> Email: sendWithMail throwed ErrorException: mail(): Failed to connect to mailserver at &quot;localhost&quot; port 25, verify your &quot;SMTP&quot; and &quot;smtp_port&quot; setting in php.ini or use ini_set() in C:\xampp\htdocs\project_ta\system\Email\Email.php:1752
Stack trace:
#0 [internal function]: CodeIgniter\Debug\Exceptions->errorHandler(2, 'mail(): Failed ...', 'C:\\xampp\\htdocs...', 1752)
#1 C:\xampp\htdocs\project_ta\system\Email\Email.php(1752): mail('egmont12345@gma...', '=?UTF-8?Q?Reset...', '<!DOCTYPE html ...', 'Date: Thu, 25 J...', '-f egmont12345@...')
#2 C:\xampp\htdocs\project_ta\system\Email\Email.php(1684): CodeIgniter\Email\Email->sendWithMail()
#3 C:\xampp\htdocs\project_ta\system\Email\Email.php(1578): CodeIgniter\Email\Email->spoolEmail()
#4 C:\xampp\htdocs\project_ta\app\Libraries\SendEmail.php(43): CodeIgniter\Email\Email->send()
#5 C:\xampp\htdocs\project_ta\app\Libraries\AuthLibrary.php(196): App\Libraries\SendEmail->build(Array)
#6 C:\xampp\htdocs\project_ta\app\Libraries\AuthLibrary.php(128): App\Libraries\AuthLibrary->ResetEmail(Array, 'NzJmMWUyNmRkNDl...')
#7 C:\xampp\htdocs\project_ta\app\Controllers\Auth.php(319): App\Libraries\AuthLibrary->Forgotpassword('egmont12345@gma...')
#8 C:\xampp\htdocs\project_ta\system\CodeIgniter.php(942): App\Controllers\Auth->forgotPassword1()
#9 C:\xampp\htdocs\project_ta\system\CodeIgniter.php(502): CodeIgniter\CodeIgniter->runController(Object(App\Controllers\Auth))
#10 C:\xampp\htdocs\project_ta\system\CodeIgniter.php(361): CodeIgniter\CodeIgniter->handleRequest(NULL, Object(Config\Cache), false)
#11 C:\xampp\htdocs\project_ta\index.php(79): CodeIgniter\CodeIgniter->run()
#12 {main}
ERROR - 2024-07-25 13:54:10 --> Email: Unable to send email using PHP mail(). Your server might not be configured to send mail using this method.
ERROR - 2024-07-25 13:54:10 --> 
ERROR - 2024-07-25 13:54:19 --> Email: sendWithMail throwed ErrorException: mail(): Failed to connect to mailserver at &quot;localhost&quot; port 25, verify your &quot;SMTP&quot; and &quot;smtp_port&quot; setting in php.ini or use ini_set() in C:\xampp\htdocs\project_ta\system\Email\Email.php:1752
Stack trace:
#0 [internal function]: CodeIgniter\Debug\Exceptions->errorHandler(2, 'mail(): Failed ...', 'C:\\xampp\\htdocs...', 1752)
#1 C:\xampp\htdocs\project_ta\system\Email\Email.php(1752): mail('egmont12345@gma...', '=?UTF-8?Q?Reset...', '<!DOCTYPE html ...', 'Date: Thu, 25 J...', '-f egmont12345@...')
#2 C:\xampp\htdocs\project_ta\system\Email\Email.php(1684): CodeIgniter\Email\Email->sendWithMail()
#3 C:\xampp\htdocs\project_ta\system\Email\Email.php(1578): CodeIgniter\Email\Email->spoolEmail()
#4 C:\xampp\htdocs\project_ta\app\Libraries\SendEmail.php(43): CodeIgniter\Email\Email->send()
#5 C:\xampp\htdocs\project_ta\app\Libraries\AuthLibrary.php(196): App\Libraries\SendEmail->build(Array)
#6 C:\xampp\htdocs\project_ta\app\Libraries\AuthLibrary.php(128): App\Libraries\AuthLibrary->ResetEmail(Array, 'NDcwNTg4OWM4YTY...')
#7 C:\xampp\htdocs\project_ta\app\Controllers\Auth.php(319): App\Libraries\AuthLibrary->Forgotpassword('egmont12345@gma...')
#8 C:\xampp\htdocs\project_ta\system\CodeIgniter.php(942): App\Controllers\Auth->forgotPassword1()
#9 C:\xampp\htdocs\project_ta\system\CodeIgniter.php(502): CodeIgniter\CodeIgniter->runController(Object(App\Controllers\Auth))
#10 C:\xampp\htdocs\project_ta\system\CodeIgniter.php(361): CodeIgniter\CodeIgniter->handleRequest(NULL, Object(Config\Cache), false)
#11 C:\xampp\htdocs\project_ta\index.php(79): CodeIgniter\CodeIgniter->run()
#12 {main}
ERROR - 2024-07-25 13:54:19 --> Email: Unable to send email using PHP mail(). Your server might not be configured to send mail using this method.
ERROR - 2024-07-25 13:54:19 --> 
ERROR - 2024-07-25 13:54:24 --> Email: sendWithMail throwed ErrorException: mail(): Failed to connect to mailserver at &quot;localhost&quot; port 25, verify your &quot;SMTP&quot; and &quot;smtp_port&quot; setting in php.ini or use ini_set() in C:\xampp\htdocs\project_ta\system\Email\Email.php:1752
Stack trace:
#0 [internal function]: CodeIgniter\Debug\Exceptions->errorHandler(2, 'mail(): Failed ...', 'C:\\xampp\\htdocs...', 1752)
#1 C:\xampp\htdocs\project_ta\system\Email\Email.php(1752): mail('egmont12345@gma...', '=?UTF-8?Q?Reset...', '<!DOCTYPE html ...', 'Date: Thu, 25 J...', '-f egmont12345@...')
#2 C:\xampp\htdocs\project_ta\system\Email\Email.php(1684): CodeIgniter\Email\Email->sendWithMail()
#3 C:\xampp\htdocs\project_ta\system\Email\Email.php(1578): CodeIgniter\Email\Email->spoolEmail()
#4 C:\xampp\htdocs\project_ta\app\Libraries\SendEmail.php(43): CodeIgniter\Email\Email->send()
#5 C:\xampp\htdocs\project_ta\app\Libraries\AuthLibrary.php(196): App\Libraries\SendEmail->build(Array)
#6 C:\xampp\htdocs\project_ta\app\Libraries\AuthLibrary.php(128): App\Libraries\AuthLibrary->ResetEmail(Array, 'MjY1ZWYwYmIwZTh...')
#7 C:\xampp\htdocs\project_ta\app\Controllers\Auth.php(319): App\Libraries\AuthLibrary->Forgotpassword('egmont12345@gma...')
#8 C:\xampp\htdocs\project_ta\system\CodeIgniter.php(942): App\Controllers\Auth->forgotPassword1()
#9 C:\xampp\htdocs\project_ta\system\CodeIgniter.php(502): CodeIgniter\CodeIgniter->runController(Object(App\Controllers\Auth))
#10 C:\xampp\htdocs\project_ta\system\CodeIgniter.php(361): CodeIgniter\CodeIgniter->handleRequest(NULL, Object(Config\Cache), false)
#11 C:\xampp\htdocs\project_ta\index.php(79): CodeIgniter\CodeIgniter->run()
#12 {main}
ERROR - 2024-07-25 13:54:24 --> Email: Unable to send email using PHP mail(). Your server might not be configured to send mail using this method.
ERROR - 2024-07-25 13:54:24 --> 
ERROR - 2024-07-25 13:55:53 --> Email: sendWithMail throwed ErrorException: mail(): Failed to connect to mailserver at &quot;localhost&quot; port 25, verify your &quot;SMTP&quot; and &quot;smtp_port&quot; setting in php.ini or use ini_set() in C:\xampp\htdocs\project_ta\system\Email\Email.php:1752
Stack trace:
#0 [internal function]: CodeIgniter\Debug\Exceptions->errorHandler(2, 'mail(): Failed ...', 'C:\\xampp\\htdocs...', 1752)
#1 C:\xampp\htdocs\project_ta\system\Email\Email.php(1752): mail('m35532677@gmail...', '=?UTF-8?Q?Reset...', '<!DOCTYPE html ...', 'Date: Thu, 25 J...', '-f egmont12345@...')
#2 C:\xampp\htdocs\project_ta\system\Email\Email.php(1684): CodeIgniter\Email\Email->sendWithMail()
#3 C:\xampp\htdocs\project_ta\system\Email\Email.php(1578): CodeIgniter\Email\Email->spoolEmail()
#4 C:\xampp\htdocs\project_ta\app\Libraries\SendEmail.php(43): CodeIgniter\Email\Email->send()
#5 C:\xampp\htdocs\project_ta\app\Libraries\AuthLibrary.php(196): App\Libraries\SendEmail->build(Array)
#6 C:\xampp\htdocs\project_ta\app\Libraries\AuthLibrary.php(128): App\Libraries\AuthLibrary->ResetEmail(Array, 'MjdkMjkwNTc3Yzk...')
#7 C:\xampp\htdocs\project_ta\app\Controllers\Auth.php(319): App\Libraries\AuthLibrary->Forgotpassword('m35532677@gmail...')
#8 C:\xampp\htdocs\project_ta\system\CodeIgniter.php(942): App\Controllers\Auth->forgotPassword1()
#9 C:\xampp\htdocs\project_ta\system\CodeIgniter.php(502): CodeIgniter\CodeIgniter->runController(Object(App\Controllers\Auth))
#10 C:\xampp\htdocs\project_ta\system\CodeIgniter.php(361): CodeIgniter\CodeIgniter->handleRequest(NULL, Object(Config\Cache), false)
#11 C:\xampp\htdocs\project_ta\index.php(79): CodeIgniter\CodeIgniter->run()
#12 {main}
ERROR - 2024-07-25 13:55:53 --> Email: Unable to send email using PHP mail(). Your server might not be configured to send mail using this method.
ERROR - 2024-07-25 13:55:53 --> 
ERROR - 2024-07-25 13:57:57 --> Email: sendWithMail throwed ErrorException: mail(): Failed to connect to mailserver at &quot;localhost&quot; port 25, verify your &quot;SMTP&quot; and &quot;smtp_port&quot; setting in php.ini or use ini_set() in C:\xampp\htdocs\project_ta\system\Email\Email.php:1752
Stack trace:
#0 [internal function]: CodeIgniter\Debug\Exceptions->errorHandler(2, 'mail(): Failed ...', 'C:\\xampp\\htdocs...', 1752)
#1 C:\xampp\htdocs\project_ta\system\Email\Email.php(1752): mail('m35532677@gmail...', '=?UTF-8?Q?Reset...', '<!DOCTYPE html ...', 'Date: Thu, 25 J...', '-f egmont12345@...')
#2 C:\xampp\htdocs\project_ta\system\Email\Email.php(1684): CodeIgniter\Email\Email->sendWithMail()
#3 C:\xampp\htdocs\project_ta\system\Email\Email.php(1578): CodeIgniter\Email\Email->spoolEmail()
#4 C:\xampp\htdocs\project_ta\app\Libraries\SendEmail.php(43): CodeIgniter\Email\Email->send()
#5 C:\xampp\htdocs\project_ta\app\Libraries\AuthLibrary.php(196): App\Libraries\SendEmail->build(Array)
#6 C:\xampp\htdocs\project_ta\app\Libraries\AuthLibrary.php(128): App\Libraries\AuthLibrary->ResetEmail(Array, 'Yjg3OGIxYjE5Y2Y...')
#7 C:\xampp\htdocs\project_ta\app\Controllers\Auth.php(319): App\Libraries\AuthLibrary->Forgotpassword('m35532677@gmail...')
#8 C:\xampp\htdocs\project_ta\system\CodeIgniter.php(942): App\Controllers\Auth->forgotPassword1()
#9 C:\xampp\htdocs\project_ta\system\CodeIgniter.php(502): CodeIgniter\CodeIgniter->runController(Object(App\Controllers\Auth))
#10 C:\xampp\htdocs\project_ta\system\CodeIgniter.php(361): CodeIgniter\CodeIgniter->handleRequest(NULL, Object(Config\Cache), false)
#11 C:\xampp\htdocs\project_ta\index.php(79): CodeIgniter\CodeIgniter->run()
#12 {main}
ERROR - 2024-07-25 13:57:57 --> Email: Unable to send email using PHP mail(). Your server might not be configured to send mail using this method.
ERROR - 2024-07-25 13:57:57 --> 
ERROR - 2024-07-25 13:58:04 --> Email: sendWithMail throwed ErrorException: mail(): Failed to connect to mailserver at &quot;localhost&quot; port 25, verify your &quot;SMTP&quot; and &quot;smtp_port&quot; setting in php.ini or use ini_set() in C:\xampp\htdocs\project_ta\system\Email\Email.php:1752
Stack trace:
#0 [internal function]: CodeIgniter\Debug\Exceptions->errorHandler(2, 'mail(): Failed ...', 'C:\\xampp\\htdocs...', 1752)
#1 C:\xampp\htdocs\project_ta\system\Email\Email.php(1752): mail('m35532677@gmail...', '=?UTF-8?Q?Reset...', '<!DOCTYPE html ...', 'Date: Thu, 25 J...', '-f egmont12345@...')
#2 C:\xampp\htdocs\project_ta\system\Email\Email.php(1684): CodeIgniter\Email\Email->sendWithMail()
#3 C:\xampp\htdocs\project_ta\system\Email\Email.php(1578): CodeIgniter\Email\Email->spoolEmail()
#4 C:\xampp\htdocs\project_ta\app\Libraries\SendEmail.php(43): CodeIgniter\Email\Email->send()
#5 C:\xampp\htdocs\project_ta\app\Libraries\AuthLibrary.php(196): App\Libraries\SendEmail->build(Array)
#6 C:\xampp\htdocs\project_ta\app\Libraries\AuthLibrary.php(128): App\Libraries\AuthLibrary->ResetEmail(Array, 'NTA0MDQzMjZjN2Z...')
#7 C:\xampp\htdocs\project_ta\app\Controllers\Auth.php(319): App\Libraries\AuthLibrary->Forgotpassword('m35532677@gmail...')
#8 C:\xampp\htdocs\project_ta\system\CodeIgniter.php(942): App\Controllers\Auth->forgotPassword1()
#9 C:\xampp\htdocs\project_ta\system\CodeIgniter.php(502): CodeIgniter\CodeIgniter->runController(Object(App\Controllers\Auth))
#10 C:\xampp\htdocs\project_ta\system\CodeIgniter.php(361): CodeIgniter\CodeIgniter->handleRequest(NULL, Object(Config\Cache), false)
#11 C:\xampp\htdocs\project_ta\index.php(79): CodeIgniter\CodeIgniter->run()
#12 {main}
ERROR - 2024-07-25 13:58:04 --> Email: Unable to send email using PHP mail(). Your server might not be configured to send mail using this method.
ERROR - 2024-07-25 13:58:04 --> 
ERROR - 2024-07-25 13:58:24 --> Email: sendWithMail throwed ErrorException: mail(): Failed to connect to mailserver at &quot;localhost&quot; port 25, verify your &quot;SMTP&quot; and &quot;smtp_port&quot; setting in php.ini or use ini_set() in C:\xampp\htdocs\project_ta\system\Email\Email.php:1752
Stack trace:
#0 [internal function]: CodeIgniter\Debug\Exceptions->errorHandler(2, 'mail(): Failed ...', 'C:\\xampp\\htdocs...', 1752)
#1 C:\xampp\htdocs\project_ta\system\Email\Email.php(1752): mail('m35532677@gmail...', '=?UTF-8?Q?Reset...', '<!DOCTYPE html ...', 'Date: Thu, 25 J...', '-f egmont12345@...')
#2 C:\xampp\htdocs\project_ta\system\Email\Email.php(1684): CodeIgniter\Email\Email->sendWithMail()
#3 C:\xampp\htdocs\project_ta\system\Email\Email.php(1578): CodeIgniter\Email\Email->spoolEmail()
#4 C:\xampp\htdocs\project_ta\app\Libraries\SendEmail.php(43): CodeIgniter\Email\Email->send()
#5 C:\xampp\htdocs\project_ta\app\Libraries\AuthLibrary.php(196): App\Libraries\SendEmail->build(Array)
#6 C:\xampp\htdocs\project_ta\app\Libraries\AuthLibrary.php(128): App\Libraries\AuthLibrary->ResetEmail(Array, 'NThmM2NiMmIyNzE...')
#7 C:\xampp\htdocs\project_ta\app\Controllers\Auth.php(319): App\Libraries\AuthLibrary->Forgotpassword('m35532677@gmail...')
#8 C:\xampp\htdocs\project_ta\system\CodeIgniter.php(942): App\Controllers\Auth->forgotPassword1()
#9 C:\xampp\htdocs\project_ta\system\CodeIgniter.php(502): CodeIgniter\CodeIgniter->runController(Object(App\Controllers\Auth))
#10 C:\xampp\htdocs\project_ta\system\CodeIgniter.php(361): CodeIgniter\CodeIgniter->handleRequest(NULL, Object(Config\Cache), false)
#11 C:\xampp\htdocs\project_ta\index.php(79): CodeIgniter\CodeIgniter->run()
#12 {main}
ERROR - 2024-07-25 13:58:24 --> Email: Unable to send email using PHP mail(). Your server might not be configured to send mail using this method.
ERROR - 2024-07-25 13:58:24 --> 
ERROR - 2024-07-25 13:58:39 --> Email: sendWithMail throwed ErrorException: mail(): Failed to connect to mailserver at &quot;localhost&quot; port 25, verify your &quot;SMTP&quot; and &quot;smtp_port&quot; setting in php.ini or use ini_set() in C:\xampp\htdocs\project_ta\system\Email\Email.php:1752
Stack trace:
#0 [internal function]: CodeIgniter\Debug\Exceptions->errorHandler(2, 'mail(): Failed ...', 'C:\\xampp\\htdocs...', 1752)
#1 C:\xampp\htdocs\project_ta\system\Email\Email.php(1752): mail('m35532677@gmail...', '=?UTF-8?Q?Reset...', '<!DOCTYPE html ...', 'Date: Thu, 25 J...', '-f egmont12345@...')
#2 C:\xampp\htdocs\project_ta\system\Email\Email.php(1684): CodeIgniter\Email\Email->sendWithMail()
#3 C:\xampp\htdocs\project_ta\system\Email\Email.php(1578): CodeIgniter\Email\Email->spoolEmail()
#4 C:\xampp\htdocs\project_ta\app\Libraries\SendEmail.php(43): CodeIgniter\Email\Email->send()
#5 C:\xampp\htdocs\project_ta\app\Libraries\AuthLibrary.php(196): App\Libraries\SendEmail->build(Array)
#6 C:\xampp\htdocs\project_ta\app\Libraries\AuthLibrary.php(128): App\Libraries\AuthLibrary->ResetEmail(Array, 'NGI2NjJjNDkzNzU...')
#7 C:\xampp\htdocs\project_ta\app\Controllers\Auth.php(319): App\Libraries\AuthLibrary->Forgotpassword('m35532677@gmail...')
#8 C:\xampp\htdocs\project_ta\system\CodeIgniter.php(942): App\Controllers\Auth->forgotPassword1()
#9 C:\xampp\htdocs\project_ta\system\CodeIgniter.php(502): CodeIgniter\CodeIgniter->runController(Object(App\Controllers\Auth))
#10 C:\xampp\htdocs\project_ta\system\CodeIgniter.php(361): CodeIgniter\CodeIgniter->handleRequest(NULL, Object(Config\Cache), false)
#11 C:\xampp\htdocs\project_ta\index.php(79): CodeIgniter\CodeIgniter->run()
#12 {main}
ERROR - 2024-07-25 13:58:39 --> Email: Unable to send email using PHP mail(). Your server might not be configured to send mail using this method.
ERROR - 2024-07-25 13:58:39 --> 
ERROR - 2024-07-25 14:29:35 --> Email: sendWithSmtp throwed ErrorException: fsockopen(): Unable to connect to smtp.gmail.com:587 (A connection attempt failed because the connected party did not properly respond after a period of time, or established connection failed because connected host has failed to respond) in C:\xampp\htdocs\project_ta\system\Email\Email.php:1891
Stack trace:
#0 [internal function]: CodeIgniter\Debug\Exceptions->errorHandler(2, 'fsockopen(): Un...', 'C:\\xampp\\htdocs...', 1891)
#1 C:\xampp\htdocs\project_ta\system\Email\Email.php(1891): fsockopen('smtp.gmail.com', 587, NULL, NULL, 5)
#2 C:\xampp\htdocs\project_ta\system\Email\Email.php(1799): CodeIgniter\Email\Email->SMTPConnect()
#3 C:\xampp\htdocs\project_ta\system\Email\Email.php(1684): CodeIgniter\Email\Email->sendWithSmtp()
#4 C:\xampp\htdocs\project_ta\system\Email\Email.php(1578): CodeIgniter\Email\Email->spoolEmail()
#5 C:\xampp\htdocs\project_ta\app\Libraries\SendEmail.php(43): CodeIgniter\Email\Email->send()
#6 C:\xampp\htdocs\project_ta\app\Libraries\AuthLibrary.php(196): App\Libraries\SendEmail->build(Array)
#7 C:\xampp\htdocs\project_ta\app\Libraries\AuthLibrary.php(128): App\Libraries\AuthLibrary->ResetEmail(Array, 'MWMxMGFkNTZlM2F...')
#8 C:\xampp\htdocs\project_ta\app\Controllers\Auth.php(319): App\Libraries\AuthLibrary->Forgotpassword('m35532677@gmail...')
#9 C:\xampp\htdocs\project_ta\system\CodeIgniter.php(942): App\Controllers\Auth->forgotPassword1()
#10 C:\xampp\htdocs\project_ta\system\CodeIgniter.php(502): CodeIgniter\CodeIgniter->runController(Object(App\Controllers\Auth))
#11 C:\xampp\htdocs\project_ta\system\CodeIgniter.php(361): CodeIgniter\CodeIgniter->handleRequest(NULL, Object(Config\Cache), false)
#12 C:\xampp\htdocs\project_ta\index.php(79): CodeIgniter\CodeIgniter->run()
#13 {main}
ERROR - 2024-07-25 14:29:35 --> Email: Unable to send email using SMTP. Your server might not be configured to send mail using this method.
ERROR - 2024-07-25 14:29:35 --> 
ERROR - 2024-07-25 14:29:46 --> Email: sendWithSmtp throwed ErrorException: fsockopen(): Unable to connect to smtp.gmail.com:587 (A connection attempt failed because the connected party did not properly respond after a period of time, or established connection failed because connected host has failed to respond) in C:\xampp\htdocs\project_ta\system\Email\Email.php:1891
Stack trace:
#0 [internal function]: CodeIgniter\Debug\Exceptions->errorHandler(2, 'fsockopen(): Un...', 'C:\\xampp\\htdocs...', 1891)
#1 C:\xampp\htdocs\project_ta\system\Email\Email.php(1891): fsockopen('smtp.gmail.com', 587, NULL, NULL, 5)
#2 C:\xampp\htdocs\project_ta\system\Email\Email.php(1799): CodeIgniter\Email\Email->SMTPConnect()
#3 C:\xampp\htdocs\project_ta\system\Email\Email.php(1684): CodeIgniter\Email\Email->sendWithSmtp()
#4 C:\xampp\htdocs\project_ta\system\Email\Email.php(1578): CodeIgniter\Email\Email->spoolEmail()
#5 C:\xampp\htdocs\project_ta\app\Libraries\SendEmail.php(43): CodeIgniter\Email\Email->send()
#6 C:\xampp\htdocs\project_ta\app\Libraries\AuthLibrary.php(196): App\Libraries\SendEmail->build(Array)
#7 C:\xampp\htdocs\project_ta\app\Libraries\AuthLibrary.php(128): App\Libraries\AuthLibrary->ResetEmail(Array, 'Yjg5OWNiOWQwMzY...')
#8 C:\xampp\htdocs\project_ta\app\Controllers\Auth.php(319): App\Libraries\AuthLibrary->Forgotpassword('m35532677@gmail...')
#9 C:\xampp\htdocs\project_ta\system\CodeIgniter.php(942): App\Controllers\Auth->forgotPassword1()
#10 C:\xampp\htdocs\project_ta\system\CodeIgniter.php(502): CodeIgniter\CodeIgniter->runController(Object(App\Controllers\Auth))
#11 C:\xampp\htdocs\project_ta\system\CodeIgniter.php(361): CodeIgniter\CodeIgniter->handleRequest(NULL, Object(Config\Cache), false)
#12 C:\xampp\htdocs\project_ta\index.php(79): CodeIgniter\CodeIgniter->run()
#13 {main}
ERROR - 2024-07-25 14:29:46 --> Email: Unable to send email using SMTP. Your server might not be configured to send mail using this method.
ERROR - 2024-07-25 14:29:46 --> 
ERROR - 2024-07-25 14:34:22 --> Email: sendWithSmtp throwed ErrorException: fsockopen(): Unable to connect to ssl://gmail.com:465 (A connection attempt failed because the connected party did not properly respond after a period of time, or established connection failed because connected host has failed to respond) in C:\xampp\htdocs\project_ta\system\Email\Email.php:1891
Stack trace:
#0 [internal function]: CodeIgniter\Debug\Exceptions->errorHandler(2, 'fsockopen(): Un...', 'C:\\xampp\\htdocs...', 1891)
#1 C:\xampp\htdocs\project_ta\system\Email\Email.php(1891): fsockopen('ssl://gmail.com', 465, NULL, NULL, 5)
#2 C:\xampp\htdocs\project_ta\system\Email\Email.php(1799): CodeIgniter\Email\Email->SMTPConnect()
#3 C:\xampp\htdocs\project_ta\system\Email\Email.php(1684): CodeIgniter\Email\Email->sendWithSmtp()
#4 C:\xampp\htdocs\project_ta\system\Email\Email.php(1578): CodeIgniter\Email\Email->spoolEmail()
#5 C:\xampp\htdocs\project_ta\app\Libraries\SendEmail.php(43): CodeIgniter\Email\Email->send()
#6 C:\xampp\htdocs\project_ta\app\Libraries\AuthLibrary.php(196): App\Libraries\SendEmail->build(Array)
#7 C:\xampp\htdocs\project_ta\app\Libraries\AuthLibrary.php(128): App\Libraries\AuthLibrary->ResetEmail(Array, 'NDRkNWZmMWYyMmM...')
#8 C:\xampp\htdocs\project_ta\app\Controllers\Auth.php(319): App\Libraries\AuthLibrary->Forgotpassword('m35532677@gmail...')
#9 C:\xampp\htdocs\project_ta\system\CodeIgniter.php(942): App\Controllers\Auth->forgotPassword1()
#10 C:\xampp\htdocs\project_ta\system\CodeIgniter.php(502): CodeIgniter\CodeIgniter->runController(Object(App\Controllers\Auth))
#11 C:\xampp\htdocs\project_ta\system\CodeIgniter.php(361): CodeIgniter\CodeIgniter->handleRequest(NULL, Object(Config\Cache), false)
#12 C:\xampp\htdocs\project_ta\index.php(79): CodeIgniter\CodeIgniter->run()
#13 {main}
ERROR - 2024-07-25 14:34:22 --> Email: Unable to send email using SMTP. Your server might not be configured to send mail using this method.
ERROR - 2024-07-25 14:34:22 --> 
ERROR - 2024-07-25 14:34:30 --> Email: sendWithSmtp throwed ErrorException: fsockopen(): Unable to connect to ssl://gmail.com:465 (A connection attempt failed because the connected party did not properly respond after a period of time, or established connection failed because connected host has failed to respond) in C:\xampp\htdocs\project_ta\system\Email\Email.php:1891
Stack trace:
#0 [internal function]: CodeIgniter\Debug\Exceptions->errorHandler(2, 'fsockopen(): Un...', 'C:\\xampp\\htdocs...', 1891)
#1 C:\xampp\htdocs\project_ta\system\Email\Email.php(1891): fsockopen('ssl://gmail.com', 465, NULL, NULL, 5)
#2 C:\xampp\htdocs\project_ta\system\Email\Email.php(1799): CodeIgniter\Email\Email->SMTPConnect()
#3 C:\xampp\htdocs\project_ta\system\Email\Email.php(1684): CodeIgniter\Email\Email->sendWithSmtp()
#4 C:\xampp\htdocs\project_ta\system\Email\Email.php(1578): CodeIgniter\Email\Email->spoolEmail()
#5 C:\xampp\htdocs\project_ta\app\Libraries\SendEmail.php(43): CodeIgniter\Email\Email->send()
#6 C:\xampp\htdocs\project_ta\app\Libraries\AuthLibrary.php(196): App\Libraries\SendEmail->build(Array)
#7 C:\xampp\htdocs\project_ta\app\Libraries\AuthLibrary.php(128): App\Libraries\AuthLibrary->ResetEmail(Array, 'ZGZjNjIwODI4NWQ...')
#8 C:\xampp\htdocs\project_ta\app\Controllers\Auth.php(319): App\Libraries\AuthLibrary->Forgotpassword('m35532677@gmail...')
#9 C:\xampp\htdocs\project_ta\system\CodeIgniter.php(942): App\Controllers\Auth->forgotPassword1()
#10 C:\xampp\htdocs\project_ta\system\CodeIgniter.php(502): CodeIgniter\CodeIgniter->runController(Object(App\Controllers\Auth))
#11 C:\xampp\htdocs\project_ta\system\CodeIgniter.php(361): CodeIgniter\CodeIgniter->handleRequest(NULL, Object(Config\Cache), false)
#12 C:\xampp\htdocs\project_ta\index.php(79): CodeIgniter\CodeIgniter->run()
#13 {main}
ERROR - 2024-07-25 14:34:30 --> Email: Unable to send email using SMTP. Your server might not be configured to send mail using this method.
ERROR - 2024-07-25 14:34:30 --> 
CRITICAL - 2024-07-25 14:40:21 --> Invalid file: "viewKirimEmail.php"
in SYSTEMPATH\Exceptions\FrameworkException.php on line 39.
 1 SYSTEMPATH\View\View.php(216): CodeIgniter\Exceptions\FrameworkException::forInvalidFile('viewKirimEmail.php')
 2 SYSTEMPATH\Common.php(1190): CodeIgniter\View\View->render('viewKirimEmail', [], true)
 3 APPPATH\Controllers\Auth.php(345): view('viewKirimEmail')
 4 SYSTEMPATH\CodeIgniter.php(942): App\Controllers\Auth->viewKirimEmail()
 5 SYSTEMPATH\CodeIgniter.php(502): CodeIgniter\CodeIgniter->runController(Object(App\Controllers\Auth))
 6 SYSTEMPATH\CodeIgniter.php(361): CodeIgniter\CodeIgniter->handleRequest(null, Object(Config\Cache), false)
 7 FCPATH\index.php(79): CodeIgniter\CodeIgniter->run()
ERROR - 2024-07-25 14:41:05 --> Email: sendWithSmtp throwed ErrorException: fsockopen(): Unable to connect to ssl://gmail.com:465 (A connection attempt failed because the connected party did not properly respond after a period of time, or established connection failed because connected host has failed to respond) in C:\xampp\htdocs\project_ta\system\Email\Email.php:1891
Stack trace:
#0 [internal function]: CodeIgniter\Debug\Exceptions->errorHandler(2, 'fsockopen(): Un...', 'C:\\xampp\\htdocs...', 1891)
#1 C:\xampp\htdocs\project_ta\system\Email\Email.php(1891): fsockopen('ssl://gmail.com', 465, NULL, NULL, 5)
#2 C:\xampp\htdocs\project_ta\system\Email\Email.php(1799): CodeIgniter\Email\Email->SMTPConnect()
#3 C:\xampp\htdocs\project_ta\system\Email\Email.php(1684): CodeIgniter\Email\Email->sendWithSmtp()
#4 C:\xampp\htdocs\project_ta\system\Email\Email.php(1578): CodeIgniter\Email\Email->spoolEmail()
#5 C:\xampp\htdocs\project_ta\app\Controllers\Auth.php(340): CodeIgniter\Email\Email->send()
#6 C:\xampp\htdocs\project_ta\system\CodeIgniter.php(942): App\Controllers\Auth->kirimEmail()
#7 C:\xampp\htdocs\project_ta\system\CodeIgniter.php(502): CodeIgniter\CodeIgniter->runController(Object(App\Controllers\Auth))
#8 C:\xampp\htdocs\project_ta\system\CodeIgniter.php(361): CodeIgniter\CodeIgniter->handleRequest(NULL, Object(Config\Cache), false)
#9 C:\xampp\htdocs\project_ta\index.php(79): CodeIgniter\CodeIgniter->run()
#10 {main}
ERROR - 2024-07-25 14:41:05 --> Email: Unable to send email using SMTP. Your server might not be configured to send mail using this method.
ERROR - 2024-07-25 14:41:05 --> 
ERROR - 2024-07-25 14:44:18 --> Email: sendWithSmtp throwed ErrorException: fsockopen(): Unable to connect to ssl://gmail.com:465 (A connection attempt failed because the connected party did not properly respond after a period of time, or established connection failed because connected host has failed to respond) in C:\xampp\htdocs\project_ta\system\Email\Email.php:1891
Stack trace:
#0 [internal function]: CodeIgniter\Debug\Exceptions->errorHandler(2, 'fsockopen(): Un...', 'C:\\xampp\\htdocs...', 1891)
#1 C:\xampp\htdocs\project_ta\system\Email\Email.php(1891): fsockopen('ssl://gmail.com', 465, NULL, NULL, 5)
#2 C:\xampp\htdocs\project_ta\system\Email\Email.php(1799): CodeIgniter\Email\Email->SMTPConnect()
#3 C:\xampp\htdocs\project_ta\system\Email\Email.php(1684): CodeIgniter\Email\Email->sendWithSmtp()
#4 C:\xampp\htdocs\project_ta\system\Email\Email.php(1578): CodeIgniter\Email\Email->spoolEmail()
#5 C:\xampp\htdocs\project_ta\app\Controllers\Auth.php(340): CodeIgniter\Email\Email->send()
#6 C:\xampp\htdocs\project_ta\system\CodeIgniter.php(942): App\Controllers\Auth->kirimEmail()
#7 C:\xampp\htdocs\project_ta\system\CodeIgniter.php(502): CodeIgniter\CodeIgniter->runController(Object(App\Controllers\Auth))
#8 C:\xampp\htdocs\project_ta\system\CodeIgniter.php(361): CodeIgniter\CodeIgniter->handleRequest(NULL, Object(Config\Cache), false)
#9 C:\xampp\htdocs\project_ta\index.php(79): CodeIgniter\CodeIgniter->run()
#10 {main}
ERROR - 2024-07-25 14:44:18 --> Email: Unable to send email using SMTP. Your server might not be configured to send mail using this method.
ERROR - 2024-07-25 14:44:18 --> 
ERROR - 2024-07-25 15:04:32 --> Email: sendWithSmtp throwed ErrorException: foreach() argument must be of type array|object, string given in C:\xampp\htdocs\project_ta\system\Email\Email.php:1809
Stack trace:
#0 C:\xampp\htdocs\project_ta\system\Email\Email.php(1809): CodeIgniter\Debug\Exceptions->errorHandler(2, 'foreach() argum...', 'C:\\xampp\\htdocs...', 1809)
#1 C:\xampp\htdocs\project_ta\system\Email\Email.php(1684): CodeIgniter\Email\Email->sendWithSmtp()
#2 C:\xampp\htdocs\project_ta\system\Email\Email.php(1578): CodeIgniter\Email\Email->spoolEmail()
#3 C:\xampp\htdocs\project_ta\app\Controllers\Auth.php(340): CodeIgniter\Email\Email->send()
#4 C:\xampp\htdocs\project_ta\system\CodeIgniter.php(942): App\Controllers\Auth->kirimEmail()
#5 C:\xampp\htdocs\project_ta\system\CodeIgniter.php(502): CodeIgniter\CodeIgniter->runController(Object(App\Controllers\Auth))
#6 C:\xampp\htdocs\project_ta\system\CodeIgniter.php(361): CodeIgniter\CodeIgniter->handleRequest(NULL, Object(Config\Cache), false)
#7 C:\xampp\htdocs\project_ta\index.php(79): CodeIgniter\CodeIgniter->run()
#8 {main}
ERROR - 2024-07-25 15:04:32 --> Email: Unable to send email using SMTP. Your server might not be configured to send mail using this method.
ERROR - 2024-07-25 15:04:32 --> 220 SJ0P220CA0010.outlook.office365.com Microsoft ESMTP MAIL Service ready at Thu, 25 Jul 2024 15:04:23 +0000 [08DCAB6D5F14DE2F]

hello: 250-SJ0P220CA0010.outlook.office365.com Hello [104.28.209.30]
250-SIZE 157286400
250-PIPELINING
250-DSN
250-ENHANCEDSTATUSCODES
250-STARTTLS
250-8BITMIME
250-BINARYMIME
250-CHUNKING
250 SMTPUTF8

starttls: 220 2.0.0 SMTP server ready

hello: 250-SJ0P220CA0010.outlook.office365.com Hello [104.28.209.30]
250-SIZE 157286400
250-PIPELINING
250-DSN
250-ENHANCEDSTATUSCODES
250-AUTH LOGIN XOAUTH2
250-8BITMIME
250-BINARYMIME
250-CHUNKING
250 SMTPUTF8

from: 250 2.1.0 Sender OK

ERROR - 2024-07-25 15:20:34 --> Email: sendWithSmtp throwed ErrorException: fsockopen(): SSL operation failed with code 1. OpenSSL Error messages:
error:1408F10B:SSL routines:ssl3_get_record:wrong version number in C:\xampp\htdocs\project_ta\system\Email\Email.php:1891
Stack trace:
#0 [internal function]: CodeIgniter\Debug\Exceptions->errorHandler(2, 'fsockopen(): SS...', 'C:\\xampp\\htdocs...', 1891)
#1 C:\xampp\htdocs\project_ta\system\Email\Email.php(1891): fsockopen('tls://sandbox.s...', 465, NULL, NULL, 5)
#2 C:\xampp\htdocs\project_ta\system\Email\Email.php(1799): CodeIgniter\Email\Email->SMTPConnect()
#3 C:\xampp\htdocs\project_ta\system\Email\Email.php(1684): CodeIgniter\Email\Email->sendWithSmtp()
#4 C:\xampp\htdocs\project_ta\system\Email\Email.php(1578): CodeIgniter\Email\Email->spoolEmail()
#5 C:\xampp\htdocs\project_ta\app\Controllers\Auth.php(340): CodeIgniter\Email\Email->send()
#6 C:\xampp\htdocs\project_ta\system\CodeIgniter.php(942): App\Controllers\Auth->kirimEmail()
#7 C:\xampp\htdocs\project_ta\system\CodeIgniter.php(502): CodeIgniter\CodeIgniter->runController(Object(App\Controllers\Auth))
#8 C:\xampp\htdocs\project_ta\system\CodeIgniter.php(361): CodeIgniter\CodeIgniter->handleRequest(NULL, Object(Config\Cache), false)
#9 C:\xampp\htdocs\project_ta\index.php(79): CodeIgniter\CodeIgniter->run()
#10 {main}
ERROR - 2024-07-25 15:20:34 --> Email: Unable to send email using SMTP. Your server might not be configured to send mail using this method.
ERROR - 2024-07-25 15:20:34 --> 
CRITICAL - 2024-07-25 16:36:16 --> Invalid file: "layout_user/header.php"
in SYSTEMPATH\Exceptions\FrameworkException.php on line 39.
 1 SYSTEMPATH\View\View.php(216): CodeIgniter\Exceptions\FrameworkException::forInvalidFile('layout_user/header.php')
 2 SYSTEMPATH\View\View.php(244): CodeIgniter\View\View->render('layout_user/header', [], true)
 3 SYSTEMPATH\Common.php(1190): CodeIgniter\View\View->render('lupaPassword', [], true)
 4 APPPATH\Controllers\Auth.php(345): view('lupaPassword')
 5 SYSTEMPATH\CodeIgniter.php(942): App\Controllers\Auth->lupaPassword()
 6 SYSTEMPATH\CodeIgniter.php(502): CodeIgniter\CodeIgniter->runController(Object(App\Controllers\Auth))
 7 SYSTEMPATH\CodeIgniter.php(361): CodeIgniter\CodeIgniter->handleRequest(null, Object(Config\Cache), false)
 8 FCPATH\index.php(79): CodeIgniter\CodeIgniter->run()
CRITICAL - 2024-07-25 16:36:19 --> Undefined variable $title
in APPPATH\Views\layout_user\master.php on line 10.
 1 APPPATH\Views\layout_user\master.php(10): CodeIgniter\Debug\Exceptions->errorHandler(2, 'Undefined variable $title', 'C:\\xampp\\htdocs\\project_ta\\app\\Views\\layout_user\\master.php', 10)
 2 SYSTEMPATH\View\View.php(228): include('C:\\xampp\\htdocs\\project_ta\\app\\Views\\layout_user\\master.php')
 3 SYSTEMPATH\View\View.php(231): CodeIgniter\View\View->CodeIgniter\View\{closure}()
 4 SYSTEMPATH\View\View.php(244): CodeIgniter\View\View->render('layout_user/master', [], true)
 5 SYSTEMPATH\Common.php(1190): CodeIgniter\View\View->render('lupaPassword', [], true)
 6 APPPATH\Controllers\Auth.php(345): view('lupaPassword')
 7 SYSTEMPATH\CodeIgniter.php(942): App\Controllers\Auth->lupaPassword()
 8 SYSTEMPATH\CodeIgniter.php(502): CodeIgniter\CodeIgniter->runController(Object(App\Controllers\Auth))
 9 SYSTEMPATH\CodeIgniter.php(361): CodeIgniter\CodeIgniter->handleRequest(null, Object(Config\Cache), false)
10 FCPATH\index.php(79): CodeIgniter\CodeIgniter->run()
CRITICAL - 2024-07-25 16:36:46 --> Undefined variable $menu
in APPPATH\Views\layout_user\breadcrumb.php on line 20.
 1 APPPATH\Views\layout_user\breadcrumb.php(20): CodeIgniter\Debug\Exceptions->errorHandler(2, 'Undefined variable $menu', 'C:\\xampp\\htdocs\\project_ta\\app\\Views\\layout_user\\breadcrumb.php', 20)
 2 SYSTEMPATH\View\View.php(228): include('C:\\xampp\\htdocs\\project_ta\\app\\Views\\layout_user\\breadcrumb.php')
 3 SYSTEMPATH\View\View.php(231): CodeIgniter\View\View->CodeIgniter\View\{closure}()
 4 SYSTEMPATH\View\View.php(469): CodeIgniter\View\View->render('layout_user/breadcrumb', null, true)
 5 APPPATH\Views\layout_user\master.php(74): CodeIgniter\View\View->include('layout_user/breadcrumb')
 6 SYSTEMPATH\View\View.php(228): include('C:\\xampp\\htdocs\\project_ta\\app\\Views\\layout_user\\master.php')
 7 SYSTEMPATH\View\View.php(231): CodeIgniter\View\View->CodeIgniter\View\{closure}()
 8 SYSTEMPATH\View\View.php(244): CodeIgniter\View\View->render('layout_user/master', [], true)
 9 SYSTEMPATH\Common.php(1190): CodeIgniter\View\View->render('lupaPassword', [], true)
10 APPPATH\Controllers\Auth.php(348): view('lupaPassword', [...])
11 SYSTEMPATH\CodeIgniter.php(942): App\Controllers\Auth->lupaPassword()
12 SYSTEMPATH\CodeIgniter.php(502): CodeIgniter\CodeIgniter->runController(Object(App\Controllers\Auth))
13 SYSTEMPATH\CodeIgniter.php(361): CodeIgniter\CodeIgniter->handleRequest(null, Object(Config\Cache), false)
14 FCPATH\index.php(79): CodeIgniter\CodeIgniter->run()
CRITICAL - 2024-07-25 18:21:14 --> Undefined variable $model
in APPPATH\Controllers\Auth.php on line 297.
 1 APPPATH\Controllers\Auth.php(297): CodeIgniter\Debug\Exceptions->errorHandler(2, 'Undefined variable $model', 'C:\\xampp\\htdocs\\project_ta\\app\\Controllers\\Auth.php', 297)
 2 SYSTEMPATH\CodeIgniter.php(942): App\Controllers\Auth->forgotPassword1()
 3 SYSTEMPATH\CodeIgniter.php(502): CodeIgniter\CodeIgniter->runController(Object(App\Controllers\Auth))
 4 SYSTEMPATH\CodeIgniter.php(361): CodeIgniter\CodeIgniter->handleRequest(null, Object(Config\Cache), false)
 5 FCPATH\index.php(79): CodeIgniter\CodeIgniter->run()
CRITICAL - 2024-07-25 18:21:46 --> Undefined variable $data
in APPPATH\Controllers\Auth.php on line 297.
 1 APPPATH\Controllers\Auth.php(297): CodeIgniter\Debug\Exceptions->errorHandler(2, 'Undefined variable $data', 'C:\\xampp\\htdocs\\project_ta\\app\\Controllers\\Auth.php', 297)
 2 SYSTEMPATH\CodeIgniter.php(942): App\Controllers\Auth->forgotPassword1()
 3 SYSTEMPATH\CodeIgniter.php(502): CodeIgniter\CodeIgniter->runController(Object(App\Controllers\Auth))
 4 SYSTEMPATH\CodeIgniter.php(361): CodeIgniter\CodeIgniter->handleRequest(null, Object(Config\Cache), false)
 5 FCPATH\index.php(79): CodeIgniter\CodeIgniter->run()
CRITICAL - 2024-07-25 18:37:20 --> Trying to access array offset on value of type null
in APPPATH\Libraries\AuthLibrary.php on line 159.
 1 APPPATH\Libraries\AuthLibrary.php(159): CodeIgniter\Debug\Exceptions->errorHandler(2, 'Trying to access array offset on value of type null', 'C:\\xampp\\htdocs\\project_ta\\app\\Libraries\\AuthLibrary.php', 159)
 2 APPPATH\Libraries\AuthLibrary.php(125): App\Libraries\AuthLibrary->GenerateToken(null, 'reset_token')
 3 APPPATH\Controllers\Auth.php(306): App\Libraries\AuthLibrary->Forgotpassword('egmont12345@gmail')
 4 SYSTEMPATH\CodeIgniter.php(942): App\Controllers\Auth->forgotPassword1()
 5 SYSTEMPATH\CodeIgniter.php(502): CodeIgniter\CodeIgniter->runController(Object(App\Controllers\Auth))
 6 SYSTEMPATH\CodeIgniter.php(361): CodeIgniter\CodeIgniter->handleRequest(null, Object(Config\Cache), false)
 7 FCPATH\index.php(79): CodeIgniter\CodeIgniter->run()
ERROR - 2024-07-25 19:54:26 --> mysqli_sql_exception: Unknown column 'tg.id_guru' in 'on clause' in C:\xampp\htdocs\project_ta\system\Database\MySQLi\Connection.php:306
Stack trace:
#0 C:\xampp\htdocs\project_ta\system\Database\MySQLi\Connection.php(306): mysqli->query('SELECT `tf`.*, ...', 0)
#1 C:\xampp\htdocs\project_ta\system\Database\BaseConnection.php(693): CodeIgniter\Database\MySQLi\Connection->execute('SELECT `tf`.*, ...')
#2 C:\xampp\htdocs\project_ta\system\Database\BaseConnection.php(607): CodeIgniter\Database\BaseConnection->simpleQuery('SELECT `tf`.*, ...')
#3 C:\xampp\htdocs\project_ta\system\Database\BaseBuilder.php(1615): CodeIgniter\Database\BaseConnection->query('SELECT `tf`.*, ...', Array, false)
#4 C:\xampp\htdocs\project_ta\app\Models\ModelForgot.php(30): CodeIgniter\Database\BaseBuilder->get()
#5 C:\xampp\htdocs\project_ta\app\Controllers\Auth.php(215): App\Models\ModelForgot->get_all_data('330102460690000...')
#6 C:\xampp\htdocs\project_ta\system\CodeIgniter.php(942): App\Controllers\Auth->forgotpassword()
#7 C:\xampp\htdocs\project_ta\system\CodeIgniter.php(502): CodeIgniter\CodeIgniter->runController(Object(App\Controllers\Auth))
#8 C:\xampp\htdocs\project_ta\system\CodeIgniter.php(361): CodeIgniter\CodeIgniter->handleRequest(NULL, Object(Config\Cache), false)
#9 C:\xampp\htdocs\project_ta\index.php(79): CodeIgniter\CodeIgniter->run()
#10 {main}
CRITICAL - 2024-07-25 19:54:26 --> Unknown column 'tg.id_guru' in 'on clause'
in SYSTEMPATH\Database\BaseConnection.php on line 647.
 1 SYSTEMPATH\Database\BaseBuilder.php(1615): CodeIgniter\Database\BaseConnection->query('SELECT `tf`.*, `tu`.`id_users` as `id_user`
FROM `tbl_forgot` `tf`
LEFT JOIN `tbl_users` `tu` ON `tu`.`id_referensi` = `tf`.`id_referensi`
LEFT JOIN `tbl_siswa` `ts` ON `ts`.`nisn` = `tf`.`id_referensi`
LEFT JOIN `tbl_wali` `tw` ON `tw`.`nik` = `tf`.`id_referensi`
LEFT JOIN `tbl_guru` `tg` ON `tg`.`id_guru` = `tf`.`id_referensi`
WHERE COALESCE(ts.nik, tw.nik, tg.nik) = :COALESCE(ts.nik, tw.nik, tg.nik):', [...], false)
 2 APPPATH\Models\ModelForgot.php(30): CodeIgniter\Database\BaseBuilder->get()
 3 APPPATH\Controllers\Auth.php(215): App\Models\ModelForgot->get_all_data('3301024606900004')
 4 SYSTEMPATH\CodeIgniter.php(942): App\Controllers\Auth->forgotpassword()
 5 SYSTEMPATH\CodeIgniter.php(502): CodeIgniter\CodeIgniter->runController(Object(App\Controllers\Auth))
 6 SYSTEMPATH\CodeIgniter.php(361): CodeIgniter\CodeIgniter->handleRequest(null, Object(Config\Cache), false)
 7 FCPATH\index.php(79): CodeIgniter\CodeIgniter->run()
CRITICAL - 2024-07-25 20:15:37 --> Trying to access array offset on value of type null
in APPPATH\Controllers\Auth.php on line 234.
 1 APPPATH\Controllers\Auth.php(234): CodeIgniter\Debug\Exceptions->errorHandler(2, 'Trying to access array offset on value of type null', 'C:\\xampp\\htdocs\\project_ta\\app\\Controllers\\Auth.php', 234)
 2 SYSTEMPATH\CodeIgniter.php(942): App\Controllers\Auth->cekPertanyaan()
 3 SYSTEMPATH\CodeIgniter.php(502): CodeIgniter\CodeIgniter->runController(Object(App\Controllers\Auth))
 4 SYSTEMPATH\CodeIgniter.php(361): CodeIgniter\CodeIgniter->handleRequest(null, Object(Config\Cache), false)
 5 FCPATH\index.php(79): CodeIgniter\CodeIgniter->run()
CRITICAL - 2024-07-25 21:58:20 --> Class "App\Controllers\Time" not found
in APPPATH\Controllers\Auth.php on line 259.
 1 SYSTEMPATH\CodeIgniter.php(942): App\Controllers\Auth->resetPassword('246', 'NmJlYzQ1NzA5ZDYyYjgxMGNhYjQ=')
 2 SYSTEMPATH\CodeIgniter.php(502): CodeIgniter\CodeIgniter->runController(Object(App\Controllers\Auth))
 3 SYSTEMPATH\CodeIgniter.php(361): CodeIgniter\CodeIgniter->handleRequest(null, Object(Config\Cache), false)
 4 FCPATH\index.php(79): CodeIgniter\CodeIgniter->run()
CRITICAL - 2024-07-25 22:05:30 --> Undefined variable $user
in APPPATH\Views\resetPassword.php on line 12.
 1 APPPATH\Views\resetPassword.php(12): CodeIgniter\Debug\Exceptions->errorHandler(2, 'Undefined variable $user', 'C:\\xampp\\htdocs\\project_ta\\app\\Views\\resetPassword.php', 12)
 2 SYSTEMPATH\View\View.php(228): include('C:\\xampp\\htdocs\\project_ta\\app\\Views\\resetPassword.php')
 3 SYSTEMPATH\View\View.php(231): CodeIgniter\View\View->CodeIgniter\View\{closure}()
 4 SYSTEMPATH\Common.php(1190): CodeIgniter\View\View->render('resetPassword', [], true)
 5 APPPATH\Controllers\Auth.php(283): view('resetPassword')
 6 SYSTEMPATH\CodeIgniter.php(942): App\Controllers\Auth->resetPassword('246', 'MTI1NWMyNmMyMzcxZTZmYzU0ZmM=')
 7 SYSTEMPATH\CodeIgniter.php(502): CodeIgniter\CodeIgniter->runController(Object(App\Controllers\Auth))
 8 SYSTEMPATH\CodeIgniter.php(361): CodeIgniter\CodeIgniter->handleRequest(null, Object(Config\Cache), false)
 9 FCPATH\index.php(79): CodeIgniter\CodeIgniter->run()
