CRITICAL - 2024-06-26 07:19:47 --> Undefined array key "id"
in APPPATH\Views\Siswa\detail.php on line 36.
 1 APPPATH\Views\Siswa\detail.php(36): CodeIgniter\Debug\Exceptions->errorHandler(2, 'Undefined array key "id"', 'C:\\xampp\\htdocs\\project_ta\\app\\Views\\Siswa\\detail.php', 36)
 2 SYSTEMPATH\View\View.php(228): include('C:\\xampp\\htdocs\\project_ta\\app\\Views\\Siswa\\detail.php')
 3 SYSTEMPATH\View\View.php(231): CodeIgniter\View\View->CodeIgniter\View\{closure}()
 4 SYSTEMPATH\Common.php(1190): CodeIgniter\View\View->render('Siswa/detail', [], true)
 5 APPPATH\Controllers\SiswaController.php(88): view('Siswa/detail', [...])
 6 SYSTEMPATH\CodeIgniter.php(942): App\Controllers\SiswaController->detail('10')
 7 SYSTEMPATH\CodeIgniter.php(502): CodeIgniter\CodeIgniter->runController(Object(App\Controllers\SiswaController))
 8 SYSTEMPATH\CodeIgniter.php(361): CodeIgniter\CodeIgniter->handleRequest(null, Object(Config\Cache), false)
 9 FCPATH\index.php(79): CodeIgniter\CodeIgniter->run()
CRITICAL - 2024-06-26 07:20:15 --> Undefined array key "id"
in APPPATH\Controllers\SiswaController.php on line 188.
 1 APPPATH\Controllers\SiswaController.php(188): CodeIgniter\Debug\Exceptions->errorHandler(2, 'Undefined array key "id"', 'C:\\xampp\\htdocs\\project_ta\\app\\Controllers\\SiswaController.php', 188)
 2 SYSTEMPATH\CodeIgniter.php(942): App\Controllers\SiswaController->exportById('10')
 3 SYSTEMPATH\CodeIgniter.php(502): CodeIgniter\CodeIgniter->runController(Object(App\Controllers\SiswaController))
 4 SYSTEMPATH\CodeIgniter.php(361): CodeIgniter\CodeIgniter->handleRequest(null, Object(Config\Cache), false)
 5 FCPATH\index.php(79): CodeIgniter\CodeIgniter->run()
CRITICAL - 2024-06-26 07:33:16 --> Undefined variable $user
in APPPATH\Controllers\SiswaController.php on line 169.
 1 APPPATH\Controllers\SiswaController.php(169): CodeIgniter\Debug\Exceptions->errorHandler(2, 'Undefined variable $user', 'C:\\xampp\\htdocs\\project_ta\\app\\Controllers\\SiswaController.php', 169)
 2 SYSTEMPATH\CodeIgniter.php(942): App\Controllers\SiswaController->exportById('10')
 3 SYSTEMPATH\CodeIgniter.php(502): CodeIgniter\CodeIgniter->runController(Object(App\Controllers\SiswaController))
 4 SYSTEMPATH\CodeIgniter.php(361): CodeIgniter\CodeIgniter->handleRequest(null, Object(Config\Cache), false)
 5 FCPATH\index.php(79): CodeIgniter\CodeIgniter->run()
CRITICAL - 2024-06-26 07:54:52 --> Undefined variable $siswa
in APPPATH\Views\Crm\detail.php on line 113.
 1 APPPATH\Views\Crm\detail.php(113): CodeIgniter\Debug\Exceptions->errorHandler(2, 'Undefined variable $siswa', 'C:\\xampp\\htdocs\\project_ta\\app\\Views\\Crm\\detail.php', 113)
 2 SYSTEMPATH\View\View.php(228): include('C:\\xampp\\htdocs\\project_ta\\app\\Views\\Crm\\detail.php')
 3 SYSTEMPATH\View\View.php(231): CodeIgniter\View\View->CodeIgniter\View\{closure}()
 4 SYSTEMPATH\Common.php(1190): CodeIgniter\View\View->render('Crm/detail', [], true)
 5 APPPATH\Controllers\CrmController.php(109): view('Crm/detail', [...])
 6 SYSTEMPATH\CodeIgniter.php(942): App\Controllers\CrmController->detail('54')
 7 SYSTEMPATH\CodeIgniter.php(502): CodeIgniter\CodeIgniter->runController(Object(App\Controllers\CrmController))
 8 SYSTEMPATH\CodeIgniter.php(361): CodeIgniter\CodeIgniter->handleRequest(null, Object(Config\Cache), false)
 9 FCPATH\index.php(79): CodeIgniter\CodeIgniter->run()
CRITICAL - 2024-06-26 07:55:20 --> Class "App\Controllers\Spreadsheet" not found
in APPPATH\Controllers\CrmController.php on line 225.
 1 SYSTEMPATH\CodeIgniter.php(942): App\Controllers\CrmController->cetak('54')
 2 SYSTEMPATH\CodeIgniter.php(502): CodeIgniter\CodeIgniter->runController(Object(App\Controllers\CrmController))
 3 SYSTEMPATH\CodeIgniter.php(361): CodeIgniter\CodeIgniter->handleRequest(null, Object(Config\Cache), false)
 4 FCPATH\index.php(79): CodeIgniter\CodeIgniter->run()
CRITICAL - 2024-06-26 07:55:36 --> Class "App\Controllers\Spreadsheet" not found
in APPPATH\Controllers\CrmController.php on line 225.
 1 SYSTEMPATH\CodeIgniter.php(942): App\Controllers\CrmController->cetak('54')
 2 SYSTEMPATH\CodeIgniter.php(502): CodeIgniter\CodeIgniter->runController(Object(App\Controllers\CrmController))
 3 SYSTEMPATH\CodeIgniter.php(361): CodeIgniter\CodeIgniter->handleRequest(null, Object(Config\Cache), false)
 4 FCPATH\index.php(79): CodeIgniter\CodeIgniter->run()
CRITICAL - 2024-06-26 08:15:18 --> Cannot use object of type stdClass as array
in APPPATH\Controllers\GuruController.php on line 163.
 1 SYSTEMPATH\CodeIgniter.php(942): App\Controllers\GuruController->cetak('6')
 2 SYSTEMPATH\CodeIgniter.php(502): CodeIgniter\CodeIgniter->runController(Object(App\Controllers\GuruController))
 3 SYSTEMPATH\CodeIgniter.php(361): CodeIgniter\CodeIgniter->handleRequest(null, Object(Config\Cache), false)
 4 FCPATH\index.php(79): CodeIgniter\CodeIgniter->run()
CRITICAL - 2024-06-26 08:23:00 --> Undefined variable $siswa
in APPPATH\Views\Crm\Crm.php on line 5.
 1 APPPATH\Views\Crm\Crm.php(5): CodeIgniter\Debug\Exceptions->errorHandler(2, 'Undefined variable $siswa', 'C:\\xampp\\htdocs\\project_ta\\app\\Views\\Crm\\Crm.php', 5)
 2 SYSTEMPATH\View\View.php(228): include('C:\\xampp\\htdocs\\project_ta\\app\\Views\\Crm\\Crm.php')
 3 SYSTEMPATH\View\View.php(231): CodeIgniter\View\View->CodeIgniter\View\{closure}()
 4 SYSTEMPATH\Common.php(1190): CodeIgniter\View\View->render('Crm/crm', [], true)
 5 APPPATH\Controllers\CrmController.php(49): view('Crm/crm', [...])
 6 SYSTEMPATH\CodeIgniter.php(942): App\Controllers\CrmController->index()
 7 SYSTEMPATH\CodeIgniter.php(502): CodeIgniter\CodeIgniter->runController(Object(App\Controllers\CrmController))
 8 SYSTEMPATH\CodeIgniter.php(361): CodeIgniter\CodeIgniter->handleRequest(null, Object(Config\Cache), false)
 9 FCPATH\index.php(79): CodeIgniter\CodeIgniter->run()
CRITICAL - 2024-06-26 08:23:05 --> Undefined variable $crm
in APPPATH\Views\Crm\Crm.php on line 5.
 1 APPPATH\Views\Crm\Crm.php(5): CodeIgniter\Debug\Exceptions->errorHandler(2, 'Undefined variable $crm', 'C:\\xampp\\htdocs\\project_ta\\app\\Views\\Crm\\Crm.php', 5)
 2 SYSTEMPATH\View\View.php(228): include('C:\\xampp\\htdocs\\project_ta\\app\\Views\\Crm\\Crm.php')
 3 SYSTEMPATH\View\View.php(231): CodeIgniter\View\View->CodeIgniter\View\{closure}()
 4 SYSTEMPATH\Common.php(1190): CodeIgniter\View\View->render('Crm/crm', [], true)
 5 APPPATH\Controllers\CrmController.php(49): view('Crm/crm', [...])
 6 SYSTEMPATH\CodeIgniter.php(942): App\Controllers\CrmController->index()
 7 SYSTEMPATH\CodeIgniter.php(502): CodeIgniter\CodeIgniter->runController(Object(App\Controllers\CrmController))
 8 SYSTEMPATH\CodeIgniter.php(361): CodeIgniter\CodeIgniter->handleRequest(null, Object(Config\Cache), false)
 9 FCPATH\index.php(79): CodeIgniter\CodeIgniter->run()
CRITICAL - 2024-06-26 08:23:27 --> Undefined array key "id_crm"
in APPPATH\Views\Crm\Crm.php on line 5.
 1 APPPATH\Views\Crm\Crm.php(5): CodeIgniter\Debug\Exceptions->errorHandler(2, 'Undefined array key "id_crm"', 'C:\\xampp\\htdocs\\project_ta\\app\\Views\\Crm\\Crm.php', 5)
 2 SYSTEMPATH\View\View.php(228): include('C:\\xampp\\htdocs\\project_ta\\app\\Views\\Crm\\Crm.php')
 3 SYSTEMPATH\View\View.php(231): CodeIgniter\View\View->CodeIgniter\View\{closure}()
 4 SYSTEMPATH\Common.php(1190): CodeIgniter\View\View->render('Crm/crm', [], true)
 5 APPPATH\Controllers\CrmController.php(49): view('Crm/crm', [...])
 6 SYSTEMPATH\CodeIgniter.php(942): App\Controllers\CrmController->index()
 7 SYSTEMPATH\CodeIgniter.php(502): CodeIgniter\CodeIgniter->runController(Object(App\Controllers\CrmController))
 8 SYSTEMPATH\CodeIgniter.php(361): CodeIgniter\CodeIgniter->handleRequest(null, Object(Config\Cache), false)
 9 FCPATH\index.php(79): CodeIgniter\CodeIgniter->run()
CRITICAL - 2024-06-26 08:23:29 --> Undefined array key "id_crm"
in APPPATH\Views\Crm\Crm.php on line 5.
 1 APPPATH\Views\Crm\Crm.php(5): CodeIgniter\Debug\Exceptions->errorHandler(2, 'Undefined array key "id_crm"', 'C:\\xampp\\htdocs\\project_ta\\app\\Views\\Crm\\Crm.php', 5)
 2 SYSTEMPATH\View\View.php(228): include('C:\\xampp\\htdocs\\project_ta\\app\\Views\\Crm\\Crm.php')
 3 SYSTEMPATH\View\View.php(231): CodeIgniter\View\View->CodeIgniter\View\{closure}()
 4 SYSTEMPATH\Common.php(1190): CodeIgniter\View\View->render('Crm/crm', [], true)
 5 APPPATH\Controllers\CrmController.php(49): view('Crm/crm', [...])
 6 SYSTEMPATH\CodeIgniter.php(942): App\Controllers\CrmController->index()
 7 SYSTEMPATH\CodeIgniter.php(502): CodeIgniter\CodeIgniter->runController(Object(App\Controllers\CrmController))
 8 SYSTEMPATH\CodeIgniter.php(361): CodeIgniter\CodeIgniter->handleRequest(null, Object(Config\Cache), false)
 9 FCPATH\index.php(79): CodeIgniter\CodeIgniter->run()
CRITICAL - 2024-06-26 09:39:45 --> Undefined array key "nama"
in APPPATH\Controllers\CrmController.php on line 281.
 1 APPPATH\Controllers\CrmController.php(281): CodeIgniter\Debug\Exceptions->errorHandler(2, 'Undefined array key "nama"', 'C:\\xampp\\htdocs\\project_ta\\app\\Controllers\\CrmController.php', 281)
 2 SYSTEMPATH\CodeIgniter.php(942): App\Controllers\CrmController->exportAll()
 3 SYSTEMPATH\CodeIgniter.php(502): CodeIgniter\CodeIgniter->runController(Object(App\Controllers\CrmController))
 4 SYSTEMPATH\CodeIgniter.php(361): CodeIgniter\CodeIgniter->handleRequest(null, Object(Config\Cache), false)
 5 FCPATH\index.php(79): CodeIgniter\CodeIgniter->run()
CRITICAL - 2024-06-26 10:18:35 --> Cannot use object of type stdClass as array
in APPPATH\Controllers\SiswaController.php on line 252.
 1 SYSTEMPATH\CodeIgniter.php(942): App\Controllers\SiswaController->exportAll()
 2 SYSTEMPATH\CodeIgniter.php(502): CodeIgniter\CodeIgniter->runController(Object(App\Controllers\SiswaController))
 3 SYSTEMPATH\CodeIgniter.php(361): CodeIgniter\CodeIgniter->handleRequest(null, Object(Config\Cache), false)
 4 FCPATH\index.php(79): CodeIgniter\CodeIgniter->run()
CRITICAL - 2024-06-26 10:20:17 --> Attempt to read property "nama" on array
in APPPATH\Views\Siswa\Siswa.php on line 34.
 1 APPPATH\Views\Siswa\Siswa.php(34): CodeIgniter\Debug\Exceptions->errorHandler(2, 'Attempt to read property "nama" on array', 'C:\\xampp\\htdocs\\project_ta\\app\\Views\\Siswa\\Siswa.php', 34)
 2 SYSTEMPATH\View\View.php(228): include('C:\\xampp\\htdocs\\project_ta\\app\\Views\\Siswa\\Siswa.php')
 3 SYSTEMPATH\View\View.php(231): CodeIgniter\View\View->CodeIgniter\View\{closure}()
 4 SYSTEMPATH\Common.php(1190): CodeIgniter\View\View->render('Siswa/Siswa', [], true)
 5 APPPATH\Controllers\SiswaController.php(28): view('Siswa/Siswa', [...])
 6 SYSTEMPATH\CodeIgniter.php(942): App\Controllers\SiswaController->index()
 7 SYSTEMPATH\CodeIgniter.php(502): CodeIgniter\CodeIgniter->runController(Object(App\Controllers\SiswaController))
 8 SYSTEMPATH\CodeIgniter.php(361): CodeIgniter\CodeIgniter->handleRequest(null, Object(Config\Cache), false)
 9 FCPATH\index.php(79): CodeIgniter\CodeIgniter->run()
CRITICAL - 2024-06-26 10:23:13 --> Undefined array key "id_siswa "
in APPPATH\Views\Siswa\Siswa.php on line 51.
 1 APPPATH\Views\Siswa\Siswa.php(51): CodeIgniter\Debug\Exceptions->errorHandler(2, 'Undefined array key "id_siswa "', 'C:\\xampp\\htdocs\\project_ta\\app\\Views\\Siswa\\Siswa.php', 51)
 2 SYSTEMPATH\View\View.php(228): include('C:\\xampp\\htdocs\\project_ta\\app\\Views\\Siswa\\Siswa.php')
 3 SYSTEMPATH\View\View.php(231): CodeIgniter\View\View->CodeIgniter\View\{closure}()
 4 SYSTEMPATH\Common.php(1190): CodeIgniter\View\View->render('Siswa/Siswa', [], true)
 5 APPPATH\Controllers\SiswaController.php(28): view('Siswa/Siswa', [...])
 6 SYSTEMPATH\CodeIgniter.php(942): App\Controllers\SiswaController->index()
 7 SYSTEMPATH\CodeIgniter.php(502): CodeIgniter\CodeIgniter->runController(Object(App\Controllers\SiswaController))
 8 SYSTEMPATH\CodeIgniter.php(361): CodeIgniter\CodeIgniter->handleRequest(null, Object(Config\Cache), false)
 9 FCPATH\index.php(79): CodeIgniter\CodeIgniter->run()
