CRITICAL - 2024-07-21 14:00:58 --> Undefined variable $title
in APPPATH\Views\layout_user\master.php on line 10.
 1 APPPATH\Views\layout_user\master.php(10): CodeIgniter\Debug\Exceptions->errorHandler(2, 'Undefined variable $title', 'C:\\xampp\\htdocs\\project_ta\\app\\Views\\layout_user\\master.php', 10)
 2 SYSTEMPATH\View\View.php(228): include('C:\\xampp\\htdocs\\project_ta\\app\\Views\\layout_user\\master.php')
 3 SYSTEMPATH\View\View.php(231): CodeIgniter\View\View->CodeIgniter\View\{closure}()
 4 SYSTEMPATH\View\View.php(244): CodeIgniter\View\View->render('layout_user/master', [], true)
 5 SYSTEMPATH\Common.php(1190): CodeIgniter\View\View->render('Crm/survey', [], true)
 6 APPPATH\Controllers\CrmController.php(250): view('Crm/survey')
 7 SYSTEMPATH\CodeIgniter.php(942): App\Controllers\CrmController->survey()
 8 SYSTEMPATH\CodeIgniter.php(502): CodeIgniter\CodeIgniter->runController(Object(App\Controllers\CrmController))
 9 SYSTEMPATH\CodeIgniter.php(361): CodeIgniter\CodeIgniter->handleRequest(null, Object(Config\Cache), false)
10 FCPATH\index.php(79): CodeIgniter\CodeIgniter->run()
CRITICAL - 2024-07-21 14:01:19 --> Undefined variable $title
in APPPATH\Views\layout_user\master.php on line 10.
 1 APPPATH\Views\layout_user\master.php(10): CodeIgniter\Debug\Exceptions->errorHandler(2, 'Undefined variable $title', 'C:\\xampp\\htdocs\\project_ta\\app\\Views\\layout_user\\master.php', 10)
 2 SYSTEMPATH\View\View.php(228): include('C:\\xampp\\htdocs\\project_ta\\app\\Views\\layout_user\\master.php')
 3 SYSTEMPATH\View\View.php(231): CodeIgniter\View\View->CodeIgniter\View\{closure}()
 4 SYSTEMPATH\View\View.php(244): CodeIgniter\View\View->render('layout_user/master', [], true)
 5 SYSTEMPATH\Common.php(1190): CodeIgniter\View\View->render('Crm/survey', [], true)
 6 APPPATH\Controllers\CrmController.php(250): view('Crm/survey')
 7 SYSTEMPATH\CodeIgniter.php(942): App\Controllers\CrmController->survey()
 8 SYSTEMPATH\CodeIgniter.php(502): CodeIgniter\CodeIgniter->runController(Object(App\Controllers\CrmController))
 9 SYSTEMPATH\CodeIgniter.php(361): CodeIgniter\CodeIgniter->handleRequest(null, Object(Config\Cache), false)
10 FCPATH\index.php(79): CodeIgniter\CodeIgniter->run()
CRITICAL - 2024-07-21 17:05:57 --> Call to undefined method CodeIgniter\Database\MySQLi\Builder::table()
in APPPATH\Models\ModelKomentar.php on line 66.
 1 APPPATH\Controllers\CrmController.php(124): App\Models\ModelKomentar->getDataTimeline('116')
 2 SYSTEMPATH\CodeIgniter.php(942): App\Controllers\CrmController->detail('116')
 3 SYSTEMPATH\CodeIgniter.php(502): CodeIgniter\CodeIgniter->runController(Object(App\Controllers\CrmController))
 4 SYSTEMPATH\CodeIgniter.php(361): CodeIgniter\CodeIgniter->handleRequest(null, Object(Config\Cache), false)
 5 FCPATH\index.php(79): CodeIgniter\CodeIgniter->run()
ERROR - 2024-07-21 17:06:32 --> mysqli_sql_exception: FUNCTION ta.COALSECE does not exist in C:\xampp\htdocs\project_ta\system\Database\MySQLi\Connection.php:306
Stack trace:
#0 C:\xampp\htdocs\project_ta\system\Database\MySQLi\Connection.php(306): mysqli->query('SELECT `tk`.*, ...', 0)
#1 C:\xampp\htdocs\project_ta\system\Database\BaseConnection.php(693): CodeIgniter\Database\MySQLi\Connection->execute('SELECT `tk`.*, ...')
#2 C:\xampp\htdocs\project_ta\system\Database\BaseConnection.php(607): CodeIgniter\Database\BaseConnection->simpleQuery('SELECT `tk`.*, ...')
#3 C:\xampp\htdocs\project_ta\system\Database\BaseBuilder.php(1615): CodeIgniter\Database\BaseConnection->query('SELECT `tk`.*, ...', Array, false)
#4 C:\xampp\htdocs\project_ta\app\Models\ModelKomentar.php(72): CodeIgniter\Database\BaseBuilder->get()
#5 C:\xampp\htdocs\project_ta\app\Controllers\CrmController.php(124): App\Models\ModelKomentar->getDataTimeline('116')
#6 C:\xampp\htdocs\project_ta\system\CodeIgniter.php(942): App\Controllers\CrmController->detail('116')
#7 C:\xampp\htdocs\project_ta\system\CodeIgniter.php(502): CodeIgniter\CodeIgniter->runController(Object(App\Controllers\CrmController))
#8 C:\xampp\htdocs\project_ta\system\CodeIgniter.php(361): CodeIgniter\CodeIgniter->handleRequest(NULL, Object(Config\Cache), false)
#9 C:\xampp\htdocs\project_ta\index.php(79): CodeIgniter\CodeIgniter->run()
#10 {main}
CRITICAL - 2024-07-21 17:06:32 --> FUNCTION ta.COALSECE does not exist
in SYSTEMPATH\Database\BaseConnection.php on line 647.
 1 SYSTEMPATH\Database\BaseBuilder.php(1615): CodeIgniter\Database\BaseConnection->query('SELECT `tk`.*, COALSECE(ts.nama, `tw`.`nama`, tg.nama) as namaKomentar
FROM `tbl_komentar` `tk`
LEFT JOIN `tbl_guru` `tg` ON `tg`.`nip` = `tk`.`user_comment`
LEFT JOIN `tbl_siswa` `ts` ON `ts`.`nisn` = `tk`.`user_comment`
LEFT JOIN `tbl_wali` `tw` ON `tw`.`nik` = `tk`.`user_comment`
WHERE `id_crm` = :id_crm:', [...], false)
 2 APPPATH\Models\ModelKomentar.php(72): CodeIgniter\Database\BaseBuilder->get()
 3 APPPATH\Controllers\CrmController.php(124): App\Models\ModelKomentar->getDataTimeline('116')
 4 SYSTEMPATH\CodeIgniter.php(942): App\Controllers\CrmController->detail('116')
 5 SYSTEMPATH\CodeIgniter.php(502): CodeIgniter\CodeIgniter->runController(Object(App\Controllers\CrmController))
 6 SYSTEMPATH\CodeIgniter.php(361): CodeIgniter\CodeIgniter->handleRequest(null, Object(Config\Cache), false)
 7 FCPATH\index.php(79): CodeIgniter\CodeIgniter->run()
CRITICAL - 2024-07-21 17:08:39 --> Undefined variable $value
in APPPATH\Views\Crm\detail.php on line 106.
 1 APPPATH\Views\Crm\detail.php(106): CodeIgniter\Debug\Exceptions->errorHandler(2, 'Undefined variable $value', 'C:\\xampp\\htdocs\\project_ta\\app\\Views\\Crm\\detail.php', 106)
 2 SYSTEMPATH\View\View.php(228): include('C:\\xampp\\htdocs\\project_ta\\app\\Views\\Crm\\detail.php')
 3 SYSTEMPATH\View\View.php(231): CodeIgniter\View\View->CodeIgniter\View\{closure}()
 4 SYSTEMPATH\Common.php(1190): CodeIgniter\View\View->render('Crm/detail', [], true)
 5 APPPATH\Controllers\CrmController.php(128): view('Crm/detail', [...])
 6 SYSTEMPATH\CodeIgniter.php(942): App\Controllers\CrmController->detail('116')
 7 SYSTEMPATH\CodeIgniter.php(502): CodeIgniter\CodeIgniter->runController(Object(App\Controllers\CrmController))
 8 SYSTEMPATH\CodeIgniter.php(361): CodeIgniter\CodeIgniter->handleRequest(null, Object(Config\Cache), false)
 9 FCPATH\index.php(79): CodeIgniter\CodeIgniter->run()
CRITICAL - 2024-07-21 17:09:09 --> Attempt to read property "namaKomentar" on array
in APPPATH\Views\Crm\detail.php on line 154.
 1 APPPATH\Views\Crm\detail.php(154): CodeIgniter\Debug\Exceptions->errorHandler(2, 'Attempt to read property "namaKomentar" on array', 'C:\\xampp\\htdocs\\project_ta\\app\\Views\\Crm\\detail.php', 154)
 2 SYSTEMPATH\View\View.php(228): include('C:\\xampp\\htdocs\\project_ta\\app\\Views\\Crm\\detail.php')
 3 SYSTEMPATH\View\View.php(231): CodeIgniter\View\View->CodeIgniter\View\{closure}()
 4 SYSTEMPATH\Common.php(1190): CodeIgniter\View\View->render('Crm/detail', [], true)
 5 APPPATH\Controllers\CrmController.php(128): view('Crm/detail', [...])
 6 SYSTEMPATH\CodeIgniter.php(942): App\Controllers\CrmController->detail('116')
 7 SYSTEMPATH\CodeIgniter.php(502): CodeIgniter\CodeIgniter->runController(Object(App\Controllers\CrmController))
 8 SYSTEMPATH\CodeIgniter.php(361): CodeIgniter\CodeIgniter->handleRequest(null, Object(Config\Cache), false)
 9 FCPATH\index.php(79): CodeIgniter\CodeIgniter->run()
CRITICAL - 2024-07-21 17:17:15 --> Undefined variable $values
in APPPATH\Views\Crm\detail.php on line 105.
 1 APPPATH\Views\Crm\detail.php(105): CodeIgniter\Debug\Exceptions->errorHandler(2, 'Undefined variable $values', 'C:\\xampp\\htdocs\\project_ta\\app\\Views\\Crm\\detail.php', 105)
 2 SYSTEMPATH\View\View.php(228): include('C:\\xampp\\htdocs\\project_ta\\app\\Views\\Crm\\detail.php')
 3 SYSTEMPATH\View\View.php(231): CodeIgniter\View\View->CodeIgniter\View\{closure}()
 4 SYSTEMPATH\Common.php(1190): CodeIgniter\View\View->render('Crm/detail', [], true)
 5 APPPATH\Controllers\CrmController.php(128): view('Crm/detail', [...])
 6 SYSTEMPATH\CodeIgniter.php(942): App\Controllers\CrmController->detail('116')
 7 SYSTEMPATH\CodeIgniter.php(502): CodeIgniter\CodeIgniter->runController(Object(App\Controllers\CrmController))
 8 SYSTEMPATH\CodeIgniter.php(361): CodeIgniter\CodeIgniter->handleRequest(null, Object(Config\Cache), false)
 9 FCPATH\index.php(79): CodeIgniter\CodeIgniter->run()
