CRITICAL - 2024-07-17 00:49:56 --> Undefined array key "judul"
in APPPATH\Views\landingPage.php on line 109.
 1 APPPATH\Views\landingPage.php(109): CodeIgniter\Debug\Exceptions->errorHandler(2, 'Undefined array key "judul"', 'C:\\xampp\\htdocs\\project_ta\\app\\Views\\landingPage.php', 109)
 2 SYSTEMPATH\View\View.php(228): include('C:\\xampp\\htdocs\\project_ta\\app\\Views\\landingPage.php')
 3 SYSTEMPATH\View\View.php(231): CodeIgniter\View\View->CodeIgniter\View\{closure}()
 4 SYSTEMPATH\Common.php(1190): CodeIgniter\View\View->render('landingPage', [], true)
 5 APPPATH\Controllers\LandingController.php(39): view('landingPage', [...])
 6 SYSTEMPATH\CodeIgniter.php(942): App\Controllers\LandingController->index()
 7 SYSTEMPATH\CodeIgniter.php(502): CodeIgniter\CodeIgniter->runController(Object(App\Controllers\LandingController))
 8 SYSTEMPATH\CodeIgniter.php(361): CodeIgniter\CodeIgniter->handleRequest(null, Object(Config\Cache), false)
 9 FCPATH\index.php(79): CodeIgniter\CodeIgniter->run()
CRITICAL - 2024-07-17 01:03:30 --> Call to undefined function form_select()
in APPPATH\Views\berita.php on line 25.
 1 SYSTEMPATH\View\View.php(228): include()
 2 SYSTEMPATH\View\View.php(231): CodeIgniter\View\View->CodeIgniter\View\{closure}()
 3 SYSTEMPATH\Common.php(1190): CodeIgniter\View\View->render('berita', [], true)
 4 APPPATH\Controllers\LandingController.php(62): view('berita', [...])
 5 SYSTEMPATH\CodeIgniter.php(942): App\Controllers\LandingController->create()
 6 SYSTEMPATH\CodeIgniter.php(502): CodeIgniter\CodeIgniter->runController(Object(App\Controllers\LandingController))
 7 SYSTEMPATH\CodeIgniter.php(361): CodeIgniter\CodeIgniter->handleRequest(null, Object(Config\Cache), false)
 8 FCPATH\index.php(79): CodeIgniter\CodeIgniter->run()
ERROR - 2024-07-17 01:15:50 --> mysqli_sql_exception: Column 'judul' cannot be null in C:\xampp\htdocs\project_ta\system\Database\MySQLi\Connection.php:306
Stack trace:
#0 C:\xampp\htdocs\project_ta\system\Database\MySQLi\Connection.php(306): mysqli->query('INSERT INTO `tb...', 0)
#1 C:\xampp\htdocs\project_ta\system\Database\BaseConnection.php(693): CodeIgniter\Database\MySQLi\Connection->execute('INSERT INTO `tb...')
#2 C:\xampp\htdocs\project_ta\system\Database\BaseConnection.php(607): CodeIgniter\Database\BaseConnection->simpleQuery('INSERT INTO `tb...')
#3 C:\xampp\htdocs\project_ta\system\Database\BaseBuilder.php(2308): CodeIgniter\Database\BaseConnection->query('INSERT INTO `tb...', Array, false)
#4 C:\xampp\htdocs\project_ta\system\Model.php(319): CodeIgniter\Database\BaseBuilder->insert()
#5 C:\xampp\htdocs\project_ta\system\BaseModel.php(788): CodeIgniter\Model->doInsert(Array)
#6 C:\xampp\htdocs\project_ta\system\Model.php(715): CodeIgniter\BaseModel->insert(Array, true)
#7 C:\xampp\htdocs\project_ta\app\Controllers\LandingController.php(78): CodeIgniter\Model->insert(Array)
#8 C:\xampp\htdocs\project_ta\system\CodeIgniter.php(942): App\Controllers\LandingController->store()
#9 C:\xampp\htdocs\project_ta\system\CodeIgniter.php(502): CodeIgniter\CodeIgniter->runController(Object(App\Controllers\LandingController))
#10 C:\xampp\htdocs\project_ta\system\CodeIgniter.php(361): CodeIgniter\CodeIgniter->handleRequest(NULL, Object(Config\Cache), false)
#11 C:\xampp\htdocs\project_ta\index.php(79): CodeIgniter\CodeIgniter->run()
#12 {main}
CRITICAL - 2024-07-17 01:15:51 --> Column 'judul' cannot be null
in SYSTEMPATH\Database\BaseConnection.php on line 647.
 1 SYSTEMPATH\Database\BaseBuilder.php(2308): CodeIgniter\Database\BaseConnection->query('INSERT INTO `tbl_news` (`author`, `judul`, `deskripsi`) VALUES (:author:, :judul:, :deskripsi:)', [...], false)
 2 SYSTEMPATH\Model.php(319): CodeIgniter\Database\BaseBuilder->insert()
 3 SYSTEMPATH\BaseModel.php(788): CodeIgniter\Model->doInsert([...])
 4 SYSTEMPATH\Model.php(715): CodeIgniter\BaseModel->insert([...], true)
 5 APPPATH\Controllers\LandingController.php(78): CodeIgniter\Model->insert([...])
 6 SYSTEMPATH\CodeIgniter.php(942): App\Controllers\LandingController->store()
 7 SYSTEMPATH\CodeIgniter.php(502): CodeIgniter\CodeIgniter->runController(Object(App\Controllers\LandingController))
 8 SYSTEMPATH\CodeIgniter.php(361): CodeIgniter\CodeIgniter->handleRequest(null, Object(Config\Cache), false)
 9 FCPATH\index.php(79): CodeIgniter\CodeIgniter->run()
ERROR - 2024-07-17 01:16:19 --> mysqli_sql_exception: Column 'judul' cannot be null in C:\xampp\htdocs\project_ta\system\Database\MySQLi\Connection.php:306
Stack trace:
#0 C:\xampp\htdocs\project_ta\system\Database\MySQLi\Connection.php(306): mysqli->query('INSERT INTO `tb...', 0)
#1 C:\xampp\htdocs\project_ta\system\Database\BaseConnection.php(693): CodeIgniter\Database\MySQLi\Connection->execute('INSERT INTO `tb...')
#2 C:\xampp\htdocs\project_ta\system\Database\BaseConnection.php(607): CodeIgniter\Database\BaseConnection->simpleQuery('INSERT INTO `tb...')
#3 C:\xampp\htdocs\project_ta\system\Database\BaseBuilder.php(2308): CodeIgniter\Database\BaseConnection->query('INSERT INTO `tb...', Array, false)
#4 C:\xampp\htdocs\project_ta\system\Model.php(319): CodeIgniter\Database\BaseBuilder->insert()
#5 C:\xampp\htdocs\project_ta\system\BaseModel.php(788): CodeIgniter\Model->doInsert(Array)
#6 C:\xampp\htdocs\project_ta\system\Model.php(715): CodeIgniter\BaseModel->insert(Array, true)
#7 C:\xampp\htdocs\project_ta\app\Controllers\LandingController.php(78): CodeIgniter\Model->insert(Array)
#8 C:\xampp\htdocs\project_ta\system\CodeIgniter.php(942): App\Controllers\LandingController->store()
#9 C:\xampp\htdocs\project_ta\system\CodeIgniter.php(502): CodeIgniter\CodeIgniter->runController(Object(App\Controllers\LandingController))
#10 C:\xampp\htdocs\project_ta\system\CodeIgniter.php(361): CodeIgniter\CodeIgniter->handleRequest(NULL, Object(Config\Cache), false)
#11 C:\xampp\htdocs\project_ta\index.php(79): CodeIgniter\CodeIgniter->run()
#12 {main}
CRITICAL - 2024-07-17 01:16:19 --> Column 'judul' cannot be null
in SYSTEMPATH\Database\BaseConnection.php on line 647.
 1 SYSTEMPATH\Database\BaseBuilder.php(2308): CodeIgniter\Database\BaseConnection->query('INSERT INTO `tbl_news` (`author`, `judul`, `deskripsi`) VALUES (:author:, :judul:, :deskripsi:)', [...], false)
 2 SYSTEMPATH\Model.php(319): CodeIgniter\Database\BaseBuilder->insert()
 3 SYSTEMPATH\BaseModel.php(788): CodeIgniter\Model->doInsert([...])
 4 SYSTEMPATH\Model.php(715): CodeIgniter\BaseModel->insert([...], true)
 5 APPPATH\Controllers\LandingController.php(78): CodeIgniter\Model->insert([...])
 6 SYSTEMPATH\CodeIgniter.php(942): App\Controllers\LandingController->store()
 7 SYSTEMPATH\CodeIgniter.php(502): CodeIgniter\CodeIgniter->runController(Object(App\Controllers\LandingController))
 8 SYSTEMPATH\CodeIgniter.php(361): CodeIgniter\CodeIgniter->handleRequest(null, Object(Config\Cache), false)
 9 FCPATH\index.php(79): CodeIgniter\CodeIgniter->run()
ERROR - 2024-07-17 01:24:12 --> mysqli_sql_exception: Column 'judul' cannot be null in C:\xampp\htdocs\project_ta\system\Database\MySQLi\Connection.php:306
Stack trace:
#0 C:\xampp\htdocs\project_ta\system\Database\MySQLi\Connection.php(306): mysqli->query('INSERT INTO `tb...', 0)
#1 C:\xampp\htdocs\project_ta\system\Database\BaseConnection.php(693): CodeIgniter\Database\MySQLi\Connection->execute('INSERT INTO `tb...')
#2 C:\xampp\htdocs\project_ta\system\Database\BaseConnection.php(607): CodeIgniter\Database\BaseConnection->simpleQuery('INSERT INTO `tb...')
#3 C:\xampp\htdocs\project_ta\system\Database\BaseBuilder.php(2308): CodeIgniter\Database\BaseConnection->query('INSERT INTO `tb...', Array, false)
#4 C:\xampp\htdocs\project_ta\system\Model.php(319): CodeIgniter\Database\BaseBuilder->insert()
#5 C:\xampp\htdocs\project_ta\system\BaseModel.php(788): CodeIgniter\Model->doInsert(Array)
#6 C:\xampp\htdocs\project_ta\system\Model.php(715): CodeIgniter\BaseModel->insert(Array, true)
#7 C:\xampp\htdocs\project_ta\app\Controllers\LandingController.php(78): CodeIgniter\Model->insert(Array)
#8 C:\xampp\htdocs\project_ta\system\CodeIgniter.php(942): App\Controllers\LandingController->store()
#9 C:\xampp\htdocs\project_ta\system\CodeIgniter.php(502): CodeIgniter\CodeIgniter->runController(Object(App\Controllers\LandingController))
#10 C:\xampp\htdocs\project_ta\system\CodeIgniter.php(361): CodeIgniter\CodeIgniter->handleRequest(NULL, Object(Config\Cache), false)
#11 C:\xampp\htdocs\project_ta\index.php(79): CodeIgniter\CodeIgniter->run()
#12 {main}
CRITICAL - 2024-07-17 01:24:12 --> Column 'judul' cannot be null
in SYSTEMPATH\Database\BaseConnection.php on line 647.
 1 SYSTEMPATH\Database\BaseBuilder.php(2308): CodeIgniter\Database\BaseConnection->query('INSERT INTO `tbl_news` (`author`, `judul`, `deskripsi`) VALUES (:author:, :judul:, :deskripsi:)', [...], false)
 2 SYSTEMPATH\Model.php(319): CodeIgniter\Database\BaseBuilder->insert()
 3 SYSTEMPATH\BaseModel.php(788): CodeIgniter\Model->doInsert([...])
 4 SYSTEMPATH\Model.php(715): CodeIgniter\BaseModel->insert([...], true)
 5 APPPATH\Controllers\LandingController.php(78): CodeIgniter\Model->insert([...])
 6 SYSTEMPATH\CodeIgniter.php(942): App\Controllers\LandingController->store()
 7 SYSTEMPATH\CodeIgniter.php(502): CodeIgniter\CodeIgniter->runController(Object(App\Controllers\LandingController))
 8 SYSTEMPATH\CodeIgniter.php(361): CodeIgniter\CodeIgniter->handleRequest(null, Object(Config\Cache), false)
 9 FCPATH\index.php(79): CodeIgniter\CodeIgniter->run()
ERROR - 2024-07-17 01:24:17 --> mysqli_sql_exception: Column 'judul' cannot be null in C:\xampp\htdocs\project_ta\system\Database\MySQLi\Connection.php:306
Stack trace:
#0 C:\xampp\htdocs\project_ta\system\Database\MySQLi\Connection.php(306): mysqli->query('INSERT INTO `tb...', 0)
#1 C:\xampp\htdocs\project_ta\system\Database\BaseConnection.php(693): CodeIgniter\Database\MySQLi\Connection->execute('INSERT INTO `tb...')
#2 C:\xampp\htdocs\project_ta\system\Database\BaseConnection.php(607): CodeIgniter\Database\BaseConnection->simpleQuery('INSERT INTO `tb...')
#3 C:\xampp\htdocs\project_ta\system\Database\BaseBuilder.php(2308): CodeIgniter\Database\BaseConnection->query('INSERT INTO `tb...', Array, false)
#4 C:\xampp\htdocs\project_ta\system\Model.php(319): CodeIgniter\Database\BaseBuilder->insert()
#5 C:\xampp\htdocs\project_ta\system\BaseModel.php(788): CodeIgniter\Model->doInsert(Array)
#6 C:\xampp\htdocs\project_ta\system\Model.php(715): CodeIgniter\BaseModel->insert(Array, true)
#7 C:\xampp\htdocs\project_ta\app\Controllers\LandingController.php(78): CodeIgniter\Model->insert(Array)
#8 C:\xampp\htdocs\project_ta\system\CodeIgniter.php(942): App\Controllers\LandingController->store()
#9 C:\xampp\htdocs\project_ta\system\CodeIgniter.php(502): CodeIgniter\CodeIgniter->runController(Object(App\Controllers\LandingController))
#10 C:\xampp\htdocs\project_ta\system\CodeIgniter.php(361): CodeIgniter\CodeIgniter->handleRequest(NULL, Object(Config\Cache), false)
#11 C:\xampp\htdocs\project_ta\index.php(79): CodeIgniter\CodeIgniter->run()
#12 {main}
CRITICAL - 2024-07-17 01:24:17 --> Column 'judul' cannot be null
in SYSTEMPATH\Database\BaseConnection.php on line 647.
 1 SYSTEMPATH\Database\BaseBuilder.php(2308): CodeIgniter\Database\BaseConnection->query('INSERT INTO `tbl_news` (`author`, `judul`, `deskripsi`) VALUES (:author:, :judul:, :deskripsi:)', [...], false)
 2 SYSTEMPATH\Model.php(319): CodeIgniter\Database\BaseBuilder->insert()
 3 SYSTEMPATH\BaseModel.php(788): CodeIgniter\Model->doInsert([...])
 4 SYSTEMPATH\Model.php(715): CodeIgniter\BaseModel->insert([...], true)
 5 APPPATH\Controllers\LandingController.php(78): CodeIgniter\Model->insert([...])
 6 SYSTEMPATH\CodeIgniter.php(942): App\Controllers\LandingController->store()
 7 SYSTEMPATH\CodeIgniter.php(502): CodeIgniter\CodeIgniter->runController(Object(App\Controllers\LandingController))
 8 SYSTEMPATH\CodeIgniter.php(361): CodeIgniter\CodeIgniter->handleRequest(null, Object(Config\Cache), false)
 9 FCPATH\index.php(79): CodeIgniter\CodeIgniter->run()
CRITICAL - 2024-07-17 01:30:24 --> Undefined variable $file
in APPPATH\Controllers\LandingController.php on line 171.
 1 APPPATH\Controllers\LandingController.php(171): CodeIgniter\Debug\Exceptions->errorHandler(2, 'Undefined variable $file', 'C:\\xampp\\htdocs\\project_ta\\app\\Controllers\\LandingController.php', 171)
 2 SYSTEMPATH\CodeIgniter.php(942): App\Controllers\LandingController->upload_image()
 3 SYSTEMPATH\CodeIgniter.php(502): CodeIgniter\CodeIgniter->runController(Object(App\Controllers\LandingController))
 4 SYSTEMPATH\CodeIgniter.php(361): CodeIgniter\CodeIgniter->handleRequest(null, Object(Config\Cache), false)
 5 FCPATH\index.php(79): CodeIgniter\CodeIgniter->run()
CRITICAL - 2024-07-17 01:30:42 --> Undefined variable $file
in APPPATH\Controllers\LandingController.php on line 171.
 1 APPPATH\Controllers\LandingController.php(171): CodeIgniter\Debug\Exceptions->errorHandler(2, 'Undefined variable $file', 'C:\\xampp\\htdocs\\project_ta\\app\\Controllers\\LandingController.php', 171)
 2 SYSTEMPATH\CodeIgniter.php(942): App\Controllers\LandingController->upload_image()
 3 SYSTEMPATH\CodeIgniter.php(502): CodeIgniter\CodeIgniter->runController(Object(App\Controllers\LandingController))
 4 SYSTEMPATH\CodeIgniter.php(361): CodeIgniter\CodeIgniter->handleRequest(null, Object(Config\Cache), false)
 5 FCPATH\index.php(79): CodeIgniter\CodeIgniter->run()
ERROR - 2024-07-17 02:38:56 --> mysqli_sql_exception: Column 'id_referensi' cannot be null in C:\xampp\htdocs\project_ta\system\Database\MySQLi\Connection.php:306
Stack trace:
#0 C:\xampp\htdocs\project_ta\system\Database\MySQLi\Connection.php(306): mysqli->query('INSERT INTO `tb...', 0)
#1 C:\xampp\htdocs\project_ta\system\Database\BaseConnection.php(693): CodeIgniter\Database\MySQLi\Connection->execute('INSERT INTO `tb...')
#2 C:\xampp\htdocs\project_ta\system\Database\BaseConnection.php(607): CodeIgniter\Database\BaseConnection->simpleQuery('INSERT INTO `tb...')
#3 C:\xampp\htdocs\project_ta\system\Database\BaseBuilder.php(2308): CodeIgniter\Database\BaseConnection->query('INSERT INTO `tb...', Array, false)
#4 C:\xampp\htdocs\project_ta\system\Model.php(319): CodeIgniter\Database\BaseBuilder->insert()
#5 C:\xampp\htdocs\project_ta\system\BaseModel.php(788): CodeIgniter\Model->doInsert(Array)
#6 C:\xampp\htdocs\project_ta\system\Model.php(715): CodeIgniter\BaseModel->insert(Array, true)
#7 C:\xampp\htdocs\project_ta\app\Controllers\Auth.php(200): CodeIgniter\Model->insert(Array)
#8 C:\xampp\htdocs\project_ta\system\CodeIgniter.php(942): App\Controllers\Auth->saveForgot()
#9 C:\xampp\htdocs\project_ta\system\CodeIgniter.php(502): CodeIgniter\CodeIgniter->runController(Object(App\Controllers\Auth))
#10 C:\xampp\htdocs\project_ta\system\CodeIgniter.php(361): CodeIgniter\CodeIgniter->handleRequest(NULL, Object(Config\Cache), false)
#11 C:\xampp\htdocs\project_ta\index.php(79): CodeIgniter\CodeIgniter->run()
#12 {main}
CRITICAL - 2024-07-17 02:38:56 --> Column 'id_referensi' cannot be null
in SYSTEMPATH\Database\BaseConnection.php on line 647.
 1 SYSTEMPATH\Database\BaseBuilder.php(2308): CodeIgniter\Database\BaseConnection->query('INSERT INTO `tbl_forgot` (`pertanyaan_1`, `pertanyaan_2`, `pertanyaan_3`, `pertanyaan_4`, `pertanyaan_5`, `jawaban_1`, `jawaban_2`, `jawaban_3`, `jawaban_4`, `jawaban_5`, `id_referensi`) VALUES (:pertanyaan_1:, :pertanyaan_2:, :pertanyaan_3:, :pertanyaan_4:, :pertanyaan_5:, :jawaban_1:, :jawaban_2:, :jawaban_3:, :jawaban_4:, :jawaban_5:, :id_referensi:)', [...], false)
 2 SYSTEMPATH\Model.php(319): CodeIgniter\Database\BaseBuilder->insert()
 3 SYSTEMPATH\BaseModel.php(788): CodeIgniter\Model->doInsert([...])
 4 SYSTEMPATH\Model.php(715): CodeIgniter\BaseModel->insert([...], true)
 5 APPPATH\Controllers\Auth.php(200): CodeIgniter\Model->insert([...])
 6 SYSTEMPATH\CodeIgniter.php(942): App\Controllers\Auth->saveForgot()
 7 SYSTEMPATH\CodeIgniter.php(502): CodeIgniter\CodeIgniter->runController(Object(App\Controllers\Auth))
 8 SYSTEMPATH\CodeIgniter.php(361): CodeIgniter\CodeIgniter->handleRequest(null, Object(Config\Cache), false)
 9 FCPATH\index.php(79): CodeIgniter\CodeIgniter->run()
ERROR - 2024-07-17 15:35:18 --> mysqli_sql_exception: Column 'deskripsi' cannot be null in C:\xampp\htdocs\project_ta\system\Database\MySQLi\Connection.php:306
Stack trace:
#0 C:\xampp\htdocs\project_ta\system\Database\MySQLi\Connection.php(306): mysqli->query('INSERT INTO `tb...', 0)
#1 C:\xampp\htdocs\project_ta\system\Database\BaseConnection.php(693): CodeIgniter\Database\MySQLi\Connection->execute('INSERT INTO `tb...')
#2 C:\xampp\htdocs\project_ta\system\Database\BaseConnection.php(607): CodeIgniter\Database\BaseConnection->simpleQuery('INSERT INTO `tb...')
#3 C:\xampp\htdocs\project_ta\system\Database\BaseBuilder.php(2308): CodeIgniter\Database\BaseConnection->query('INSERT INTO `tb...', Array, false)
#4 C:\xampp\htdocs\project_ta\system\Model.php(319): CodeIgniter\Database\BaseBuilder->insert()
#5 C:\xampp\htdocs\project_ta\system\BaseModel.php(788): CodeIgniter\Model->doInsert(Array)
#6 C:\xampp\htdocs\project_ta\system\Model.php(715): CodeIgniter\BaseModel->insert(Array, true)
#7 C:\xampp\htdocs\project_ta\app\Controllers\LandingController.php(83): CodeIgniter\Model->insert(Array)
#8 C:\xampp\htdocs\project_ta\system\CodeIgniter.php(942): App\Controllers\LandingController->store()
#9 C:\xampp\htdocs\project_ta\system\CodeIgniter.php(502): CodeIgniter\CodeIgniter->runController(Object(App\Controllers\LandingController))
#10 C:\xampp\htdocs\project_ta\system\CodeIgniter.php(361): CodeIgniter\CodeIgniter->handleRequest(NULL, Object(Config\Cache), false)
#11 C:\xampp\htdocs\project_ta\index.php(79): CodeIgniter\CodeIgniter->run()
#12 {main}
CRITICAL - 2024-07-17 15:35:18 --> Column 'deskripsi' cannot be null
in SYSTEMPATH\Database\BaseConnection.php on line 647.
 1 SYSTEMPATH\Database\BaseBuilder.php(2308): CodeIgniter\Database\BaseConnection->query('INSERT INTO `tbl_news` (`author`, `judul`, `kategori`, `deskripsi`) VALUES (:author:, :judul:, :kategori:, :deskripsi:)', [...], false)
 2 SYSTEMPATH\Model.php(319): CodeIgniter\Database\BaseBuilder->insert()
 3 SYSTEMPATH\BaseModel.php(788): CodeIgniter\Model->doInsert([...])
 4 SYSTEMPATH\Model.php(715): CodeIgniter\BaseModel->insert([...], true)
 5 APPPATH\Controllers\LandingController.php(83): CodeIgniter\Model->insert([...])
 6 SYSTEMPATH\CodeIgniter.php(942): App\Controllers\LandingController->store()
 7 SYSTEMPATH\CodeIgniter.php(502): CodeIgniter\CodeIgniter->runController(Object(App\Controllers\LandingController))
 8 SYSTEMPATH\CodeIgniter.php(361): CodeIgniter\CodeIgniter->handleRequest(null, Object(Config\Cache), false)
 9 FCPATH\index.php(79): CodeIgniter\CodeIgniter->run()
ERROR - 2024-07-17 15:36:06 --> mysqli_sql_exception: Column 'deskripsi' cannot be null in C:\xampp\htdocs\project_ta\system\Database\MySQLi\Connection.php:306
Stack trace:
#0 C:\xampp\htdocs\project_ta\system\Database\MySQLi\Connection.php(306): mysqli->query('INSERT INTO `tb...', 0)
#1 C:\xampp\htdocs\project_ta\system\Database\BaseConnection.php(693): CodeIgniter\Database\MySQLi\Connection->execute('INSERT INTO `tb...')
#2 C:\xampp\htdocs\project_ta\system\Database\BaseConnection.php(607): CodeIgniter\Database\BaseConnection->simpleQuery('INSERT INTO `tb...')
#3 C:\xampp\htdocs\project_ta\system\Database\BaseBuilder.php(2308): CodeIgniter\Database\BaseConnection->query('INSERT INTO `tb...', Array, false)
#4 C:\xampp\htdocs\project_ta\system\Model.php(319): CodeIgniter\Database\BaseBuilder->insert()
#5 C:\xampp\htdocs\project_ta\system\BaseModel.php(788): CodeIgniter\Model->doInsert(Array)
#6 C:\xampp\htdocs\project_ta\system\Model.php(715): CodeIgniter\BaseModel->insert(Array, true)
#7 C:\xampp\htdocs\project_ta\app\Controllers\LandingController.php(83): CodeIgniter\Model->insert(Array)
#8 C:\xampp\htdocs\project_ta\system\CodeIgniter.php(942): App\Controllers\LandingController->store()
#9 C:\xampp\htdocs\project_ta\system\CodeIgniter.php(502): CodeIgniter\CodeIgniter->runController(Object(App\Controllers\LandingController))
#10 C:\xampp\htdocs\project_ta\system\CodeIgniter.php(361): CodeIgniter\CodeIgniter->handleRequest(NULL, Object(Config\Cache), false)
#11 C:\xampp\htdocs\project_ta\index.php(79): CodeIgniter\CodeIgniter->run()
#12 {main}
CRITICAL - 2024-07-17 15:36:06 --> Column 'deskripsi' cannot be null
in SYSTEMPATH\Database\BaseConnection.php on line 647.
 1 SYSTEMPATH\Database\BaseBuilder.php(2308): CodeIgniter\Database\BaseConnection->query('INSERT INTO `tbl_news` (`author`, `judul`, `kategori`, `deskripsi`) VALUES (:author:, :judul:, :kategori:, :deskripsi:)', [...], false)
 2 SYSTEMPATH\Model.php(319): CodeIgniter\Database\BaseBuilder->insert()
 3 SYSTEMPATH\BaseModel.php(788): CodeIgniter\Model->doInsert([...])
 4 SYSTEMPATH\Model.php(715): CodeIgniter\BaseModel->insert([...], true)
 5 APPPATH\Controllers\LandingController.php(83): CodeIgniter\Model->insert([...])
 6 SYSTEMPATH\CodeIgniter.php(942): App\Controllers\LandingController->store()
 7 SYSTEMPATH\CodeIgniter.php(502): CodeIgniter\CodeIgniter->runController(Object(App\Controllers\LandingController))
 8 SYSTEMPATH\CodeIgniter.php(361): CodeIgniter\CodeIgniter->handleRequest(null, Object(Config\Cache), false)
 9 FCPATH\index.php(79): CodeIgniter\CodeIgniter->run()
CRITICAL - 2024-07-17 16:43:45 --> There is no data to update.
in SYSTEMPATH\BaseModel.php on line 930.
 1 SYSTEMPATH\BaseModel.php(930): CodeIgniter\Database\Exceptions\DataException::forEmptyDataset('update')
 2 SYSTEMPATH\Model.php(776): CodeIgniter\BaseModel->update([...], [])
 3 APPPATH\Controllers\LandingController.php(102): CodeIgniter\Model->update(17, [...])
 4 SYSTEMPATH\CodeIgniter.php(942): App\Controllers\LandingController->store()
 5 SYSTEMPATH\CodeIgniter.php(502): CodeIgniter\CodeIgniter->runController(Object(App\Controllers\LandingController))
 6 SYSTEMPATH\CodeIgniter.php(361): CodeIgniter\CodeIgniter->handleRequest(null, Object(Config\Cache), false)
 7 FCPATH\index.php(79): CodeIgniter\CodeIgniter->run()
CRITICAL - 2024-07-17 16:45:24 --> There is no data to update.
in SYSTEMPATH\BaseModel.php on line 930.
 1 SYSTEMPATH\BaseModel.php(930): CodeIgniter\Database\Exceptions\DataException::forEmptyDataset('update')
 2 SYSTEMPATH\Model.php(776): CodeIgniter\BaseModel->update([...], [])
 3 APPPATH\Controllers\LandingController.php(102): CodeIgniter\Model->update(18, [...])
 4 SYSTEMPATH\CodeIgniter.php(942): App\Controllers\LandingController->store()
 5 SYSTEMPATH\CodeIgniter.php(502): CodeIgniter\CodeIgniter->runController(Object(App\Controllers\LandingController))
 6 SYSTEMPATH\CodeIgniter.php(361): CodeIgniter\CodeIgniter->handleRequest(null, Object(Config\Cache), false)
 7 FCPATH\index.php(79): CodeIgniter\CodeIgniter->run()
CRITICAL - 2024-07-17 19:24:53 --> Undefined variable $title
in APPPATH\Views\layouts\master.php on line 6.
 1 APPPATH\Views\layouts\master.php(6): CodeIgniter\Debug\Exceptions->errorHandler(2, 'Undefined variable $title', 'C:\\xampp\\htdocs\\project_ta\\app\\Views\\layouts\\master.php', 6)
 2 SYSTEMPATH\View\View.php(228): include('C:\\xampp\\htdocs\\project_ta\\app\\Views\\layouts\\master.php')
 3 SYSTEMPATH\View\View.php(231): CodeIgniter\View\View->CodeIgniter\View\{closure}()
 4 SYSTEMPATH\View\View.php(244): CodeIgniter\View\View->render('layouts/master', [], true)
 5 SYSTEMPATH\Common.php(1190): CodeIgniter\View\View->render('landingPage', [], true)
 6 APPPATH\Controllers\LandingController.php(39): view('landingPage', [...])
 7 SYSTEMPATH\CodeIgniter.php(942): App\Controllers\LandingController->index()
 8 SYSTEMPATH\CodeIgniter.php(502): CodeIgniter\CodeIgniter->runController(Object(App\Controllers\LandingController))
 9 SYSTEMPATH\CodeIgniter.php(361): CodeIgniter\CodeIgniter->handleRequest(null, Object(Config\Cache), false)
10 FCPATH\index.php(79): CodeIgniter\CodeIgniter->run()
