CRITICAL - 2024-07-03 09:35:21 --> Trying to access array offset on value of type null
in APPPATH\Views\profile.php on line 67.
 1 APPPATH\Views\profile.php(67): CodeIgniter\Debug\Exceptions->errorHandler(2, 'Trying to access array offset on value of type null', 'C:\\xampp\\htdocs\\project_ta\\app\\Views\\profile.php', 67)
 2 SYSTEMPATH\View\View.php(228): include('C:\\xampp\\htdocs\\project_ta\\app\\Views\\profile.php')
 3 SYSTEMPATH\View\View.php(231): CodeIgniter\View\View->CodeIgniter\View\{closure}()
 4 SYSTEMPATH\Common.php(1190): CodeIgniter\View\View->render('profile', [], true)
 5 APPPATH\Controllers\Auth.php(197): view('profile', [...])
 6 SYSTEMPATH\CodeIgniter.php(942): App\Controllers\Auth->profile('27')
 7 SYSTEMPATH\CodeIgniter.php(502): CodeIgniter\CodeIgniter->runController(Object(App\Controllers\Auth))
 8 SYSTEMPATH\CodeIgniter.php(361): CodeIgniter\CodeIgniter->handleRequest(null, Object(Config\Cache), false)
 9 FCPATH\index.php(79): CodeIgniter\CodeIgniter->run()
CRITICAL - 2024-07-03 09:41:57 --> Undefined variable $user
in APPPATH\Controllers\SiswaController.php on line 130.
 1 APPPATH\Controllers\SiswaController.php(130): CodeIgniter\Debug\Exceptions->errorHandler(2, 'Undefined variable $user', 'C:\\xampp\\htdocs\\project_ta\\app\\Controllers\\SiswaController.php', 130)
 2 SYSTEMPATH\CodeIgniter.php(942): App\Controllers\SiswaController->update()
 3 SYSTEMPATH\CodeIgniter.php(502): CodeIgniter\CodeIgniter->runController(Object(App\Controllers\SiswaController))
 4 SYSTEMPATH\CodeIgniter.php(361): CodeIgniter\CodeIgniter->handleRequest(null, Object(Config\Cache), false)
 5 FCPATH\index.php(79): CodeIgniter\CodeIgniter->run()
CRITICAL - 2024-07-03 09:42:23 --> Undefined variable $id
in APPPATH\Controllers\SiswaController.php on line 127.
 1 APPPATH\Controllers\SiswaController.php(127): CodeIgniter\Debug\Exceptions->errorHandler(2, 'Undefined variable $id', 'C:\\xampp\\htdocs\\project_ta\\app\\Controllers\\SiswaController.php', 127)
 2 SYSTEMPATH\CodeIgniter.php(942): App\Controllers\SiswaController->update()
 3 SYSTEMPATH\CodeIgniter.php(502): CodeIgniter\CodeIgniter->runController(Object(App\Controllers\SiswaController))
 4 SYSTEMPATH\CodeIgniter.php(361): CodeIgniter\CodeIgniter->handleRequest(null, Object(Config\Cache), false)
 5 FCPATH\index.php(79): CodeIgniter\CodeIgniter->run()
CRITICAL - 2024-07-03 09:46:55 --> Call to undefined method App\Models\ModelSiswa::getUpdateID
in SYSTEMPATH\Model.php on line 873.
 1 APPPATH\Controllers\SiswaController.php(129): CodeIgniter\Model->__call('getUpdateID', [])
 2 SYSTEMPATH\CodeIgniter.php(942): App\Controllers\SiswaController->update()
 3 SYSTEMPATH\CodeIgniter.php(502): CodeIgniter\CodeIgniter->runController(Object(App\Controllers\SiswaController))
 4 SYSTEMPATH\CodeIgniter.php(361): CodeIgniter\CodeIgniter->handleRequest(null, Object(Config\Cache), false)
 5 FCPATH\index.php(79): CodeIgniter\CodeIgniter->run()
