CRITICAL - 2024-06-15 12:16:46 --> Undefined array key "firstname"
in APPPATH\Views\User\edit.php on line 27.
 1 APPPATH\Views\User\edit.php(27): CodeIgniter\Debug\Exceptions->errorHandler(2, 'Undefined array key "firstname"', 'C:\\xampp\\htdocs\\project_ta\\app\\Views\\User\\edit.php', 27)
 2 SYSTEMPATH\View\View.php(228): include('C:\\xampp\\htdocs\\project_ta\\app\\Views\\User\\edit.php')
 3 SYSTEMPATH\View\View.php(231): CodeIgniter\View\View->CodeIgniter\View\{closure}()
 4 SYSTEMPATH\Common.php(1190): CodeIgniter\View\View->render('User/edit', [], true)
 5 APPPATH\Controllers\Auth.php(255): view('User/edit', [...])
 6 SYSTEMPATH\CodeIgniter.php(942): App\Controllers\Auth->edit('1')
 7 SYSTEMPATH\CodeIgniter.php(502): CodeIgniter\CodeIgniter->runController(Object(App\Controllers\Auth))
 8 SYSTEMPATH\CodeIgniter.php(361): CodeIgniter\CodeIgniter->handleRequest(null, Object(Config\Cache), false)
 9 FCPATH\index.php(79): CodeIgniter\CodeIgniter->run()
CRITICAL - 2024-06-15 13:01:43 --> Undefined array key "referensi_name"
in APPPATH\Views\User\detail.php on line 34.
 1 APPPATH\Views\User\detail.php(34): CodeIgniter\Debug\Exceptions->errorHandler(2, 'Undefined array key "referensi_name"', 'C:\\xampp\\htdocs\\project_ta\\app\\Views\\User\\detail.php', 34)
 2 SYSTEMPATH\View\View.php(228): include('C:\\xampp\\htdocs\\project_ta\\app\\Views\\User\\detail.php')
 3 SYSTEMPATH\View\View.php(231): CodeIgniter\View\View->CodeIgniter\View\{closure}()
 4 SYSTEMPATH\Common.php(1190): CodeIgniter\View\View->render('User/detail', [], true)
 5 APPPATH\Controllers\Auth.php(254): view('User/detail', [...])
 6 SYSTEMPATH\CodeIgniter.php(942): App\Controllers\Auth->detail('25')
 7 SYSTEMPATH\CodeIgniter.php(502): CodeIgniter\CodeIgniter->runController(Object(App\Controllers\Auth))
 8 SYSTEMPATH\CodeIgniter.php(361): CodeIgniter\CodeIgniter->handleRequest(null, Object(Config\Cache), false)
 9 FCPATH\index.php(79): CodeIgniter\CodeIgniter->run()
CRITICAL - 2024-06-15 13:02:26 --> Undefined array key "referensi_name"
in APPPATH\Views\User\detail.php on line 34.
 1 APPPATH\Views\User\detail.php(34): CodeIgniter\Debug\Exceptions->errorHandler(2, 'Undefined array key "referensi_name"', 'C:\\xampp\\htdocs\\project_ta\\app\\Views\\User\\detail.php', 34)
 2 SYSTEMPATH\View\View.php(228): include('C:\\xampp\\htdocs\\project_ta\\app\\Views\\User\\detail.php')
 3 SYSTEMPATH\View\View.php(231): CodeIgniter\View\View->CodeIgniter\View\{closure}()
 4 SYSTEMPATH\Common.php(1190): CodeIgniter\View\View->render('User/detail', [], true)
 5 APPPATH\Controllers\Auth.php(254): view('User/detail', [...])
 6 SYSTEMPATH\CodeIgniter.php(942): App\Controllers\Auth->detail('25')
 7 SYSTEMPATH\CodeIgniter.php(502): CodeIgniter\CodeIgniter->runController(Object(App\Controllers\Auth))
 8 SYSTEMPATH\CodeIgniter.php(361): CodeIgniter\CodeIgniter->handleRequest(null, Object(Config\Cache), false)
 9 FCPATH\index.php(79): CodeIgniter\CodeIgniter->run()
CRITICAL - 2024-06-15 13:02:27 --> Undefined array key "referensi_name"
in APPPATH\Views\User\detail.php on line 34.
 1 APPPATH\Views\User\detail.php(34): CodeIgniter\Debug\Exceptions->errorHandler(2, 'Undefined array key "referensi_name"', 'C:\\xampp\\htdocs\\project_ta\\app\\Views\\User\\detail.php', 34)
 2 SYSTEMPATH\View\View.php(228): include('C:\\xampp\\htdocs\\project_ta\\app\\Views\\User\\detail.php')
 3 SYSTEMPATH\View\View.php(231): CodeIgniter\View\View->CodeIgniter\View\{closure}()
 4 SYSTEMPATH\Common.php(1190): CodeIgniter\View\View->render('User/detail', [], true)
 5 APPPATH\Controllers\Auth.php(254): view('User/detail', [...])
 6 SYSTEMPATH\CodeIgniter.php(942): App\Controllers\Auth->detail('25')
 7 SYSTEMPATH\CodeIgniter.php(502): CodeIgniter\CodeIgniter->runController(Object(App\Controllers\Auth))
 8 SYSTEMPATH\CodeIgniter.php(361): CodeIgniter\CodeIgniter->handleRequest(null, Object(Config\Cache), false)
 9 FCPATH\index.php(79): CodeIgniter\CodeIgniter->run()
CRITICAL - 2024-06-15 13:03:39 --> Undefined array key "referensi_name"
in APPPATH\Views\User\detail.php on line 35.
 1 APPPATH\Views\User\detail.php(35): CodeIgniter\Debug\Exceptions->errorHandler(2, 'Undefined array key "referensi_name"', 'C:\\xampp\\htdocs\\project_ta\\app\\Views\\User\\detail.php', 35)
 2 SYSTEMPATH\View\View.php(228): include('C:\\xampp\\htdocs\\project_ta\\app\\Views\\User\\detail.php')
 3 SYSTEMPATH\View\View.php(231): CodeIgniter\View\View->CodeIgniter\View\{closure}()
 4 SYSTEMPATH\Common.php(1190): CodeIgniter\View\View->render('User/detail', [], true)
 5 APPPATH\Controllers\Auth.php(254): view('User/detail', [...])
 6 SYSTEMPATH\CodeIgniter.php(942): App\Controllers\Auth->detail('25')
 7 SYSTEMPATH\CodeIgniter.php(502): CodeIgniter\CodeIgniter->runController(Object(App\Controllers\Auth))
 8 SYSTEMPATH\CodeIgniter.php(361): CodeIgniter\CodeIgniter->handleRequest(null, Object(Config\Cache), false)
 9 FCPATH\index.php(79): CodeIgniter\CodeIgniter->run()
CRITICAL - 2024-06-15 13:03:41 --> Undefined array key "referensi_name"
in APPPATH\Views\User\detail.php on line 35.
 1 APPPATH\Views\User\detail.php(35): CodeIgniter\Debug\Exceptions->errorHandler(2, 'Undefined array key "referensi_name"', 'C:\\xampp\\htdocs\\project_ta\\app\\Views\\User\\detail.php', 35)
 2 SYSTEMPATH\View\View.php(228): include('C:\\xampp\\htdocs\\project_ta\\app\\Views\\User\\detail.php')
 3 SYSTEMPATH\View\View.php(231): CodeIgniter\View\View->CodeIgniter\View\{closure}()
 4 SYSTEMPATH\Common.php(1190): CodeIgniter\View\View->render('User/detail', [], true)
 5 APPPATH\Controllers\Auth.php(254): view('User/detail', [...])
 6 SYSTEMPATH\CodeIgniter.php(942): App\Controllers\Auth->detail('25')
 7 SYSTEMPATH\CodeIgniter.php(502): CodeIgniter\CodeIgniter->runController(Object(App\Controllers\Auth))
 8 SYSTEMPATH\CodeIgniter.php(361): CodeIgniter\CodeIgniter->handleRequest(null, Object(Config\Cache), false)
 9 FCPATH\index.php(79): CodeIgniter\CodeIgniter->run()
CRITICAL - 2024-06-15 13:03:41 --> Undefined array key "referensi_name"
in APPPATH\Views\User\detail.php on line 35.
 1 APPPATH\Views\User\detail.php(35): CodeIgniter\Debug\Exceptions->errorHandler(2, 'Undefined array key "referensi_name"', 'C:\\xampp\\htdocs\\project_ta\\app\\Views\\User\\detail.php', 35)
 2 SYSTEMPATH\View\View.php(228): include('C:\\xampp\\htdocs\\project_ta\\app\\Views\\User\\detail.php')
 3 SYSTEMPATH\View\View.php(231): CodeIgniter\View\View->CodeIgniter\View\{closure}()
 4 SYSTEMPATH\Common.php(1190): CodeIgniter\View\View->render('User/detail', [], true)
 5 APPPATH\Controllers\Auth.php(254): view('User/detail', [...])
 6 SYSTEMPATH\CodeIgniter.php(942): App\Controllers\Auth->detail('25')
 7 SYSTEMPATH\CodeIgniter.php(502): CodeIgniter\CodeIgniter->runController(Object(App\Controllers\Auth))
 8 SYSTEMPATH\CodeIgniter.php(361): CodeIgniter\CodeIgniter->handleRequest(null, Object(Config\Cache), false)
 9 FCPATH\index.php(79): CodeIgniter\CodeIgniter->run()
CRITICAL - 2024-06-15 13:03:41 --> Undefined array key "referensi_name"
in APPPATH\Views\User\detail.php on line 35.
 1 APPPATH\Views\User\detail.php(35): CodeIgniter\Debug\Exceptions->errorHandler(2, 'Undefined array key "referensi_name"', 'C:\\xampp\\htdocs\\project_ta\\app\\Views\\User\\detail.php', 35)
 2 SYSTEMPATH\View\View.php(228): include('C:\\xampp\\htdocs\\project_ta\\app\\Views\\User\\detail.php')
 3 SYSTEMPATH\View\View.php(231): CodeIgniter\View\View->CodeIgniter\View\{closure}()
 4 SYSTEMPATH\Common.php(1190): CodeIgniter\View\View->render('User/detail', [], true)
 5 APPPATH\Controllers\Auth.php(254): view('User/detail', [...])
 6 SYSTEMPATH\CodeIgniter.php(942): App\Controllers\Auth->detail('25')
 7 SYSTEMPATH\CodeIgniter.php(502): CodeIgniter\CodeIgniter->runController(Object(App\Controllers\Auth))
 8 SYSTEMPATH\CodeIgniter.php(361): CodeIgniter\CodeIgniter->handleRequest(null, Object(Config\Cache), false)
 9 FCPATH\index.php(79): CodeIgniter\CodeIgniter->run()
CRITICAL - 2024-06-15 13:03:41 --> Undefined array key "referensi_name"
in APPPATH\Views\User\detail.php on line 35.
 1 APPPATH\Views\User\detail.php(35): CodeIgniter\Debug\Exceptions->errorHandler(2, 'Undefined array key "referensi_name"', 'C:\\xampp\\htdocs\\project_ta\\app\\Views\\User\\detail.php', 35)
 2 SYSTEMPATH\View\View.php(228): include('C:\\xampp\\htdocs\\project_ta\\app\\Views\\User\\detail.php')
 3 SYSTEMPATH\View\View.php(231): CodeIgniter\View\View->CodeIgniter\View\{closure}()
 4 SYSTEMPATH\Common.php(1190): CodeIgniter\View\View->render('User/detail', [], true)
 5 APPPATH\Controllers\Auth.php(254): view('User/detail', [...])
 6 SYSTEMPATH\CodeIgniter.php(942): App\Controllers\Auth->detail('25')
 7 SYSTEMPATH\CodeIgniter.php(502): CodeIgniter\CodeIgniter->runController(Object(App\Controllers\Auth))
 8 SYSTEMPATH\CodeIgniter.php(361): CodeIgniter\CodeIgniter->handleRequest(null, Object(Config\Cache), false)
 9 FCPATH\index.php(79): CodeIgniter\CodeIgniter->run()
CRITICAL - 2024-06-15 15:38:09 --> Invalid file: "templates/header.php"
in SYSTEMPATH\Exceptions\FrameworkException.php on line 39.
 1 SYSTEMPATH\View\View.php(216): CodeIgniter\Exceptions\FrameworkException::forInvalidFile('templates/header.php')
 2 SYSTEMPATH\Common.php(1190): CodeIgniter\View\View->render('templates/header', [], true)
 3 APPPATH\Controllers\Auth.php(362): view('templates/header')
 4 SYSTEMPATH\CodeIgniter.php(942): App\Controllers\Auth->forgotPassword()
 5 SYSTEMPATH\CodeIgniter.php(502): CodeIgniter\CodeIgniter->runController(Object(App\Controllers\Auth))
 6 SYSTEMPATH\CodeIgniter.php(361): CodeIgniter\CodeIgniter->handleRequest(null, Object(Config\Cache), false)
 7 FCPATH\index.php(79): CodeIgniter\CodeIgniter->run()
CRITICAL - 2024-06-15 15:41:38 --> Invalid file: "emails/forgotpassword.php"
in SYSTEMPATH\Exceptions\FrameworkException.php on line 39.
 1 SYSTEMPATH\View\View.php(216): CodeIgniter\Exceptions\FrameworkException::forInvalidFile('emails/forgotpassword.php')
 2 SYSTEMPATH\Common.php(1190): CodeIgniter\View\View->render('emails/forgotpassword.php', [], true)
 3 APPPATH\Libraries\SendEmail.php(41): view('emails/forgotpassword.php', [...])
 4 APPPATH\Libraries\AuthLibrary.php(397): App\Libraries\SendEmail->build([...])
 5 APPPATH\Libraries\AuthLibrary.php(479): App\Libraries\AuthLibrary->ResetEmail([...], 'ODZmZjg3OGU0YzViY2IwNDEwZWU=')
 6 APPPATH\Controllers\Auth.php(364): App\Libraries\AuthLibrary->Forgotpassword('3301021303170003')
 7 SYSTEMPATH\CodeIgniter.php(942): App\Controllers\Auth->forgotPassword()
 8 SYSTEMPATH\CodeIgniter.php(502): CodeIgniter\CodeIgniter->runController(Object(App\Controllers\Auth))
 9 SYSTEMPATH\CodeIgniter.php(361): CodeIgniter\CodeIgniter->handleRequest(null, Object(Config\Cache), false)
10 FCPATH\index.php(79): CodeIgniter\CodeIgniter->run()
CRITICAL - 2024-06-15 15:41:47 --> Invalid file: "emails/forgotpassword.php"
in SYSTEMPATH\Exceptions\FrameworkException.php on line 39.
 1 SYSTEMPATH\View\View.php(216): CodeIgniter\Exceptions\FrameworkException::forInvalidFile('emails/forgotpassword.php')
 2 SYSTEMPATH\Common.php(1190): CodeIgniter\View\View->render('emails/forgotpassword.php', [], true)
 3 APPPATH\Libraries\SendEmail.php(41): view('emails/forgotpassword.php', [...])
 4 APPPATH\Libraries\AuthLibrary.php(397): App\Libraries\SendEmail->build([...])
 5 APPPATH\Libraries\AuthLibrary.php(479): App\Libraries\AuthLibrary->ResetEmail([...], 'ZjYwMjg2OGYyNTkwZTUyY2RmODM=')
 6 APPPATH\Controllers\Auth.php(364): App\Libraries\AuthLibrary->Forgotpassword('3301021303170003')
 7 SYSTEMPATH\CodeIgniter.php(942): App\Controllers\Auth->forgotPassword()
 8 SYSTEMPATH\CodeIgniter.php(502): CodeIgniter\CodeIgniter->runController(Object(App\Controllers\Auth))
 9 SYSTEMPATH\CodeIgniter.php(361): CodeIgniter\CodeIgniter->handleRequest(null, Object(Config\Cache), false)
10 FCPATH\index.php(79): CodeIgniter\CodeIgniter->run()
CRITICAL - 2024-06-15 15:43:44 --> Undefined variable $firstname
in APPPATH\Views\emails\forgotpassword.php on line 22.
 1 APPPATH\Views\emails\forgotpassword.php(22): CodeIgniter\Debug\Exceptions->errorHandler(2, 'Undefined variable $firstname', 'C:\\xampp\\htdocs\\project_ta\\app\\Views\\emails\\forgotpassword.php', 22)
 2 SYSTEMPATH\View\View.php(228): include('C:\\xampp\\htdocs\\project_ta\\app\\Views\\emails\\forgotpassword.php')
 3 SYSTEMPATH\View\View.php(231): CodeIgniter\View\View->CodeIgniter\View\{closure}()
 4 SYSTEMPATH\Common.php(1190): CodeIgniter\View\View->render('emails/forgotpassword.php', [], true)
 5 APPPATH\Libraries\SendEmail.php(41): view('emails/forgotpassword.php', [...])
 6 APPPATH\Libraries\AuthLibrary.php(397): App\Libraries\SendEmail->build([...])
 7 APPPATH\Libraries\AuthLibrary.php(479): App\Libraries\AuthLibrary->ResetEmail([...], 'MDU1NWYxY2Q5NmFhOWY2YzZkNGY=')
 8 APPPATH\Controllers\Auth.php(364): App\Libraries\AuthLibrary->Forgotpassword('3301021303170003')
 9 SYSTEMPATH\CodeIgniter.php(942): App\Controllers\Auth->forgotPassword()
10 SYSTEMPATH\CodeIgniter.php(502): CodeIgniter\CodeIgniter->runController(Object(App\Controllers\Auth))
11 SYSTEMPATH\CodeIgniter.php(361): CodeIgniter\CodeIgniter->handleRequest(null, Object(Config\Cache), false)
12 FCPATH\index.php(79): CodeIgniter\CodeIgniter->run()
ERROR - 2024-06-15 15:44:25 --> Email: sendWithMail throwed ErrorException: mail(): Failed to connect to mailserver at &quot;localhost&quot; port 25, verify your &quot;SMTP&quot; and &quot;smtp_port&quot; setting in php.ini or use ini_set() in C:\xampp\htdocs\project_ta\system\Email\Email.php:1747
Stack trace:
#0 [internal function]: CodeIgniter\Debug\Exceptions->errorHandler(2, 'mail(): Failed ...', 'C:\\xampp\\htdocs...', 1747)
#1 C:\xampp\htdocs\project_ta\system\Email\Email.php(1747): mail('330102130317000...', '=?UTF-8?Q?Reset...', '<!DOCTYPE html ...', 'Date: Sat, 15 J...')
#2 C:\xampp\htdocs\project_ta\system\Email\Email.php(1684): CodeIgniter\Email\Email->sendWithMail()
#3 C:\xampp\htdocs\project_ta\system\Email\Email.php(1578): CodeIgniter\Email\Email->spoolEmail()
#4 C:\xampp\htdocs\project_ta\app\Libraries\SendEmail.php(43): CodeIgniter\Email\Email->send()
#5 C:\xampp\htdocs\project_ta\app\Libraries\AuthLibrary.php(397): App\Libraries\SendEmail->build(Array)
#6 C:\xampp\htdocs\project_ta\app\Libraries\AuthLibrary.php(479): App\Libraries\AuthLibrary->ResetEmail(Array, 'ZTI5MzZmZmFmZTM...')
#7 C:\xampp\htdocs\project_ta\app\Controllers\Auth.php(364): App\Libraries\AuthLibrary->Forgotpassword('330102130317000...')
#8 C:\xampp\htdocs\project_ta\system\CodeIgniter.php(942): App\Controllers\Auth->forgotPassword()
#9 C:\xampp\htdocs\project_ta\system\CodeIgniter.php(502): CodeIgniter\CodeIgniter->runController(Object(App\Controllers\Auth))
#10 C:\xampp\htdocs\project_ta\system\CodeIgniter.php(361): CodeIgniter\CodeIgniter->handleRequest(NULL, Object(Config\Cache), false)
#11 C:\xampp\htdocs\project_ta\index.php(79): CodeIgniter\CodeIgniter->run()
#12 {main}
ERROR - 2024-06-15 15:44:25 --> Email: Unable to send email using PHP mail(). Your server might not be configured to send mail using this method.
ERROR - 2024-06-15 15:44:25 --> 
ERROR - 2024-06-15 15:44:28 --> Email: sendWithMail throwed ErrorException: mail(): Failed to connect to mailserver at &quot;localhost&quot; port 25, verify your &quot;SMTP&quot; and &quot;smtp_port&quot; setting in php.ini or use ini_set() in C:\xampp\htdocs\project_ta\system\Email\Email.php:1747
Stack trace:
#0 [internal function]: CodeIgniter\Debug\Exceptions->errorHandler(2, 'mail(): Failed ...', 'C:\\xampp\\htdocs...', 1747)
#1 C:\xampp\htdocs\project_ta\system\Email\Email.php(1747): mail('330102130317000...', '=?UTF-8?Q?Reset...', '<!DOCTYPE html ...', 'Date: Sat, 15 J...')
#2 C:\xampp\htdocs\project_ta\system\Email\Email.php(1684): CodeIgniter\Email\Email->sendWithMail()
#3 C:\xampp\htdocs\project_ta\system\Email\Email.php(1578): CodeIgniter\Email\Email->spoolEmail()
#4 C:\xampp\htdocs\project_ta\app\Libraries\SendEmail.php(43): CodeIgniter\Email\Email->send()
#5 C:\xampp\htdocs\project_ta\app\Libraries\AuthLibrary.php(397): App\Libraries\SendEmail->build(Array)
#6 C:\xampp\htdocs\project_ta\app\Libraries\AuthLibrary.php(479): App\Libraries\AuthLibrary->ResetEmail(Array, 'NzA0Y2YwYzJmNjY...')
#7 C:\xampp\htdocs\project_ta\app\Controllers\Auth.php(364): App\Libraries\AuthLibrary->Forgotpassword('330102130317000...')
#8 C:\xampp\htdocs\project_ta\system\CodeIgniter.php(942): App\Controllers\Auth->forgotPassword()
#9 C:\xampp\htdocs\project_ta\system\CodeIgniter.php(502): CodeIgniter\CodeIgniter->runController(Object(App\Controllers\Auth))
#10 C:\xampp\htdocs\project_ta\system\CodeIgniter.php(361): CodeIgniter\CodeIgniter->handleRequest(NULL, Object(Config\Cache), false)
#11 C:\xampp\htdocs\project_ta\index.php(79): CodeIgniter\CodeIgniter->run()
#12 {main}
ERROR - 2024-06-15 15:44:28 --> Email: Unable to send email using PHP mail(). Your server might not be configured to send mail using this method.
ERROR - 2024-06-15 15:44:28 --> 
ERROR - 2024-06-15 15:44:43 --> Email: sendWithMail throwed ErrorException: mail(): Failed to connect to mailserver at &quot;localhost&quot; port 25, verify your &quot;SMTP&quot; and &quot;smtp_port&quot; setting in php.ini or use ini_set() in C:\xampp\htdocs\project_ta\system\Email\Email.php:1747
Stack trace:
#0 [internal function]: CodeIgniter\Debug\Exceptions->errorHandler(2, 'mail(): Failed ...', 'C:\\xampp\\htdocs...', 1747)
#1 C:\xampp\htdocs\project_ta\system\Email\Email.php(1747): mail('330102130317000...', '=?UTF-8?Q?Reset...', '<!DOCTYPE html ...', 'Date: Sat, 15 J...')
#2 C:\xampp\htdocs\project_ta\system\Email\Email.php(1684): CodeIgniter\Email\Email->sendWithMail()
#3 C:\xampp\htdocs\project_ta\system\Email\Email.php(1578): CodeIgniter\Email\Email->spoolEmail()
#4 C:\xampp\htdocs\project_ta\app\Libraries\SendEmail.php(43): CodeIgniter\Email\Email->send()
#5 C:\xampp\htdocs\project_ta\app\Libraries\AuthLibrary.php(397): App\Libraries\SendEmail->build(Array)
#6 C:\xampp\htdocs\project_ta\app\Libraries\AuthLibrary.php(479): App\Libraries\AuthLibrary->ResetEmail(Array, 'OWY1ZDVkNmIzZjI...')
#7 C:\xampp\htdocs\project_ta\app\Controllers\Auth.php(364): App\Libraries\AuthLibrary->Forgotpassword('330102130317000...')
#8 C:\xampp\htdocs\project_ta\system\CodeIgniter.php(942): App\Controllers\Auth->forgotPassword()
#9 C:\xampp\htdocs\project_ta\system\CodeIgniter.php(502): CodeIgniter\CodeIgniter->runController(Object(App\Controllers\Auth))
#10 C:\xampp\htdocs\project_ta\system\CodeIgniter.php(361): CodeIgniter\CodeIgniter->handleRequest(NULL, Object(Config\Cache), false)
#11 C:\xampp\htdocs\project_ta\index.php(79): CodeIgniter\CodeIgniter->run()
#12 {main}
ERROR - 2024-06-15 15:44:43 --> Email: Unable to send email using PHP mail(). Your server might not be configured to send mail using this method.
ERROR - 2024-06-15 15:44:43 --> 
CRITICAL - 2024-06-15 16:08:39 --> Undefined variable $session
in APPPATH\Views\dashboard\DashboardUser.php on line 13.
 1 APPPATH\Views\dashboard\DashboardUser.php(13): CodeIgniter\Debug\Exceptions->errorHandler(2, 'Undefined variable $session', 'C:\\xampp\\htdocs\\project_ta\\app\\Views\\dashboard\\DashboardUser.php', 13)
 2 SYSTEMPATH\View\View.php(228): include('C:\\xampp\\htdocs\\project_ta\\app\\Views\\dashboard\\DashboardUser.php')
 3 SYSTEMPATH\View\View.php(231): CodeIgniter\View\View->CodeIgniter\View\{closure}()
 4 SYSTEMPATH\Common.php(1190): CodeIgniter\View\View->render('Dashboard/DashboardUser', [], true)
 5 APPPATH\Controllers\DashboardController.php(67): view('Dashboard/DashboardUser', [...])
 6 SYSTEMPATH\CodeIgniter.php(942): App\Controllers\DashboardController->index_user()
 7 SYSTEMPATH\CodeIgniter.php(502): CodeIgniter\CodeIgniter->runController(Object(App\Controllers\DashboardController))
 8 SYSTEMPATH\CodeIgniter.php(361): CodeIgniter\CodeIgniter->handleRequest(null, Object(Config\Cache), false)
 9 FCPATH\index.php(79): CodeIgniter\CodeIgniter->run()
CRITICAL - 2024-06-15 16:09:00 --> Undefined variable $session
in APPPATH\Views\dashboard\DashboardUser.php on line 13.
 1 APPPATH\Views\dashboard\DashboardUser.php(13): CodeIgniter\Debug\Exceptions->errorHandler(2, 'Undefined variable $session', 'C:\\xampp\\htdocs\\project_ta\\app\\Views\\dashboard\\DashboardUser.php', 13)
 2 SYSTEMPATH\View\View.php(228): include('C:\\xampp\\htdocs\\project_ta\\app\\Views\\dashboard\\DashboardUser.php')
 3 SYSTEMPATH\View\View.php(231): CodeIgniter\View\View->CodeIgniter\View\{closure}()
 4 SYSTEMPATH\Common.php(1190): CodeIgniter\View\View->render('Dashboard/DashboardUser', [], true)
 5 APPPATH\Controllers\DashboardController.php(67): view('Dashboard/DashboardUser', [...])
 6 SYSTEMPATH\CodeIgniter.php(942): App\Controllers\DashboardController->index_user()
 7 SYSTEMPATH\CodeIgniter.php(502): CodeIgniter\CodeIgniter->runController(Object(App\Controllers\DashboardController))
 8 SYSTEMPATH\CodeIgniter.php(361): CodeIgniter\CodeIgniter->handleRequest(null, Object(Config\Cache), false)
 9 FCPATH\index.php(79): CodeIgniter\CodeIgniter->run()
