CRITICAL - 2024-08-04 02:06:20 --> Undefined array key "Keuangan"
in APPPATH\Controllers\DashboardController.php on line 112.
 1 APPPATH\Controllers\DashboardController.php(112): CodeIgniter\Debug\Exceptions->errorHandler(2, 'Undefined array key "Keuangan"', 'C:\\xampp\\htdocs\\project_ta\\app\\Controllers\\DashboardController.php', 112)
 2 SYSTEMPATH\CodeIgniter.php(942): App\Controllers\DashboardController->index_user()
 3 SYSTEMPATH\CodeIgniter.php(502): CodeIgniter\CodeIgniter->runController(Object(App\Controllers\DashboardController))
 4 SYSTEMPATH\CodeIgniter.php(361): CodeIgniter\CodeIgniter->handleRequest(null, Object(Config\Cache), false)
 5 FCPATH\index.php(79): CodeIgniter\CodeIgniter->run()
CRITICAL - 2024-08-04 02:06:55 --> Undefined array key "Keuangan"
in APPPATH\Controllers\DashboardController.php on line 112.
 1 APPPATH\Controllers\DashboardController.php(112): CodeIgniter\Debug\Exceptions->errorHandler(2, 'Undefined array key "Keuangan"', 'C:\\xampp\\htdocs\\project_ta\\app\\Controllers\\DashboardController.php', 112)
 2 SYSTEMPATH\CodeIgniter.php(942): App\Controllers\DashboardController->index_user()
 3 SYSTEMPATH\CodeIgniter.php(502): CodeIgniter\CodeIgniter->runController(Object(App\Controllers\DashboardController))
 4 SYSTEMPATH\CodeIgniter.php(361): CodeIgniter\CodeIgniter->handleRequest(null, Object(Config\Cache), false)
 5 FCPATH\index.php(79): CodeIgniter\CodeIgniter->run()
CRITICAL - 2024-08-04 02:06:56 --> Undefined array key "Keuangan"
in APPPATH\Controllers\DashboardController.php on line 112.
 1 APPPATH\Controllers\DashboardController.php(112): CodeIgniter\Debug\Exceptions->errorHandler(2, 'Undefined array key "Keuangan"', 'C:\\xampp\\htdocs\\project_ta\\app\\Controllers\\DashboardController.php', 112)
 2 SYSTEMPATH\CodeIgniter.php(942): App\Controllers\DashboardController->index_user()
 3 SYSTEMPATH\CodeIgniter.php(502): CodeIgniter\CodeIgniter->runController(Object(App\Controllers\DashboardController))
 4 SYSTEMPATH\CodeIgniter.php(361): CodeIgniter\CodeIgniter->handleRequest(null, Object(Config\Cache), false)
 5 FCPATH\index.php(79): CodeIgniter\CodeIgniter->run()
CRITICAL - 2024-08-04 04:11:17 --> Undefined variable $kategoriStatusCounts
in APPPATH\Controllers\DashboardController.php on line 80.
 1 APPPATH\Controllers\DashboardController.php(80): CodeIgniter\Debug\Exceptions->errorHandler(2, 'Undefined variable $kategoriStatusCounts', 'C:\\xampp\\htdocs\\project_ta\\app\\Controllers\\DashboardController.php', 80)
 2 SYSTEMPATH\CodeIgniter.php(942): App\Controllers\DashboardController->index()
 3 SYSTEMPATH\CodeIgniter.php(502): CodeIgniter\CodeIgniter->runController(Object(App\Controllers\DashboardController))
 4 SYSTEMPATH\CodeIgniter.php(361): CodeIgniter\CodeIgniter->handleRequest(null, Object(Config\Cache), false)
 5 FCPATH\index.php(79): CodeIgniter\CodeIgniter->run()
CRITICAL - 2024-08-04 17:50:22 --> Unmatched '}'
in APPPATH\Views\dashboard\DashboardUser.php on line 146.
 1 SYSTEMPATH\View\View.php(231): CodeIgniter\View\View->CodeIgniter\View\{closure}()
 2 SYSTEMPATH\Common.php(1190): CodeIgniter\View\View->render('Dashboard/DashboardUser', [], true)
 3 APPPATH\Controllers\DashboardController.php(121): view('Dashboard/DashboardUser', [...])
 4 SYSTEMPATH\CodeIgniter.php(942): App\Controllers\DashboardController->index_user()
 5 SYSTEMPATH\CodeIgniter.php(502): CodeIgniter\CodeIgniter->runController(Object(App\Controllers\DashboardController))
 6 SYSTEMPATH\CodeIgniter.php(361): CodeIgniter\CodeIgniter->handleRequest(null, Object(Config\Cache), false)
 7 FCPATH\index.php(79): CodeIgniter\CodeIgniter->run()
CRITICAL - 2024-08-04 18:46:57 --> Undefined variable $kategoriStatusCountsUser
in APPPATH\Views\dashboard\dashboard.php on line 170.
 1 APPPATH\Views\dashboard\dashboard.php(170): CodeIgniter\Debug\Exceptions->errorHandler(2, 'Undefined variable $kategoriStatusCountsUser', 'C:\\xampp\\htdocs\\project_ta\\app\\Views\\dashboard\\dashboard.php', 170)
 2 SYSTEMPATH\View\View.php(228): include('C:\\xampp\\htdocs\\project_ta\\app\\Views\\dashboard\\dashboard.php')
 3 SYSTEMPATH\View\View.php(231): CodeIgniter\View\View->CodeIgniter\View\{closure}()
 4 SYSTEMPATH\Common.php(1190): CodeIgniter\View\View->render('Dashboard/Dashboard', [], true)
 5 APPPATH\Controllers\DashboardController.php(85): view('Dashboard/Dashboard', [...])
 6 SYSTEMPATH\CodeIgniter.php(942): App\Controllers\DashboardController->index()
 7 SYSTEMPATH\CodeIgniter.php(502): CodeIgniter\CodeIgniter->runController(Object(App\Controllers\DashboardController))
 8 SYSTEMPATH\CodeIgniter.php(361): CodeIgniter\CodeIgniter->handleRequest(null, Object(Config\Cache), false)
 9 FCPATH\index.php(79): CodeIgniter\CodeIgniter->run()
CRITICAL - 2024-08-04 20:04:54 --> Trying to access array offset on value of type null
in APPPATH\Views\securityQuestion.php on line 48.
 1 APPPATH\Views\securityQuestion.php(48): CodeIgniter\Debug\Exceptions->errorHandler(2, 'Trying to access array offset on value of type null', 'C:\\xampp\\htdocs\\project_ta\\app\\Views\\securityQuestion.php', 48)
 2 SYSTEMPATH\View\View.php(228): include('C:\\xampp\\htdocs\\project_ta\\app\\Views\\securityQuestion.php')
 3 SYSTEMPATH\View\View.php(231): CodeIgniter\View\View->CodeIgniter\View\{closure}()
 4 SYSTEMPATH\Common.php(1190): CodeIgniter\View\View->render('securityQuestion', [], true)
 5 APPPATH\Controllers\Auth.php(289): view('securityQuestion', [...])
 6 SYSTEMPATH\CodeIgniter.php(942): App\Controllers\Auth->securityQuestion()
 7 SYSTEMPATH\CodeIgniter.php(502): CodeIgniter\CodeIgniter->runController(Object(App\Controllers\Auth))
 8 SYSTEMPATH\CodeIgniter.php(361): CodeIgniter\CodeIgniter->handleRequest(null, Object(Config\Cache), false)
 9 FCPATH\index.php(79): CodeIgniter\CodeIgniter->run()
CRITICAL - 2024-08-04 20:06:53 --> Trying to access array offset on value of type null
in APPPATH\Views\securityQuestion.php on line 48.
 1 APPPATH\Views\securityQuestion.php(48): CodeIgniter\Debug\Exceptions->errorHandler(2, 'Trying to access array offset on value of type null', 'C:\\xampp\\htdocs\\project_ta\\app\\Views\\securityQuestion.php', 48)
 2 SYSTEMPATH\View\View.php(228): include('C:\\xampp\\htdocs\\project_ta\\app\\Views\\securityQuestion.php')
 3 SYSTEMPATH\View\View.php(231): CodeIgniter\View\View->CodeIgniter\View\{closure}()
 4 SYSTEMPATH\Common.php(1190): CodeIgniter\View\View->render('securityQuestion', [], true)
 5 APPPATH\Controllers\Auth.php(290): view('securityQuestion', [...])
 6 SYSTEMPATH\CodeIgniter.php(942): App\Controllers\Auth->securityQuestion()
 7 SYSTEMPATH\CodeIgniter.php(502): CodeIgniter\CodeIgniter->runController(Object(App\Controllers\Auth))
 8 SYSTEMPATH\CodeIgniter.php(361): CodeIgniter\CodeIgniter->handleRequest(null, Object(Config\Cache), false)
 9 FCPATH\index.php(79): CodeIgniter\CodeIgniter->run()
CRITICAL - 2024-08-04 20:07:28 --> Trying to access array offset on value of type null
in APPPATH\Views\securityQuestion.php on line 48.
 1 APPPATH\Views\securityQuestion.php(48): CodeIgniter\Debug\Exceptions->errorHandler(2, 'Trying to access array offset on value of type null', 'C:\\xampp\\htdocs\\project_ta\\app\\Views\\securityQuestion.php', 48)
 2 SYSTEMPATH\View\View.php(228): include('C:\\xampp\\htdocs\\project_ta\\app\\Views\\securityQuestion.php')
 3 SYSTEMPATH\View\View.php(231): CodeIgniter\View\View->CodeIgniter\View\{closure}()
 4 SYSTEMPATH\Common.php(1190): CodeIgniter\View\View->render('securityQuestion', [], true)
 5 APPPATH\Controllers\Auth.php(290): view('securityQuestion', [...])
 6 SYSTEMPATH\CodeIgniter.php(942): App\Controllers\Auth->securityQuestion()
 7 SYSTEMPATH\CodeIgniter.php(502): CodeIgniter\CodeIgniter->runController(Object(App\Controllers\Auth))
 8 SYSTEMPATH\CodeIgniter.php(361): CodeIgniter\CodeIgniter->handleRequest(null, Object(Config\Cache), false)
 9 FCPATH\index.php(79): CodeIgniter\CodeIgniter->run()
CRITICAL - 2024-08-04 20:09:34 --> Trying to access array offset on value of type null
in APPPATH\Views\securityQuestion.php on line 35.
 1 APPPATH\Views\securityQuestion.php(35): CodeIgniter\Debug\Exceptions->errorHandler(2, 'Trying to access array offset on value of type null', 'C:\\xampp\\htdocs\\project_ta\\app\\Views\\securityQuestion.php', 35)
 2 SYSTEMPATH\View\View.php(228): include('C:\\xampp\\htdocs\\project_ta\\app\\Views\\securityQuestion.php')
 3 SYSTEMPATH\View\View.php(231): CodeIgniter\View\View->CodeIgniter\View\{closure}()
 4 SYSTEMPATH\Common.php(1190): CodeIgniter\View\View->render('securityQuestion', [], true)
 5 APPPATH\Controllers\Auth.php(290): view('securityQuestion', [...])
 6 SYSTEMPATH\CodeIgniter.php(942): App\Controllers\Auth->securityQuestion()
 7 SYSTEMPATH\CodeIgniter.php(502): CodeIgniter\CodeIgniter->runController(Object(App\Controllers\Auth))
 8 SYSTEMPATH\CodeIgniter.php(361): CodeIgniter\CodeIgniter->handleRequest(null, Object(Config\Cache), false)
 9 FCPATH\index.php(79): CodeIgniter\CodeIgniter->run()
CRITICAL - 2024-08-04 20:18:52 --> Trying to access array offset on value of type null
in APPPATH\Views\securityQuestion.php on line 35.
 1 APPPATH\Views\securityQuestion.php(35): CodeIgniter\Debug\Exceptions->errorHandler(2, 'Trying to access array offset on value of type null', 'C:\\xampp\\htdocs\\project_ta\\app\\Views\\securityQuestion.php', 35)
 2 SYSTEMPATH\View\View.php(228): include('C:\\xampp\\htdocs\\project_ta\\app\\Views\\securityQuestion.php')
 3 SYSTEMPATH\View\View.php(231): CodeIgniter\View\View->CodeIgniter\View\{closure}()
 4 SYSTEMPATH\Common.php(1190): CodeIgniter\View\View->render('securityQuestion', [], true)
 5 APPPATH\Controllers\Auth.php(291): view('securityQuestion', [...])
 6 SYSTEMPATH\CodeIgniter.php(942): App\Controllers\Auth->securityQuestion()
 7 SYSTEMPATH\CodeIgniter.php(502): CodeIgniter\CodeIgniter->runController(Object(App\Controllers\Auth))
 8 SYSTEMPATH\CodeIgniter.php(361): CodeIgniter\CodeIgniter->handleRequest(null, Object(Config\Cache), false)
 9 FCPATH\index.php(79): CodeIgniter\CodeIgniter->run()
CRITICAL - 2024-08-04 20:19:06 --> Trying to access array offset on value of type null
in APPPATH\Views\securityQuestion.php on line 35.
 1 APPPATH\Views\securityQuestion.php(35): CodeIgniter\Debug\Exceptions->errorHandler(2, 'Trying to access array offset on value of type null', 'C:\\xampp\\htdocs\\project_ta\\app\\Views\\securityQuestion.php', 35)
 2 SYSTEMPATH\View\View.php(228): include('C:\\xampp\\htdocs\\project_ta\\app\\Views\\securityQuestion.php')
 3 SYSTEMPATH\View\View.php(231): CodeIgniter\View\View->CodeIgniter\View\{closure}()
 4 SYSTEMPATH\Common.php(1190): CodeIgniter\View\View->render('securityQuestion', [], true)
 5 APPPATH\Controllers\Auth.php(291): view('securityQuestion', [...])
 6 SYSTEMPATH\CodeIgniter.php(942): App\Controllers\Auth->securityQuestion()
 7 SYSTEMPATH\CodeIgniter.php(502): CodeIgniter\CodeIgniter->runController(Object(App\Controllers\Auth))
 8 SYSTEMPATH\CodeIgniter.php(361): CodeIgniter\CodeIgniter->handleRequest(null, Object(Config\Cache), false)
 9 FCPATH\index.php(79): CodeIgniter\CodeIgniter->run()
CRITICAL - 2024-08-04 20:19:13 --> Trying to access array offset on value of type null
in APPPATH\Views\securityQuestion.php on line 35.
 1 APPPATH\Views\securityQuestion.php(35): CodeIgniter\Debug\Exceptions->errorHandler(2, 'Trying to access array offset on value of type null', 'C:\\xampp\\htdocs\\project_ta\\app\\Views\\securityQuestion.php', 35)
 2 SYSTEMPATH\View\View.php(228): include('C:\\xampp\\htdocs\\project_ta\\app\\Views\\securityQuestion.php')
 3 SYSTEMPATH\View\View.php(231): CodeIgniter\View\View->CodeIgniter\View\{closure}()
 4 SYSTEMPATH\Common.php(1190): CodeIgniter\View\View->render('securityQuestion', [], true)
 5 APPPATH\Controllers\Auth.php(291): view('securityQuestion', [...])
 6 SYSTEMPATH\CodeIgniter.php(942): App\Controllers\Auth->securityQuestion()
 7 SYSTEMPATH\CodeIgniter.php(502): CodeIgniter\CodeIgniter->runController(Object(App\Controllers\Auth))
 8 SYSTEMPATH\CodeIgniter.php(361): CodeIgniter\CodeIgniter->handleRequest(null, Object(Config\Cache), false)
 9 FCPATH\index.php(79): CodeIgniter\CodeIgniter->run()
CRITICAL - 2024-08-04 20:35:45 --> Undefined variable $nik
in APPPATH\Controllers\Auth.php on line 301.
 1 APPPATH\Controllers\Auth.php(301): CodeIgniter\Debug\Exceptions->errorHandler(2, 'Undefined variable $nik', 'C:\\xampp\\htdocs\\project_ta\\app\\Controllers\\Auth.php', 301)
 2 SYSTEMPATH\CodeIgniter.php(942): App\Controllers\Auth->securityQuestionWali()
 3 SYSTEMPATH\CodeIgniter.php(502): CodeIgniter\CodeIgniter->runController(Object(App\Controllers\Auth))
 4 SYSTEMPATH\CodeIgniter.php(361): CodeIgniter\CodeIgniter->handleRequest(null, Object(Config\Cache), false)
 5 FCPATH\index.php(79): CodeIgniter\CodeIgniter->run()
