CRITICAL - 2024-08-08 00:05:25 --> Invalid file: "securityQuestionWali.php"
in SYSTEMPATH\Exceptions\FrameworkException.php on line 39.
 1 SYSTEMPATH\View\View.php(216): CodeIgniter\Exceptions\FrameworkException::forInvalidFile('securityQuestionWali.php')
 2 SYSTEMPATH\Common.php(1190): CodeIgniter\View\View->render('securityQuestionWali', [], true)
 3 APPPATH\Controllers\Auth.php(361): view('securityQuestionWali', [...])
 4 SYSTEMPATH\CodeIgniter.php(942): App\Controllers\Auth->cekPertanyaan()
 5 SYSTEMPATH\CodeIgniter.php(502): CodeIgniter\CodeIgniter->runController(Object(App\Controllers\Auth))
 6 SYSTEMPATH\CodeIgniter.php(361): CodeIgniter\CodeIgniter->handleRequest(null, Object(Config\Cache), false)
 7 FCPATH\index.php(79): CodeIgniter\CodeIgniter->run()
CRITICAL - 2024-08-08 00:06:36 --> CodeIgniter\HTTP\RedirectResponse::to(): Argument #2 ($code) must be of type ?int, array given, called in C:\xampp\htdocs\project_ta\app\Controllers\Auth.php on line 361
in SYSTEMPATH\HTTP\RedirectResponse.php on line 34.
 1 APPPATH\Controllers\Auth.php(361): CodeIgniter\HTTP\RedirectResponse->to('securityQuestionWali', [...])
 2 SYSTEMPATH\CodeIgniter.php(942): App\Controllers\Auth->cekPertanyaan()
 3 SYSTEMPATH\CodeIgniter.php(502): CodeIgniter\CodeIgniter->runController(Object(App\Controllers\Auth))
 4 SYSTEMPATH\CodeIgniter.php(361): CodeIgniter\CodeIgniter->handleRequest(null, Object(Config\Cache), false)
 5 FCPATH\index.php(79): CodeIgniter\CodeIgniter->run()
CRITICAL - 2024-08-08 03:20:33 --> syntax error, unexpected double-quoted string ">", expecting "," or ";"
in APPPATH\Views\securityQuestion.php on line 130.
 1 SYSTEMPATH\View\View.php(231): CodeIgniter\View\View->CodeIgniter\View\{closure}()
 2 SYSTEMPATH\Common.php(1190): CodeIgniter\View\View->render('securityQuestion', [], true)
 3 APPPATH\Controllers\Auth.php(360): view('securityQuestion', [...])
 4 SYSTEMPATH\CodeIgniter.php(942): App\Controllers\Auth->cekPertanyaan()
 5 SYSTEMPATH\CodeIgniter.php(502): CodeIgniter\CodeIgniter->runController(Object(App\Controllers\Auth))
 6 SYSTEMPATH\CodeIgniter.php(361): CodeIgniter\CodeIgniter->handleRequest(null, Object(Config\Cache), false)
 7 FCPATH\index.php(79): CodeIgniter\CodeIgniter->run()
CRITICAL - 2024-08-08 04:38:43 --> Undefined array key "role"
in APPPATH\Views\Crm\Crm.php on line 188.
 1 APPPATH\Views\Crm\Crm.php(188): CodeIgniter\Debug\Exceptions->errorHandler(2, 'Undefined array key "role"', 'C:\\xampp\\htdocs\\project_ta\\app\\Views\\Crm\\Crm.php', 188)
 2 SYSTEMPATH\View\View.php(228): include('C:\\xampp\\htdocs\\project_ta\\app\\Views\\Crm\\Crm.php')
 3 SYSTEMPATH\View\View.php(231): CodeIgniter\View\View->CodeIgniter\View\{closure}()
 4 SYSTEMPATH\Common.php(1190): CodeIgniter\View\View->render('Crm/crm', [], true)
 5 APPPATH\Controllers\CrmController.php(80): view('Crm/crm', [...])
 6 SYSTEMPATH\CodeIgniter.php(942): App\Controllers\CrmController->index()
 7 SYSTEMPATH\CodeIgniter.php(502): CodeIgniter\CodeIgniter->runController(Object(App\Controllers\CrmController))
 8 SYSTEMPATH\CodeIgniter.php(361): CodeIgniter\CodeIgniter->handleRequest(null, Object(Config\Cache), false)
 9 FCPATH\index.php(79): CodeIgniter\CodeIgniter->run()
CRITICAL - 2024-08-08 04:38:55 --> Undefined array key "role"
in APPPATH\Views\Crm\Crm.php on line 188.
 1 APPPATH\Views\Crm\Crm.php(188): CodeIgniter\Debug\Exceptions->errorHandler(2, 'Undefined array key "role"', 'C:\\xampp\\htdocs\\project_ta\\app\\Views\\Crm\\Crm.php', 188)
 2 SYSTEMPATH\View\View.php(228): include('C:\\xampp\\htdocs\\project_ta\\app\\Views\\Crm\\Crm.php')
 3 SYSTEMPATH\View\View.php(231): CodeIgniter\View\View->CodeIgniter\View\{closure}()
 4 SYSTEMPATH\Common.php(1190): CodeIgniter\View\View->render('Crm/crm', [], true)
 5 APPPATH\Controllers\CrmController.php(80): view('Crm/crm', [...])
 6 SYSTEMPATH\CodeIgniter.php(942): App\Controllers\CrmController->index()
 7 SYSTEMPATH\CodeIgniter.php(502): CodeIgniter\CodeIgniter->runController(Object(App\Controllers\CrmController))
 8 SYSTEMPATH\CodeIgniter.php(361): CodeIgniter\CodeIgniter->handleRequest(null, Object(Config\Cache), false)
 9 FCPATH\index.php(79): CodeIgniter\CodeIgniter->run()
