CRITICAL - 2024-07-24 18:25:34 --> Undefined variable $user
in APPPATH\Views\dashboard\DashboardUser.php on line 141.
 1 APPPATH\Views\dashboard\DashboardUser.php(141): CodeIgniter\Debug\Exceptions->errorHandler(2, 'Undefined variable $user', 'C:\\xampp\\htdocs\\project_ta\\app\\Views\\dashboard\\DashboardUser.php', 141)
 2 SYSTEMPATH\View\View.php(228): include('C:\\xampp\\htdocs\\project_ta\\app\\Views\\dashboard\\DashboardUser.php')
 3 SYSTEMPATH\View\View.php(231): CodeIgniter\View\View->CodeIgniter\View\{closure}()
 4 SYSTEMPATH\Common.php(1190): CodeIgniter\View\View->render('Dashboard/DashboardUser', [], true)
 5 APPPATH\Controllers\DashboardController.php(99): view('Dashboard/DashboardUser', [...])
 6 SYSTEMPATH\CodeIgniter.php(942): App\Controllers\DashboardController->index_user()
 7 SYSTEMPATH\CodeIgniter.php(502): CodeIgniter\CodeIgniter->runController(Object(App\Controllers\DashboardController))
 8 SYSTEMPATH\CodeIgniter.php(361): CodeIgniter\CodeIgniter->handleRequest(null, Object(Config\Cache), false)
 9 FCPATH\index.php(79): CodeIgniter\CodeIgniter->run()
CRITICAL - 2024-07-24 18:37:12 --> Undefined variable $setForgot
in APPPATH\Controllers\DashboardController.php on line 96.
 1 APPPATH\Controllers\DashboardController.php(96): CodeIgniter\Debug\Exceptions->errorHandler(2, 'Undefined variable $setForgot', 'C:\\xampp\\htdocs\\project_ta\\app\\Controllers\\DashboardController.php', 96)
 2 SYSTEMPATH\CodeIgniter.php(942): App\Controllers\DashboardController->index_user()
 3 SYSTEMPATH\CodeIgniter.php(502): CodeIgniter\CodeIgniter->runController(Object(App\Controllers\DashboardController))
 4 SYSTEMPATH\CodeIgniter.php(361): CodeIgniter\CodeIgniter->handleRequest(null, Object(Config\Cache), false)
 5 FCPATH\index.php(79): CodeIgniter\CodeIgniter->run()
CRITICAL - 2024-07-24 20:06:20 --> Call to undefined method App\Libraries\AuthLibrary::editProfile2()
in APPPATH\Controllers\Auth.php on line 288.
 1 SYSTEMPATH\CodeIgniter.php(942): App\Controllers\Auth->security()
 2 SYSTEMPATH\CodeIgniter.php(502): CodeIgniter\CodeIgniter->runController(Object(App\Controllers\Auth))
 3 SYSTEMPATH\CodeIgniter.php(361): CodeIgniter\CodeIgniter->handleRequest(null, Object(Config\Cache), false)
 4 FCPATH\index.php(79): CodeIgniter\CodeIgniter->run()
ERROR - 2024-07-24 22:44:05 --> mysqli_sql_exception: Unknown column 'tc.user_comment' in 'where clause' in C:\xampp\htdocs\project_ta\system\Database\MySQLi\Connection.php:306
Stack trace:
#0 C:\xampp\htdocs\project_ta\system\Database\MySQLi\Connection.php(306): mysqli->query('SELECT *\nFROM `...', 0)
#1 C:\xampp\htdocs\project_ta\system\Database\BaseConnection.php(693): CodeIgniter\Database\MySQLi\Connection->execute('SELECT *\nFROM `...')
#2 C:\xampp\htdocs\project_ta\system\Database\BaseConnection.php(607): CodeIgniter\Database\BaseConnection->simpleQuery('SELECT *\nFROM `...')
#3 C:\xampp\htdocs\project_ta\system\Database\BaseBuilder.php(1615): CodeIgniter\Database\BaseConnection->query('SELECT *\nFROM `...', Array, false)
#4 C:\xampp\htdocs\project_ta\app\Models\ModelKomentar.php(89): CodeIgniter\Database\BaseBuilder->get()
#5 C:\xampp\htdocs\project_ta\app\Controllers\CrmController.php(135): App\Models\ModelKomentar->readKomentarUser('116', '0161281523')
#6 C:\xampp\htdocs\project_ta\system\CodeIgniter.php(942): App\Controllers\CrmController->detail('116')
#7 C:\xampp\htdocs\project_ta\system\CodeIgniter.php(502): CodeIgniter\CodeIgniter->runController(Object(App\Controllers\CrmController))
#8 C:\xampp\htdocs\project_ta\system\CodeIgniter.php(361): CodeIgniter\CodeIgniter->handleRequest(NULL, Object(Config\Cache), false)
#9 C:\xampp\htdocs\project_ta\index.php(79): CodeIgniter\CodeIgniter->run()
#10 {main}
CRITICAL - 2024-07-24 22:44:05 --> Unknown column 'tc.user_comment' in 'where clause'
in SYSTEMPATH\Database\BaseConnection.php on line 647.
 1 SYSTEMPATH\Database\BaseBuilder.php(1615): CodeIgniter\Database\BaseConnection->query('SELECT *
FROM `tbl_komentar` `tk`
LEFT JOIN `tbl_crm` `tc` ON `tc`.`id_crm` = `tk`.`id_crm`
WHERE `tk`.`id_crm` = :tk.id_crm:
AND `tc`.`user_comment` = :tc.user_comment:', [...], false)
 2 APPPATH\Models\ModelKomentar.php(89): CodeIgniter\Database\BaseBuilder->get()
 3 APPPATH\Controllers\CrmController.php(135): App\Models\ModelKomentar->readKomentarUser('116', '0161281523')
 4 SYSTEMPATH\CodeIgniter.php(942): App\Controllers\CrmController->detail('116')
 5 SYSTEMPATH\CodeIgniter.php(502): CodeIgniter\CodeIgniter->runController(Object(App\Controllers\CrmController))
 6 SYSTEMPATH\CodeIgniter.php(361): CodeIgniter\CodeIgniter->handleRequest(null, Object(Config\Cache), false)
 7 FCPATH\index.php(79): CodeIgniter\CodeIgniter->run()
CRITICAL - 2024-07-24 23:21:38 --> Undefined variable $crm
in APPPATH\Controllers\CrmController.php on line 38.
 1 APPPATH\Controllers\CrmController.php(38): CodeIgniter\Debug\Exceptions->errorHandler(2, 'Undefined variable $crm', 'C:\\xampp\\htdocs\\project_ta\\app\\Controllers\\CrmController.php', 38)
 2 SYSTEMPATH\CodeIgniter.php(942): App\Controllers\CrmController->index()
 3 SYSTEMPATH\CodeIgniter.php(502): CodeIgniter\CodeIgniter->runController(Object(App\Controllers\CrmController))
 4 SYSTEMPATH\CodeIgniter.php(361): CodeIgniter\CodeIgniter->handleRequest(null, Object(Config\Cache), false)
 5 FCPATH\index.php(79): CodeIgniter\CodeIgniter->run()
CRITICAL - 2024-07-24 23:22:36 --> Undefined variable $newKomentar
in APPPATH\Controllers\CrmController.php on line 78.
 1 APPPATH\Controllers\CrmController.php(78): CodeIgniter\Debug\Exceptions->errorHandler(2, 'Undefined variable $newKomentar', 'C:\\xampp\\htdocs\\project_ta\\app\\Controllers\\CrmController.php', 78)
 2 SYSTEMPATH\CodeIgniter.php(942): App\Controllers\CrmController->index()
 3 SYSTEMPATH\CodeIgniter.php(502): CodeIgniter\CodeIgniter->runController(Object(App\Controllers\CrmController))
 4 SYSTEMPATH\CodeIgniter.php(361): CodeIgniter\CodeIgniter->handleRequest(null, Object(Config\Cache), false)
 5 FCPATH\index.php(79): CodeIgniter\CodeIgniter->run()
CRITICAL - 2024-07-24 23:22:46 --> Undefined variable $newKomentar
in APPPATH\Views\Crm\Crm.php on line 199.
 1 APPPATH\Views\Crm\Crm.php(199): CodeIgniter\Debug\Exceptions->errorHandler(2, 'Undefined variable $newKomentar', 'C:\\xampp\\htdocs\\project_ta\\app\\Views\\Crm\\Crm.php', 199)
 2 SYSTEMPATH\View\View.php(228): include('C:\\xampp\\htdocs\\project_ta\\app\\Views\\Crm\\Crm.php')
 3 SYSTEMPATH\View\View.php(231): CodeIgniter\View\View->CodeIgniter\View\{closure}()
 4 SYSTEMPATH\Common.php(1190): CodeIgniter\View\View->render('Crm/crm', [], true)
 5 APPPATH\Controllers\CrmController.php(81): view('Crm/crm', [...])
 6 SYSTEMPATH\CodeIgniter.php(942): App\Controllers\CrmController->index()
 7 SYSTEMPATH\CodeIgniter.php(502): CodeIgniter\CodeIgniter->runController(Object(App\Controllers\CrmController))
 8 SYSTEMPATH\CodeIgniter.php(361): CodeIgniter\CodeIgniter->handleRequest(null, Object(Config\Cache), false)
 9 FCPATH\index.php(79): CodeIgniter\CodeIgniter->run()
CRITICAL - 2024-07-24 23:23:35 --> Undefined variable $crm
in APPPATH\Controllers\CrmController.php on line 86.
 1 APPPATH\Controllers\CrmController.php(86): CodeIgniter\Debug\Exceptions->errorHandler(2, 'Undefined variable $crm', 'C:\\xampp\\htdocs\\project_ta\\app\\Controllers\\CrmController.php', 86)
 2 SYSTEMPATH\CodeIgniter.php(942): App\Controllers\CrmController->index_user()
 3 SYSTEMPATH\CodeIgniter.php(502): CodeIgniter\CodeIgniter->runController(Object(App\Controllers\CrmController))
 4 SYSTEMPATH\CodeIgniter.php(361): CodeIgniter\CodeIgniter->handleRequest(null, Object(Config\Cache), false)
 5 FCPATH\index.php(79): CodeIgniter\CodeIgniter->run()
