CRITICAL - 2024-08-05 05:15:14 --> Undefined variable $title
in APPPATH\Views\layout_login\header_forgot.php on line 6.
 1 APPPATH\Views\layout_login\header_forgot.php(6): CodeIgniter\Debug\Exceptions->errorHandler(2, 'Undefined variable $title', 'C:\\xampp\\htdocs\\project_ta\\app\\Views\\layout_login\\header_forgot.php', 6)
 2 SYSTEMPATH\View\View.php(228): include('C:\\xampp\\htdocs\\project_ta\\app\\Views\\layout_login\\header_forgot.php')
 3 SYSTEMPATH\View\View.php(231): CodeIgniter\View\View->CodeIgniter\View\{closure}()
 4 SYSTEMPATH\View\View.php(244): CodeIgniter\View\View->render('layout_login/header_forgot', [], true)
 5 SYSTEMPATH\Common.php(1190): CodeIgniter\View\View->render('kirimEmailUser', [], true)
 6 APPPATH\Controllers\Auth.php(436): view('kirimEmailUser')
 7 SYSTEMPATH\CodeIgniter.php(942): App\Controllers\Auth->viewKirimEmailUser()
 8 SYSTEMPATH\CodeIgniter.php(502): CodeIgniter\CodeIgniter->runController(Object(App\Controllers\Auth))
 9 SYSTEMPATH\CodeIgniter.php(361): CodeIgniter\CodeIgniter->handleRequest(null, Object(Config\Cache), false)
10 FCPATH\index.php(79): CodeIgniter\CodeIgniter->run()
CRITICAL - 2024-08-05 05:16:04 --> view(): Argument #2 ($data) must be of type array, string given, called in C:\xampp\htdocs\project_ta\app\Controllers\Auth.php on line 437
in SYSTEMPATH\Common.php on line 1178.
 1 APPPATH\Controllers\Auth.php(437): view('kirimEmailUser', 'Kirim Email')
 2 SYSTEMPATH\CodeIgniter.php(942): App\Controllers\Auth->viewKirimEmailUser()
 3 SYSTEMPATH\CodeIgniter.php(502): CodeIgniter\CodeIgniter->runController(Object(App\Controllers\Auth))
 4 SYSTEMPATH\CodeIgniter.php(361): CodeIgniter\CodeIgniter->handleRequest(null, Object(Config\Cache), false)
 5 FCPATH\index.php(79): CodeIgniter\CodeIgniter->run()
CRITICAL - 2024-08-05 05:16:06 --> view(): Argument #2 ($data) must be of type array, string given, called in C:\xampp\htdocs\project_ta\app\Controllers\Auth.php on line 437
in SYSTEMPATH\Common.php on line 1178.
 1 APPPATH\Controllers\Auth.php(437): view('kirimEmailUser', 'Kirim Email')
 2 SYSTEMPATH\CodeIgniter.php(942): App\Controllers\Auth->viewKirimEmailUser()
 3 SYSTEMPATH\CodeIgniter.php(502): CodeIgniter\CodeIgniter->runController(Object(App\Controllers\Auth))
 4 SYSTEMPATH\CodeIgniter.php(361): CodeIgniter\CodeIgniter->handleRequest(null, Object(Config\Cache), false)
 5 FCPATH\index.php(79): CodeIgniter\CodeIgniter->run()
CRITICAL - 2024-08-05 05:17:30 --> Undefined variable $title
in APPPATH\Views\layout_login\header_forgot.php on line 6.
 1 APPPATH\Views\layout_login\header_forgot.php(6): CodeIgniter\Debug\Exceptions->errorHandler(2, 'Undefined variable $title', 'C:\\xampp\\htdocs\\project_ta\\app\\Views\\layout_login\\header_forgot.php', 6)
 2 SYSTEMPATH\View\View.php(228): include('C:\\xampp\\htdocs\\project_ta\\app\\Views\\layout_login\\header_forgot.php')
 3 SYSTEMPATH\View\View.php(231): CodeIgniter\View\View->CodeIgniter\View\{closure}()
 4 SYSTEMPATH\View\View.php(244): CodeIgniter\View\View->render('layout_login/header_forgot', [], true)
 5 SYSTEMPATH\Common.php(1190): CodeIgniter\View\View->render('kirimEmail', [], true)
 6 APPPATH\Controllers\Auth.php(431): view('kirimEmail')
 7 SYSTEMPATH\CodeIgniter.php(942): App\Controllers\Auth->viewKirimEmail()
 8 SYSTEMPATH\CodeIgniter.php(502): CodeIgniter\CodeIgniter->runController(Object(App\Controllers\Auth))
 9 SYSTEMPATH\CodeIgniter.php(361): CodeIgniter\CodeIgniter->handleRequest(null, Object(Config\Cache), false)
10 FCPATH\index.php(79): CodeIgniter\CodeIgniter->run()
CRITICAL - 2024-08-05 05:18:12 --> Undefined variable $title
in APPPATH\Views\layout_login\header_forgot.php on line 6.
 1 APPPATH\Views\layout_login\header_forgot.php(6): CodeIgniter\Debug\Exceptions->errorHandler(2, 'Undefined variable $title', 'C:\\xampp\\htdocs\\project_ta\\app\\Views\\layout_login\\header_forgot.php', 6)
 2 SYSTEMPATH\View\View.php(228): include('C:\\xampp\\htdocs\\project_ta\\app\\Views\\layout_login\\header_forgot.php')
 3 SYSTEMPATH\View\View.php(231): CodeIgniter\View\View->CodeIgniter\View\{closure}()
 4 SYSTEMPATH\View\View.php(244): CodeIgniter\View\View->render('layout_login/header_forgot', [], true)
 5 SYSTEMPATH\Common.php(1190): CodeIgniter\View\View->render('toForgot', [], true)
 6 APPPATH\Controllers\Auth.php(211): view('toForgot')
 7 SYSTEMPATH\CodeIgniter.php(942): App\Controllers\Auth->toForgot()
 8 SYSTEMPATH\CodeIgniter.php(502): CodeIgniter\CodeIgniter->runController(Object(App\Controllers\Auth))
 9 SYSTEMPATH\CodeIgniter.php(361): CodeIgniter\CodeIgniter->handleRequest(null, Object(Config\Cache), false)
10 FCPATH\index.php(79): CodeIgniter\CodeIgniter->run()
CRITICAL - 2024-08-05 06:16:31 --> CodeIgniter\BaseModel::transformDataToArray(): Return value must be of type array, string returned
in SYSTEMPATH\BaseModel.php on line 1752.
 1 SYSTEMPATH\BaseModel.php(916): CodeIgniter\BaseModel->transformDataToArray('sea@s.com', 'update')
 2 SYSTEMPATH\Model.php(776): CodeIgniter\BaseModel->update([...], 'sea@s.com')
 3 APPPATH\Controllers\Auth.php(268): CodeIgniter\Model->update('email', 'sea@s.com')
 4 SYSTEMPATH\CodeIgniter.php(942): App\Controllers\Auth->changeEmail()
 5 SYSTEMPATH\CodeIgniter.php(502): CodeIgniter\CodeIgniter->runController(Object(App\Controllers\Auth))
 6 SYSTEMPATH\CodeIgniter.php(361): CodeIgniter\CodeIgniter->handleRequest(null, Object(Config\Cache), false)
 7 FCPATH\index.php(79): CodeIgniter\CodeIgniter->run()
CRITICAL - 2024-08-05 06:17:11 --> CodeIgniter\BaseModel::transformDataToArray(): Return value must be of type array, string returned
in SYSTEMPATH\BaseModel.php on line 1752.
 1 SYSTEMPATH\BaseModel.php(916): CodeIgniter\BaseModel->transformDataToArray('sea@s.com', 'update')
 2 SYSTEMPATH\Model.php(776): CodeIgniter\BaseModel->update([...], 'sea@s.com')
 3 APPPATH\Controllers\Auth.php(268): CodeIgniter\Model->update('email', 'sea@s.com')
 4 SYSTEMPATH\CodeIgniter.php(942): App\Controllers\Auth->changeEmail()
 5 SYSTEMPATH\CodeIgniter.php(502): CodeIgniter\CodeIgniter->runController(Object(App\Controllers\Auth))
 6 SYSTEMPATH\CodeIgniter.php(361): CodeIgniter\CodeIgniter->handleRequest(null, Object(Config\Cache), false)
 7 FCPATH\index.php(79): CodeIgniter\CodeIgniter->run()
CRITICAL - 2024-08-05 08:03:17 --> Undefined variable $title
in APPPATH\Views\layout_login\header_forgot.php on line 6.
 1 APPPATH\Views\layout_login\header_forgot.php(6): CodeIgniter\Debug\Exceptions->errorHandler(2, 'Undefined variable $title', 'C:\\xampp\\htdocs\\project_ta\\app\\Views\\layout_login\\header_forgot.php', 6)
 2 SYSTEMPATH\View\View.php(228): include('C:\\xampp\\htdocs\\project_ta\\app\\Views\\layout_login\\header_forgot.php')
 3 SYSTEMPATH\View\View.php(231): CodeIgniter\View\View->CodeIgniter\View\{closure}()
 4 SYSTEMPATH\View\View.php(244): CodeIgniter\View\View->render('layout_login/header_forgot', [], true)
 5 SYSTEMPATH\Common.php(1190): CodeIgniter\View\View->render('securityQuestion', [], true)
 6 APPPATH\Controllers\Auth.php(293): view('securityQuestion', [...])
 7 SYSTEMPATH\CodeIgniter.php(942): App\Controllers\Auth->securityQuestion()
 8 SYSTEMPATH\CodeIgniter.php(502): CodeIgniter\CodeIgniter->runController(Object(App\Controllers\Auth))
 9 SYSTEMPATH\CodeIgniter.php(361): CodeIgniter\CodeIgniter->handleRequest(null, Object(Config\Cache), false)
10 FCPATH\index.php(79): CodeIgniter\CodeIgniter->run()
CRITICAL - 2024-08-05 12:29:14 --> Undefined array key ""
in APPPATH\Views\account.php on line 45.
 1 APPPATH\Views\account.php(45): CodeIgniter\Debug\Exceptions->errorHandler(2, 'Undefined array key ""', 'C:\\xampp\\htdocs\\project_ta\\app\\Views\\account.php', 45)
 2 SYSTEMPATH\View\View.php(228): include('C:\\xampp\\htdocs\\project_ta\\app\\Views\\account.php')
 3 SYSTEMPATH\View\View.php(231): CodeIgniter\View\View->CodeIgniter\View\{closure}()
 4 SYSTEMPATH\Common.php(1190): CodeIgniter\View\View->render('account', [], true)
 5 APPPATH\Controllers\Auth.php(144): view('account', [...])
 6 SYSTEMPATH\CodeIgniter.php(942): App\Controllers\Auth->account()
 7 SYSTEMPATH\CodeIgniter.php(502): CodeIgniter\CodeIgniter->runController(Object(App\Controllers\Auth))
 8 SYSTEMPATH\CodeIgniter.php(361): CodeIgniter\CodeIgniter->handleRequest(null, Object(Config\Cache), false)
 9 FCPATH\index.php(79): CodeIgniter\CodeIgniter->run()
CRITICAL - 2024-08-05 12:29:28 --> Undefined array key ""
in APPPATH\Views\account.php on line 45.
 1 APPPATH\Views\account.php(45): CodeIgniter\Debug\Exceptions->errorHandler(2, 'Undefined array key ""', 'C:\\xampp\\htdocs\\project_ta\\app\\Views\\account.php', 45)
 2 SYSTEMPATH\View\View.php(228): include('C:\\xampp\\htdocs\\project_ta\\app\\Views\\account.php')
 3 SYSTEMPATH\View\View.php(231): CodeIgniter\View\View->CodeIgniter\View\{closure}()
 4 SYSTEMPATH\Common.php(1190): CodeIgniter\View\View->render('account', [], true)
 5 APPPATH\Controllers\Auth.php(144): view('account', [...])
 6 SYSTEMPATH\CodeIgniter.php(942): App\Controllers\Auth->account()
 7 SYSTEMPATH\CodeIgniter.php(502): CodeIgniter\CodeIgniter->runController(Object(App\Controllers\Auth))
 8 SYSTEMPATH\CodeIgniter.php(361): CodeIgniter\CodeIgniter->handleRequest(null, Object(Config\Cache), false)
 9 FCPATH\index.php(79): CodeIgniter\CodeIgniter->run()
CRITICAL - 2024-08-05 12:29:33 --> Trying to access array offset on value of type null
in APPPATH\Views\profile.php on line 126.
 1 APPPATH\Views\profile.php(126): CodeIgniter\Debug\Exceptions->errorHandler(2, 'Trying to access array offset on value of type null', 'C:\\xampp\\htdocs\\project_ta\\app\\Views\\profile.php', 126)
 2 SYSTEMPATH\View\View.php(228): include('C:\\xampp\\htdocs\\project_ta\\app\\Views\\profile.php')
 3 SYSTEMPATH\View\View.php(231): CodeIgniter\View\View->CodeIgniter\View\{closure}()
 4 SYSTEMPATH\Common.php(1190): CodeIgniter\View\View->render('profile', [], true)
 5 APPPATH\Controllers\Auth.php(171): view('profile', [...])
 6 SYSTEMPATH\CodeIgniter.php(942): App\Controllers\Auth->profile('199006062022212011')
 7 SYSTEMPATH\CodeIgniter.php(502): CodeIgniter\CodeIgniter->runController(Object(App\Controllers\Auth))
 8 SYSTEMPATH\CodeIgniter.php(361): CodeIgniter\CodeIgniter->handleRequest(null, Object(Config\Cache), false)
 9 FCPATH\index.php(79): CodeIgniter\CodeIgniter->run()
CRITICAL - 2024-08-05 12:29:37 --> Trying to access array offset on value of type null
in APPPATH\Views\profile.php on line 126.
 1 APPPATH\Views\profile.php(126): CodeIgniter\Debug\Exceptions->errorHandler(2, 'Trying to access array offset on value of type null', 'C:\\xampp\\htdocs\\project_ta\\app\\Views\\profile.php', 126)
 2 SYSTEMPATH\View\View.php(228): include('C:\\xampp\\htdocs\\project_ta\\app\\Views\\profile.php')
 3 SYSTEMPATH\View\View.php(231): CodeIgniter\View\View->CodeIgniter\View\{closure}()
 4 SYSTEMPATH\Common.php(1190): CodeIgniter\View\View->render('profile', [], true)
 5 APPPATH\Controllers\Auth.php(171): view('profile', [...])
 6 SYSTEMPATH\CodeIgniter.php(942): App\Controllers\Auth->profile('199006062022212011')
 7 SYSTEMPATH\CodeIgniter.php(502): CodeIgniter\CodeIgniter->runController(Object(App\Controllers\Auth))
 8 SYSTEMPATH\CodeIgniter.php(361): CodeIgniter\CodeIgniter->handleRequest(null, Object(Config\Cache), false)
 9 FCPATH\index.php(79): CodeIgniter\CodeIgniter->run()
