CRITICAL - 2024-07-13 07:35:09 --> Undefined array key "id"
in APPPATH\Libraries\AuthLibrary.php on line 30.
 1 APPPATH\Libraries\AuthLibrary.php(30): CodeIgniter\Debug\Exceptions->errorHandler(2, 'Undefined array key "id"', 'C:\\xampp\\htdocs\\project_ta\\app\\Libraries\\AuthLibrary.php', 30)
 2 APPPATH\Controllers\Auth.php(54): App\Libraries\AuthLibrary->LoginUser('3301024606900004')
 3 SYSTEMPATH\CodeIgniter.php(942): App\Controllers\Auth->login()
 4 SYSTEMPATH\CodeIgniter.php(502): CodeIgniter\CodeIgniter->runController(Object(App\Controllers\Auth))
 5 SYSTEMPATH\CodeIgniter.php(361): CodeIgniter\CodeIgniter->handleRequest(null, Object(Config\Cache), false)
 6 FCPATH\index.php(79): CodeIgniter\CodeIgniter->run()
ERROR - 2024-07-13 07:37:50 --> mysqli_sql_exception: Unknown column 'tbl_users.id' in 'where clause' in C:\xampp\htdocs\project_ta\system\Database\MySQLi\Connection.php:306
Stack trace:
#0 C:\xampp\htdocs\project_ta\system\Database\MySQLi\Connection.php(306): mysqli->query('SELECT *\nFROM `...', 0)
#1 C:\xampp\htdocs\project_ta\system\Database\BaseConnection.php(693): CodeIgniter\Database\MySQLi\Connection->execute('SELECT *\nFROM `...')
#2 C:\xampp\htdocs\project_ta\system\Database\BaseConnection.php(607): CodeIgniter\Database\BaseConnection->simpleQuery('SELECT *\nFROM `...')
#3 C:\xampp\htdocs\project_ta\system\Database\BaseBuilder.php(1615): CodeIgniter\Database\BaseConnection->query('SELECT *\nFROM `...', Array, false)
#4 C:\xampp\htdocs\project_ta\system\Model.php(196): CodeIgniter\Database\BaseBuilder->get()
#5 C:\xampp\htdocs\project_ta\system\BaseModel.php(563): CodeIgniter\Model->doFind(true, '111')
#6 C:\xampp\htdocs\project_ta\app\Libraries\AuthLibrary.php(72): CodeIgniter\BaseModel->find('111')
#7 C:\xampp\htdocs\project_ta\app\Libraries\AuthLibrary.php(31): App\Libraries\AuthLibrary->setUserSession(Array)
#8 C:\xampp\htdocs\project_ta\app\Controllers\Auth.php(54): App\Libraries\AuthLibrary->LoginUser('330102460690000...')
#9 C:\xampp\htdocs\project_ta\system\CodeIgniter.php(942): App\Controllers\Auth->login()
#10 C:\xampp\htdocs\project_ta\system\CodeIgniter.php(502): CodeIgniter\CodeIgniter->runController(Object(App\Controllers\Auth))
#11 C:\xampp\htdocs\project_ta\system\CodeIgniter.php(361): CodeIgniter\CodeIgniter->handleRequest(NULL, Object(Config\Cache), false)
#12 C:\xampp\htdocs\project_ta\index.php(79): CodeIgniter\CodeIgniter->run()
#13 {main}
CRITICAL - 2024-07-13 07:37:50 --> Unknown column 'tbl_users.id' in 'where clause'
in SYSTEMPATH\Database\BaseConnection.php on line 647.
 1 SYSTEMPATH\Database\BaseBuilder.php(1615): CodeIgniter\Database\BaseConnection->query('SELECT *
FROM `tbl_users`
WHERE `tbl_users`.`id` = :tbl_users.id:', [...], false)
 2 SYSTEMPATH\Model.php(196): CodeIgniter\Database\BaseBuilder->get()
 3 SYSTEMPATH\BaseModel.php(563): CodeIgniter\Model->doFind(true, '111')
 4 APPPATH\Libraries\AuthLibrary.php(72): CodeIgniter\BaseModel->find('111')
 5 APPPATH\Libraries\AuthLibrary.php(31): App\Libraries\AuthLibrary->setUserSession([...])
 6 APPPATH\Controllers\Auth.php(54): App\Libraries\AuthLibrary->LoginUser('3301024606900004')
 7 SYSTEMPATH\CodeIgniter.php(942): App\Controllers\Auth->login()
 8 SYSTEMPATH\CodeIgniter.php(502): CodeIgniter\CodeIgniter->runController(Object(App\Controllers\Auth))
 9 SYSTEMPATH\CodeIgniter.php(361): CodeIgniter\CodeIgniter->handleRequest(null, Object(Config\Cache), false)
10 FCPATH\index.php(79): CodeIgniter\CodeIgniter->run()
ERROR - 2024-07-13 07:38:24 --> mysqli_sql_exception: Unknown column 'tbl_users.id' in 'where clause' in C:\xampp\htdocs\project_ta\system\Database\MySQLi\Connection.php:306
Stack trace:
#0 C:\xampp\htdocs\project_ta\system\Database\MySQLi\Connection.php(306): mysqli->query('SELECT *\nFROM `...', 0)
#1 C:\xampp\htdocs\project_ta\system\Database\BaseConnection.php(693): CodeIgniter\Database\MySQLi\Connection->execute('SELECT *\nFROM `...')
#2 C:\xampp\htdocs\project_ta\system\Database\BaseConnection.php(607): CodeIgniter\Database\BaseConnection->simpleQuery('SELECT *\nFROM `...')
#3 C:\xampp\htdocs\project_ta\system\Database\BaseBuilder.php(1615): CodeIgniter\Database\BaseConnection->query('SELECT *\nFROM `...', Array, false)
#4 C:\xampp\htdocs\project_ta\system\Model.php(196): CodeIgniter\Database\BaseBuilder->get()
#5 C:\xampp\htdocs\project_ta\system\BaseModel.php(563): CodeIgniter\Model->doFind(true, '111')
#6 C:\xampp\htdocs\project_ta\app\Libraries\AuthLibrary.php(72): CodeIgniter\BaseModel->find('111')
#7 C:\xampp\htdocs\project_ta\app\Libraries\AuthLibrary.php(31): App\Libraries\AuthLibrary->setUserSession(Array)
#8 C:\xampp\htdocs\project_ta\app\Controllers\Auth.php(54): App\Libraries\AuthLibrary->LoginUser('330102460690000...')
#9 C:\xampp\htdocs\project_ta\system\CodeIgniter.php(942): App\Controllers\Auth->login()
#10 C:\xampp\htdocs\project_ta\system\CodeIgniter.php(502): CodeIgniter\CodeIgniter->runController(Object(App\Controllers\Auth))
#11 C:\xampp\htdocs\project_ta\system\CodeIgniter.php(361): CodeIgniter\CodeIgniter->handleRequest(NULL, Object(Config\Cache), false)
#12 C:\xampp\htdocs\project_ta\index.php(79): CodeIgniter\CodeIgniter->run()
#13 {main}
CRITICAL - 2024-07-13 07:38:24 --> Unknown column 'tbl_users.id' in 'where clause'
in SYSTEMPATH\Database\BaseConnection.php on line 647.
 1 SYSTEMPATH\Database\BaseBuilder.php(1615): CodeIgniter\Database\BaseConnection->query('SELECT *
FROM `tbl_users`
WHERE `tbl_users`.`id` = :tbl_users.id:', [...], false)
 2 SYSTEMPATH\Model.php(196): CodeIgniter\Database\BaseBuilder->get()
 3 SYSTEMPATH\BaseModel.php(563): CodeIgniter\Model->doFind(true, '111')
 4 APPPATH\Libraries\AuthLibrary.php(72): CodeIgniter\BaseModel->find('111')
 5 APPPATH\Libraries\AuthLibrary.php(31): App\Libraries\AuthLibrary->setUserSession([...])
 6 APPPATH\Controllers\Auth.php(54): App\Libraries\AuthLibrary->LoginUser('3301024606900004')
 7 SYSTEMPATH\CodeIgniter.php(942): App\Controllers\Auth->login()
 8 SYSTEMPATH\CodeIgniter.php(502): CodeIgniter\CodeIgniter->runController(Object(App\Controllers\Auth))
 9 SYSTEMPATH\CodeIgniter.php(361): CodeIgniter\CodeIgniter->handleRequest(null, Object(Config\Cache), false)
10 FCPATH\index.php(79): CodeIgniter\CodeIgniter->run()
CRITICAL - 2024-07-13 09:03:37 --> Undefined property: App\Controllers\DashboardController::$ModelForgot
in APPPATH\Controllers\DashboardController.php on line 27.
 1 APPPATH\Controllers\DashboardController.php(27): CodeIgniter\Debug\Exceptions->errorHandler(2, 'Undefined property: App\\Controllers\\DashboardController::$ModelForgot', 'C:\\xampp\\htdocs\\project_ta\\app\\Controllers\\DashboardController.php', 27)
 2 SYSTEMPATH\CodeIgniter.php(942): App\Controllers\DashboardController->index()
 3 SYSTEMPATH\CodeIgniter.php(502): CodeIgniter\CodeIgniter->runController(Object(App\Controllers\DashboardController))
 4 SYSTEMPATH\CodeIgniter.php(361): CodeIgniter\CodeIgniter->handleRequest(null, Object(Config\Cache), false)
 5 FCPATH\index.php(79): CodeIgniter\CodeIgniter->run()
CRITICAL - 2024-07-13 09:04:14 --> Call to undefined method App\Controllers\DashboardController::session()
in APPPATH\Controllers\DashboardController.php on line 30.
 1 SYSTEMPATH\CodeIgniter.php(942): App\Controllers\DashboardController->index()
 2 SYSTEMPATH\CodeIgniter.php(502): CodeIgniter\CodeIgniter->runController(Object(App\Controllers\DashboardController))
 3 SYSTEMPATH\CodeIgniter.php(361): CodeIgniter\CodeIgniter->handleRequest(null, Object(Config\Cache), false)
 4 FCPATH\index.php(79): CodeIgniter\CodeIgniter->run()
CRITICAL - 2024-07-13 09:06:24 --> Too few arguments to function App\Controllers\Auth::saveForgot(), 0 passed in C:\xampp\htdocs\project_ta\system\CodeIgniter.php on line 942 and exactly 1 expected
in APPPATH\Controllers\Auth.php on line 181.
 1 SYSTEMPATH\CodeIgniter.php(942): App\Controllers\Auth->saveForgot()
 2 SYSTEMPATH\CodeIgniter.php(502): CodeIgniter\CodeIgniter->runController(Object(App\Controllers\Auth))
 3 SYSTEMPATH\CodeIgniter.php(361): CodeIgniter\CodeIgniter->handleRequest(null, Object(Config\Cache), false)
 4 FCPATH\index.php(79): CodeIgniter\CodeIgniter->run()
CRITICAL - 2024-07-13 09:06:49 --> Invalid file: "forgot.php"
in SYSTEMPATH\Exceptions\FrameworkException.php on line 39.
 1 SYSTEMPATH\View\View.php(216): CodeIgniter\Exceptions\FrameworkException::forInvalidFile('forgot.php')
 2 SYSTEMPATH\Common.php(1190): CodeIgniter\View\View->render('forgot', [], true)
 3 APPPATH\Controllers\Auth.php(205): view('forgot')
 4 SYSTEMPATH\CodeIgniter.php(942): App\Controllers\Auth->saveForgot()
 5 SYSTEMPATH\CodeIgniter.php(502): CodeIgniter\CodeIgniter->runController(Object(App\Controllers\Auth))
 6 SYSTEMPATH\CodeIgniter.php(361): CodeIgniter\CodeIgniter->handleRequest(null, Object(Config\Cache), false)
 7 FCPATH\index.php(79): CodeIgniter\CodeIgniter->run()
CRITICAL - 2024-07-13 09:07:24 --> Undefined variable $title
in APPPATH\Views\layouts\master.php on line 6.
 1 APPPATH\Views\layouts\master.php(6): CodeIgniter\Debug\Exceptions->errorHandler(2, 'Undefined variable $title', 'C:\\xampp\\htdocs\\project_ta\\app\\Views\\layouts\\master.php', 6)
 2 SYSTEMPATH\View\View.php(228): include('C:\\xampp\\htdocs\\project_ta\\app\\Views\\layouts\\master.php')
 3 SYSTEMPATH\View\View.php(231): CodeIgniter\View\View->CodeIgniter\View\{closure}()
 4 SYSTEMPATH\View\View.php(244): CodeIgniter\View\View->render('layouts/master', [], true)
 5 SYSTEMPATH\Common.php(1190): CodeIgniter\View\View->render('saveForgot', [], true)
 6 APPPATH\Controllers\Auth.php(205): view('saveForgot')
 7 SYSTEMPATH\CodeIgniter.php(942): App\Controllers\Auth->saveForgot()
 8 SYSTEMPATH\CodeIgniter.php(502): CodeIgniter\CodeIgniter->runController(Object(App\Controllers\Auth))
 9 SYSTEMPATH\CodeIgniter.php(361): CodeIgniter\CodeIgniter->handleRequest(null, Object(Config\Cache), false)
10 FCPATH\index.php(79): CodeIgniter\CodeIgniter->run()
CRITICAL - 2024-07-13 09:07:43 --> Undefined variable $title
in APPPATH\Views\layouts\master.php on line 6.
 1 APPPATH\Views\layouts\master.php(6): CodeIgniter\Debug\Exceptions->errorHandler(2, 'Undefined variable $title', 'C:\\xampp\\htdocs\\project_ta\\app\\Views\\layouts\\master.php', 6)
 2 SYSTEMPATH\View\View.php(228): include('C:\\xampp\\htdocs\\project_ta\\app\\Views\\layouts\\master.php')
 3 SYSTEMPATH\View\View.php(231): CodeIgniter\View\View->CodeIgniter\View\{closure}()
 4 SYSTEMPATH\View\View.php(244): CodeIgniter\View\View->render('layouts/master', [], true)
 5 SYSTEMPATH\Common.php(1190): CodeIgniter\View\View->render('saveForgot', [], true)
 6 APPPATH\Controllers\Auth.php(206): view('saveForgot')
 7 SYSTEMPATH\CodeIgniter.php(942): App\Controllers\Auth->saveForgot()
 8 SYSTEMPATH\CodeIgniter.php(502): CodeIgniter\CodeIgniter->runController(Object(App\Controllers\Auth))
 9 SYSTEMPATH\CodeIgniter.php(361): CodeIgniter\CodeIgniter->handleRequest(null, Object(Config\Cache), false)
10 FCPATH\index.php(79): CodeIgniter\CodeIgniter->run()
CRITICAL - 2024-07-13 09:07:52 --> Undefined variable $data
in APPPATH\Controllers\Auth.php on line 206.
 1 APPPATH\Controllers\Auth.php(206): CodeIgniter\Debug\Exceptions->errorHandler(2, 'Undefined variable $data', 'C:\\xampp\\htdocs\\project_ta\\app\\Controllers\\Auth.php', 206)
 2 SYSTEMPATH\CodeIgniter.php(942): App\Controllers\Auth->saveForgot()
 3 SYSTEMPATH\CodeIgniter.php(502): CodeIgniter\CodeIgniter->runController(Object(App\Controllers\Auth))
 4 SYSTEMPATH\CodeIgniter.php(361): CodeIgniter\CodeIgniter->handleRequest(null, Object(Config\Cache), false)
 5 FCPATH\index.php(79): CodeIgniter\CodeIgniter->run()
CRITICAL - 2024-07-13 09:08:39 --> Undefined variable $menu
in APPPATH\Views\layouts\sidebar.php on line 34.
 1 APPPATH\Views\layouts\sidebar.php(34): CodeIgniter\Debug\Exceptions->errorHandler(2, 'Undefined variable $menu', 'C:\\xampp\\htdocs\\project_ta\\app\\Views\\layouts\\sidebar.php', 34)
 2 SYSTEMPATH\View\View.php(228): include('C:\\xampp\\htdocs\\project_ta\\app\\Views\\layouts\\sidebar.php')
 3 SYSTEMPATH\View\View.php(231): CodeIgniter\View\View->CodeIgniter\View\{closure}()
 4 SYSTEMPATH\View\View.php(469): CodeIgniter\View\View->render('layouts/sidebar', null, true)
 5 APPPATH\Views\layouts\master.php(69): CodeIgniter\View\View->include('layouts/sidebar')
 6 SYSTEMPATH\View\View.php(228): include('C:\\xampp\\htdocs\\project_ta\\app\\Views\\layouts\\master.php')
 7 SYSTEMPATH\View\View.php(231): CodeIgniter\View\View->CodeIgniter\View\{closure}()
 8 SYSTEMPATH\View\View.php(244): CodeIgniter\View\View->render('layouts/master', [], true)
 9 SYSTEMPATH\Common.php(1190): CodeIgniter\View\View->render('saveForgot', [], true)
10 APPPATH\Controllers\Auth.php(207): view('saveForgot', [...])
11 SYSTEMPATH\CodeIgniter.php(942): App\Controllers\Auth->saveForgot()
12 SYSTEMPATH\CodeIgniter.php(502): CodeIgniter\CodeIgniter->runController(Object(App\Controllers\Auth))
13 SYSTEMPATH\CodeIgniter.php(361): CodeIgniter\CodeIgniter->handleRequest(null, Object(Config\Cache), false)
14 FCPATH\index.php(79): CodeIgniter\CodeIgniter->run()
CRITICAL - 2024-07-13 09:40:40 --> Undefined property: App\Controllers\Auth::$ModelForgot
in APPPATH\Controllers\Auth.php on line 203.
 1 APPPATH\Controllers\Auth.php(203): CodeIgniter\Debug\Exceptions->errorHandler(2, 'Undefined property: App\\Controllers\\Auth::$ModelForgot', 'C:\\xampp\\htdocs\\project_ta\\app\\Controllers\\Auth.php', 203)
 2 SYSTEMPATH\CodeIgniter.php(942): App\Controllers\Auth->saveForgot()
 3 SYSTEMPATH\CodeIgniter.php(502): CodeIgniter\CodeIgniter->runController(Object(App\Controllers\Auth))
 4 SYSTEMPATH\CodeIgniter.php(361): CodeIgniter\CodeIgniter->handleRequest(null, Object(Config\Cache), false)
 5 FCPATH\index.php(79): CodeIgniter\CodeIgniter->run()
CRITICAL - 2024-07-13 09:41:40 --> CodeIgniter\BaseModel::transformDataToArray(): Return value must be of type array, string returned
in SYSTEMPATH\BaseModel.php on line 1752.
 1 SYSTEMPATH\BaseModel.php(748): CodeIgniter\BaseModel->transformDataToArray('111', 'insert')
 2 SYSTEMPATH\Model.php(715): CodeIgniter\BaseModel->insert('111', false)
 3 SYSTEMPATH\BaseModel.php(698): CodeIgniter\Model->insert('111', false)
 4 APPPATH\Controllers\Auth.php(205): CodeIgniter\BaseModel->save('111', [...])
 5 SYSTEMPATH\CodeIgniter.php(942): App\Controllers\Auth->saveForgot()
 6 SYSTEMPATH\CodeIgniter.php(502): CodeIgniter\CodeIgniter->runController(Object(App\Controllers\Auth))
 7 SYSTEMPATH\CodeIgniter.php(361): CodeIgniter\CodeIgniter->handleRequest(null, Object(Config\Cache), false)
 8 FCPATH\index.php(79): CodeIgniter\CodeIgniter->run()
CRITICAL - 2024-07-13 09:42:27 --> Undefined variable $data
in APPPATH\Controllers\Auth.php on line 205.
 1 APPPATH\Controllers\Auth.php(205): CodeIgniter\Debug\Exceptions->errorHandler(2, 'Undefined variable $data', 'C:\\xampp\\htdocs\\project_ta\\app\\Controllers\\Auth.php', 205)
 2 SYSTEMPATH\CodeIgniter.php(942): App\Controllers\Auth->saveForgot()
 3 SYSTEMPATH\CodeIgniter.php(502): CodeIgniter\CodeIgniter->runController(Object(App\Controllers\Auth))
 4 SYSTEMPATH\CodeIgniter.php(361): CodeIgniter\CodeIgniter->handleRequest(null, Object(Config\Cache), false)
 5 FCPATH\index.php(79): CodeIgniter\CodeIgniter->run()
CRITICAL - 2024-07-13 09:42:28 --> Undefined variable $data
in APPPATH\Controllers\Auth.php on line 205.
 1 APPPATH\Controllers\Auth.php(205): CodeIgniter\Debug\Exceptions->errorHandler(2, 'Undefined variable $data', 'C:\\xampp\\htdocs\\project_ta\\app\\Controllers\\Auth.php', 205)
 2 SYSTEMPATH\CodeIgniter.php(942): App\Controllers\Auth->saveForgot()
 3 SYSTEMPATH\CodeIgniter.php(502): CodeIgniter\CodeIgniter->runController(Object(App\Controllers\Auth))
 4 SYSTEMPATH\CodeIgniter.php(361): CodeIgniter\CodeIgniter->handleRequest(null, Object(Config\Cache), false)
 5 FCPATH\index.php(79): CodeIgniter\CodeIgniter->run()
CRITICAL - 2024-07-13 09:42:47 --> CodeIgniter\BaseModel::transformDataToArray(): Return value must be of type array, string returned
in SYSTEMPATH\BaseModel.php on line 1752.
 1 SYSTEMPATH\BaseModel.php(748): CodeIgniter\BaseModel->transformDataToArray('111', 'insert')
 2 SYSTEMPATH\Model.php(715): CodeIgniter\BaseModel->insert('111', false)
 3 SYSTEMPATH\BaseModel.php(698): CodeIgniter\Model->insert('111', false)
 4 APPPATH\Controllers\Auth.php(201): CodeIgniter\BaseModel->save('111', [...])
 5 SYSTEMPATH\CodeIgniter.php(942): App\Controllers\Auth->saveForgot()
 6 SYSTEMPATH\CodeIgniter.php(502): CodeIgniter\CodeIgniter->runController(Object(App\Controllers\Auth))
 7 SYSTEMPATH\CodeIgniter.php(361): CodeIgniter\CodeIgniter->handleRequest(null, Object(Config\Cache), false)
 8 FCPATH\index.php(79): CodeIgniter\CodeIgniter->run()
ERROR - 2024-07-13 09:47:07 --> mysqli_sql_exception: Cannot add or update a child row: a foreign key constraint fails (`ta`.`tbl_forgot`, CONSTRAINT `FK_tbl_pertanyaan_tbl_users` FOREIGN KEY (`id_users`) REFERENCES `tbl_users` (`id_users`) ON DELETE CASCADE ON UPDATE CASCADE) in C:\xampp\htdocs\project_ta\system\Database\MySQLi\Connection.php:306
Stack trace:
#0 C:\xampp\htdocs\project_ta\system\Database\MySQLi\Connection.php(306): mysqli->query('INSERT INTO `tb...', 0)
#1 C:\xampp\htdocs\project_ta\system\Database\BaseConnection.php(693): CodeIgniter\Database\MySQLi\Connection->execute('INSERT INTO `tb...')
#2 C:\xampp\htdocs\project_ta\system\Database\BaseConnection.php(607): CodeIgniter\Database\BaseConnection->simpleQuery('INSERT INTO `tb...')
#3 C:\xampp\htdocs\project_ta\system\Database\BaseBuilder.php(2308): CodeIgniter\Database\BaseConnection->query('INSERT INTO `tb...', Array, false)
#4 C:\xampp\htdocs\project_ta\system\Model.php(319): CodeIgniter\Database\BaseBuilder->insert()
#5 C:\xampp\htdocs\project_ta\system\BaseModel.php(788): CodeIgniter\Model->doInsert(Array)
#6 C:\xampp\htdocs\project_ta\system\Model.php(715): CodeIgniter\BaseModel->insert(Array, true)
#7 C:\xampp\htdocs\project_ta\app\Controllers\Auth.php(199): CodeIgniter\Model->insert(Array)
#8 C:\xampp\htdocs\project_ta\system\CodeIgniter.php(942): App\Controllers\Auth->saveForgot()
#9 C:\xampp\htdocs\project_ta\system\CodeIgniter.php(502): CodeIgniter\CodeIgniter->runController(Object(App\Controllers\Auth))
#10 C:\xampp\htdocs\project_ta\system\CodeIgniter.php(361): CodeIgniter\CodeIgniter->handleRequest(NULL, Object(Config\Cache), false)
#11 C:\xampp\htdocs\project_ta\index.php(79): CodeIgniter\CodeIgniter->run()
#12 {main}
CRITICAL - 2024-07-13 09:47:07 --> Cannot add or update a child row: a foreign key constraint fails (`ta`.`tbl_forgot`, CONSTRAINT `FK_tbl_pertanyaan_tbl_users` FOREIGN KEY (`id_users`) REFERENCES `tbl_users` (`id_users`) ON DELETE CASCADE ON UPDATE CASCADE)
in SYSTEMPATH\Database\BaseConnection.php on line 647.
 1 SYSTEMPATH\Database\BaseBuilder.php(2308): CodeIgniter\Database\BaseConnection->query('INSERT INTO `tbl_forgot` (`pertanyaan_1`, `pertanyaan_2`, `pertanyaan_3`, `pertanyaan_4`, `pertanyaan_5`, `jawaban_1`, `jawaban_2`, `jawaban_3`, `jawaban_4`, `jawaban_5`) VALUES (:pertanyaan_1:, :pertanyaan_2:, :pertanyaan_3:, :pertanyaan_4:, :pertanyaan_5:, :jawaban_1:, :jawaban_2:, :jawaban_3:, :jawaban_4:, :jawaban_5:)', [...], false)
 2 SYSTEMPATH\Model.php(319): CodeIgniter\Database\BaseBuilder->insert()
 3 SYSTEMPATH\BaseModel.php(788): CodeIgniter\Model->doInsert([...])
 4 SYSTEMPATH\Model.php(715): CodeIgniter\BaseModel->insert([...], true)
 5 APPPATH\Controllers\Auth.php(199): CodeIgniter\Model->insert([...])
 6 SYSTEMPATH\CodeIgniter.php(942): App\Controllers\Auth->saveForgot()
 7 SYSTEMPATH\CodeIgniter.php(502): CodeIgniter\CodeIgniter->runController(Object(App\Controllers\Auth))
 8 SYSTEMPATH\CodeIgniter.php(361): CodeIgniter\CodeIgniter->handleRequest(null, Object(Config\Cache), false)
 9 FCPATH\index.php(79): CodeIgniter\CodeIgniter->run()
CRITICAL - 2024-07-13 09:48:01 --> Undefined variable $setForgot
in APPPATH\Controllers\DashboardController.php on line 70.
 1 APPPATH\Controllers\DashboardController.php(70): CodeIgniter\Debug\Exceptions->errorHandler(2, 'Undefined variable $setForgot', 'C:\\xampp\\htdocs\\project_ta\\app\\Controllers\\DashboardController.php', 70)
 2 SYSTEMPATH\CodeIgniter.php(942): App\Controllers\DashboardController->index()
 3 SYSTEMPATH\CodeIgniter.php(502): CodeIgniter\CodeIgniter->runController(Object(App\Controllers\DashboardController))
 4 SYSTEMPATH\CodeIgniter.php(361): CodeIgniter\CodeIgniter->handleRequest(null, Object(Config\Cache), false)
 5 FCPATH\index.php(79): CodeIgniter\CodeIgniter->run()
CRITICAL - 2024-07-13 09:48:49 --> Undefined variable $setForgot
in APPPATH\Views\dashboard\dashboard.php on line 3.
 1 APPPATH\Views\dashboard\dashboard.php(3): CodeIgniter\Debug\Exceptions->errorHandler(2, 'Undefined variable $setForgot', 'C:\\xampp\\htdocs\\project_ta\\app\\Views\\dashboard\\dashboard.php', 3)
 2 SYSTEMPATH\View\View.php(228): include('C:\\xampp\\htdocs\\project_ta\\app\\Views\\dashboard\\dashboard.php')
 3 SYSTEMPATH\View\View.php(231): CodeIgniter\View\View->CodeIgniter\View\{closure}()
 4 SYSTEMPATH\Common.php(1190): CodeIgniter\View\View->render('Dashboard/Dashboard', [], true)
 5 APPPATH\Controllers\DashboardController.php(64): view('Dashboard/Dashboard', [...])
 6 SYSTEMPATH\CodeIgniter.php(942): App\Controllers\DashboardController->index()
 7 SYSTEMPATH\CodeIgniter.php(502): CodeIgniter\CodeIgniter->runController(Object(App\Controllers\DashboardController))
 8 SYSTEMPATH\CodeIgniter.php(361): CodeIgniter\CodeIgniter->handleRequest(null, Object(Config\Cache), false)
 9 FCPATH\index.php(79): CodeIgniter\CodeIgniter->run()
CRITICAL - 2024-07-13 10:50:24 --> Too few arguments to function App\Controllers\Auth::forgotpassword(), 0 passed in C:\xampp\htdocs\project_ta\system\CodeIgniter.php on line 942 and exactly 1 expected
in APPPATH\Controllers\Auth.php on line 212.
 1 SYSTEMPATH\CodeIgniter.php(942): App\Controllers\Auth->forgotpassword()
 2 SYSTEMPATH\CodeIgniter.php(502): CodeIgniter\CodeIgniter->runController(Object(App\Controllers\Auth))
 3 SYSTEMPATH\CodeIgniter.php(361): CodeIgniter\CodeIgniter->handleRequest(null, Object(Config\Cache), false)
 4 FCPATH\index.php(79): CodeIgniter\CodeIgniter->run()
ERROR - 2024-07-13 11:14:52 --> mysqli_sql_exception: Column 'pertanyaan_1' cannot be null in C:\xampp\htdocs\project_ta\system\Database\MySQLi\Connection.php:306
Stack trace:
#0 C:\xampp\htdocs\project_ta\system\Database\MySQLi\Connection.php(306): mysqli->query('INSERT INTO `tb...', 0)
#1 C:\xampp\htdocs\project_ta\system\Database\BaseConnection.php(693): CodeIgniter\Database\MySQLi\Connection->execute('INSERT INTO `tb...')
#2 C:\xampp\htdocs\project_ta\system\Database\BaseConnection.php(607): CodeIgniter\Database\BaseConnection->simpleQuery('INSERT INTO `tb...')
#3 C:\xampp\htdocs\project_ta\system\Database\BaseBuilder.php(2308): CodeIgniter\Database\BaseConnection->query('INSERT INTO `tb...', Array, false)
#4 C:\xampp\htdocs\project_ta\system\Model.php(319): CodeIgniter\Database\BaseBuilder->insert()
#5 C:\xampp\htdocs\project_ta\system\BaseModel.php(788): CodeIgniter\Model->doInsert(Array)
#6 C:\xampp\htdocs\project_ta\system\Model.php(715): CodeIgniter\BaseModel->insert(Array, true)
#7 C:\xampp\htdocs\project_ta\app\Controllers\Auth.php(200): CodeIgniter\Model->insert(Array)
#8 C:\xampp\htdocs\project_ta\system\CodeIgniter.php(942): App\Controllers\Auth->saveForgot()
#9 C:\xampp\htdocs\project_ta\system\CodeIgniter.php(502): CodeIgniter\CodeIgniter->runController(Object(App\Controllers\Auth))
#10 C:\xampp\htdocs\project_ta\system\CodeIgniter.php(361): CodeIgniter\CodeIgniter->handleRequest(NULL, Object(Config\Cache), false)
#11 C:\xampp\htdocs\project_ta\index.php(79): CodeIgniter\CodeIgniter->run()
#12 {main}
CRITICAL - 2024-07-13 11:14:52 --> Column 'pertanyaan_1' cannot be null
in SYSTEMPATH\Database\BaseConnection.php on line 647.
 1 SYSTEMPATH\Database\BaseBuilder.php(2308): CodeIgniter\Database\BaseConnection->query('INSERT INTO `tbl_forgot` (`pertanyaan_1`, `pertanyaan_2`, `pertanyaan_3`, `pertanyaan_4`, `pertanyaan_5`, `jawaban_1`, `jawaban_2`, `jawaban_3`, `jawaban_4`, `jawaban_5`, `id_users`) VALUES (:pertanyaan_1:, :pertanyaan_2:, :pertanyaan_3:, :pertanyaan_4:, :pertanyaan_5:, :jawaban_1:, :jawaban_2:, :jawaban_3:, :jawaban_4:, :jawaban_5:, :id_users:)', [...], false)
 2 SYSTEMPATH\Model.php(319): CodeIgniter\Database\BaseBuilder->insert()
 3 SYSTEMPATH\BaseModel.php(788): CodeIgniter\Model->doInsert([...])
 4 SYSTEMPATH\Model.php(715): CodeIgniter\BaseModel->insert([...], true)
 5 APPPATH\Controllers\Auth.php(200): CodeIgniter\Model->insert([...])
 6 SYSTEMPATH\CodeIgniter.php(942): App\Controllers\Auth->saveForgot()
 7 SYSTEMPATH\CodeIgniter.php(502): CodeIgniter\CodeIgniter->runController(Object(App\Controllers\Auth))
 8 SYSTEMPATH\CodeIgniter.php(361): CodeIgniter\CodeIgniter->handleRequest(null, Object(Config\Cache), false)
 9 FCPATH\index.php(79): CodeIgniter\CodeIgniter->run()
ERROR - 2024-07-13 11:15:32 --> mysqli_sql_exception: Column 'pertanyaan_1' cannot be null in C:\xampp\htdocs\project_ta\system\Database\MySQLi\Connection.php:306
Stack trace:
#0 C:\xampp\htdocs\project_ta\system\Database\MySQLi\Connection.php(306): mysqli->query('INSERT INTO `tb...', 0)
#1 C:\xampp\htdocs\project_ta\system\Database\BaseConnection.php(693): CodeIgniter\Database\MySQLi\Connection->execute('INSERT INTO `tb...')
#2 C:\xampp\htdocs\project_ta\system\Database\BaseConnection.php(607): CodeIgniter\Database\BaseConnection->simpleQuery('INSERT INTO `tb...')
#3 C:\xampp\htdocs\project_ta\system\Database\BaseBuilder.php(2308): CodeIgniter\Database\BaseConnection->query('INSERT INTO `tb...', Array, false)
#4 C:\xampp\htdocs\project_ta\system\Model.php(319): CodeIgniter\Database\BaseBuilder->insert()
#5 C:\xampp\htdocs\project_ta\system\BaseModel.php(788): CodeIgniter\Model->doInsert(Array)
#6 C:\xampp\htdocs\project_ta\system\Model.php(715): CodeIgniter\BaseModel->insert(Array, true)
#7 C:\xampp\htdocs\project_ta\app\Controllers\Auth.php(200): CodeIgniter\Model->insert(Array)
#8 C:\xampp\htdocs\project_ta\system\CodeIgniter.php(942): App\Controllers\Auth->saveForgot()
#9 C:\xampp\htdocs\project_ta\system\CodeIgniter.php(502): CodeIgniter\CodeIgniter->runController(Object(App\Controllers\Auth))
#10 C:\xampp\htdocs\project_ta\system\CodeIgniter.php(361): CodeIgniter\CodeIgniter->handleRequest(NULL, Object(Config\Cache), false)
#11 C:\xampp\htdocs\project_ta\index.php(79): CodeIgniter\CodeIgniter->run()
#12 {main}
CRITICAL - 2024-07-13 11:15:32 --> Column 'pertanyaan_1' cannot be null
in SYSTEMPATH\Database\BaseConnection.php on line 647.
 1 SYSTEMPATH\Database\BaseBuilder.php(2308): CodeIgniter\Database\BaseConnection->query('INSERT INTO `tbl_forgot` (`pertanyaan_1`, `pertanyaan_2`, `pertanyaan_3`, `pertanyaan_4`, `pertanyaan_5`, `jawaban_1`, `jawaban_2`, `jawaban_3`, `jawaban_4`, `jawaban_5`, `id_users`) VALUES (:pertanyaan_1:, :pertanyaan_2:, :pertanyaan_3:, :pertanyaan_4:, :pertanyaan_5:, :jawaban_1:, :jawaban_2:, :jawaban_3:, :jawaban_4:, :jawaban_5:, :id_users:)', [...], false)
 2 SYSTEMPATH\Model.php(319): CodeIgniter\Database\BaseBuilder->insert()
 3 SYSTEMPATH\BaseModel.php(788): CodeIgniter\Model->doInsert([...])
 4 SYSTEMPATH\Model.php(715): CodeIgniter\BaseModel->insert([...], true)
 5 APPPATH\Controllers\Auth.php(200): CodeIgniter\Model->insert([...])
 6 SYSTEMPATH\CodeIgniter.php(942): App\Controllers\Auth->saveForgot()
 7 SYSTEMPATH\CodeIgniter.php(502): CodeIgniter\CodeIgniter->runController(Object(App\Controllers\Auth))
 8 SYSTEMPATH\CodeIgniter.php(361): CodeIgniter\CodeIgniter->handleRequest(null, Object(Config\Cache), false)
 9 FCPATH\index.php(79): CodeIgniter\CodeIgniter->run()
CRITICAL - 2024-07-13 11:16:27 --> Call to undefined method CodeIgniter\Database\MySQLi\Result::getArrayResult()
in APPPATH\Models\ModelForgot.php on line 30.
 1 APPPATH\Controllers\Auth.php(215): App\Models\ModelForgot->get_all_data('3301024606900004')
 2 SYSTEMPATH\CodeIgniter.php(942): App\Controllers\Auth->forgotpassword()
 3 SYSTEMPATH\CodeIgniter.php(502): CodeIgniter\CodeIgniter->runController(Object(App\Controllers\Auth))
 4 SYSTEMPATH\CodeIgniter.php(361): CodeIgniter\CodeIgniter->handleRequest(null, Object(Config\Cache), false)
 5 FCPATH\index.php(79): CodeIgniter\CodeIgniter->run()
CRITICAL - 2024-07-13 11:16:52 --> Undefined variable $forgot
in APPPATH\Views\forgotPassword.php on line 16.
 1 APPPATH\Views\forgotPassword.php(16): CodeIgniter\Debug\Exceptions->errorHandler(2, 'Undefined variable $forgot', 'C:\\xampp\\htdocs\\project_ta\\app\\Views\\forgotPassword.php', 16)
 2 SYSTEMPATH\View\View.php(228): include('C:\\xampp\\htdocs\\project_ta\\app\\Views\\forgotPassword.php')
 3 SYSTEMPATH\View\View.php(231): CodeIgniter\View\View->CodeIgniter\View\{closure}()
 4 SYSTEMPATH\Common.php(1190): CodeIgniter\View\View->render('forgotPassword', [], true)
 5 APPPATH\Controllers\Auth.php(217): view('forgotPassword', [])
 6 SYSTEMPATH\CodeIgniter.php(942): App\Controllers\Auth->forgotpassword()
 7 SYSTEMPATH\CodeIgniter.php(502): CodeIgniter\CodeIgniter->runController(Object(App\Controllers\Auth))
 8 SYSTEMPATH\CodeIgniter.php(361): CodeIgniter\CodeIgniter->handleRequest(null, Object(Config\Cache), false)
 9 FCPATH\index.php(79): CodeIgniter\CodeIgniter->run()
CRITICAL - 2024-07-13 11:17:31 --> Undefined array key "pertanyaan_1"
in APPPATH\Views\forgotPassword.php on line 16.
 1 APPPATH\Views\forgotPassword.php(16): CodeIgniter\Debug\Exceptions->errorHandler(2, 'Undefined array key "pertanyaan_1"', 'C:\\xampp\\htdocs\\project_ta\\app\\Views\\forgotPassword.php', 16)
 2 SYSTEMPATH\View\View.php(228): include('C:\\xampp\\htdocs\\project_ta\\app\\Views\\forgotPassword.php')
 3 SYSTEMPATH\View\View.php(231): CodeIgniter\View\View->CodeIgniter\View\{closure}()
 4 SYSTEMPATH\Common.php(1190): CodeIgniter\View\View->render('forgotPassword', [], true)
 5 APPPATH\Controllers\Auth.php(217): view('forgotPassword', [...])
 6 SYSTEMPATH\CodeIgniter.php(942): App\Controllers\Auth->forgotpassword()
 7 SYSTEMPATH\CodeIgniter.php(502): CodeIgniter\CodeIgniter->runController(Object(App\Controllers\Auth))
 8 SYSTEMPATH\CodeIgniter.php(361): CodeIgniter\CodeIgniter->handleRequest(null, Object(Config\Cache), false)
 9 FCPATH\index.php(79): CodeIgniter\CodeIgniter->run()
CRITICAL - 2024-07-13 11:19:40 --> Trying to access array offset on value of type null
in APPPATH\Views\forgotPassword.php on line 16.
 1 APPPATH\Views\forgotPassword.php(16): CodeIgniter\Debug\Exceptions->errorHandler(2, 'Trying to access array offset on value of type null', 'C:\\xampp\\htdocs\\project_ta\\app\\Views\\forgotPassword.php', 16)
 2 SYSTEMPATH\View\View.php(228): include('C:\\xampp\\htdocs\\project_ta\\app\\Views\\forgotPassword.php')
 3 SYSTEMPATH\View\View.php(231): CodeIgniter\View\View->CodeIgniter\View\{closure}()
 4 SYSTEMPATH\Common.php(1190): CodeIgniter\View\View->render('forgotPassword', [], true)
 5 APPPATH\Controllers\Auth.php(217): view('forgotPassword', [...])
 6 SYSTEMPATH\CodeIgniter.php(942): App\Controllers\Auth->forgotpassword()
 7 SYSTEMPATH\CodeIgniter.php(502): CodeIgniter\CodeIgniter->runController(Object(App\Controllers\Auth))
 8 SYSTEMPATH\CodeIgniter.php(361): CodeIgniter\CodeIgniter->handleRequest(null, Object(Config\Cache), false)
 9 FCPATH\index.php(79): CodeIgniter\CodeIgniter->run()
CRITICAL - 2024-07-13 11:19:41 --> Trying to access array offset on value of type null
in APPPATH\Views\forgotPassword.php on line 16.
 1 APPPATH\Views\forgotPassword.php(16): CodeIgniter\Debug\Exceptions->errorHandler(2, 'Trying to access array offset on value of type null', 'C:\\xampp\\htdocs\\project_ta\\app\\Views\\forgotPassword.php', 16)
 2 SYSTEMPATH\View\View.php(228): include('C:\\xampp\\htdocs\\project_ta\\app\\Views\\forgotPassword.php')
 3 SYSTEMPATH\View\View.php(231): CodeIgniter\View\View->CodeIgniter\View\{closure}()
 4 SYSTEMPATH\Common.php(1190): CodeIgniter\View\View->render('forgotPassword', [], true)
 5 APPPATH\Controllers\Auth.php(217): view('forgotPassword', [...])
 6 SYSTEMPATH\CodeIgniter.php(942): App\Controllers\Auth->forgotpassword()
 7 SYSTEMPATH\CodeIgniter.php(502): CodeIgniter\CodeIgniter->runController(Object(App\Controllers\Auth))
 8 SYSTEMPATH\CodeIgniter.php(361): CodeIgniter\CodeIgniter->handleRequest(null, Object(Config\Cache), false)
 9 FCPATH\index.php(79): CodeIgniter\CodeIgniter->run()
ERROR - 2024-07-13 11:31:53 --> mysqli_sql_exception: Unknown column 'tf.id_users' in 'on clause' in C:\xampp\htdocs\project_ta\system\Database\MySQLi\Connection.php:306
Stack trace:
#0 C:\xampp\htdocs\project_ta\system\Database\MySQLi\Connection.php(306): mysqli->query('SELECT `tf`.*\nF...', 0)
#1 C:\xampp\htdocs\project_ta\system\Database\BaseConnection.php(693): CodeIgniter\Database\MySQLi\Connection->execute('SELECT `tf`.*\nF...')
#2 C:\xampp\htdocs\project_ta\system\Database\BaseConnection.php(607): CodeIgniter\Database\BaseConnection->simpleQuery('SELECT `tf`.*\nF...')
#3 C:\xampp\htdocs\project_ta\system\Database\BaseBuilder.php(1615): CodeIgniter\Database\BaseConnection->query('SELECT `tf`.*\nF...', Array, false)
#4 C:\xampp\htdocs\project_ta\app\Models\ModelForgot.php(29): CodeIgniter\Database\BaseBuilder->get()
#5 C:\xampp\htdocs\project_ta\app\Controllers\Auth.php(215): App\Models\ModelForgot->get_all_data('330102460690000...')
#6 C:\xampp\htdocs\project_ta\system\CodeIgniter.php(942): App\Controllers\Auth->forgotpassword()
#7 C:\xampp\htdocs\project_ta\system\CodeIgniter.php(502): CodeIgniter\CodeIgniter->runController(Object(App\Controllers\Auth))
#8 C:\xampp\htdocs\project_ta\system\CodeIgniter.php(361): CodeIgniter\CodeIgniter->handleRequest(NULL, Object(Config\Cache), false)
#9 C:\xampp\htdocs\project_ta\index.php(79): CodeIgniter\CodeIgniter->run()
#10 {main}
CRITICAL - 2024-07-13 11:31:53 --> Unknown column 'tf.id_users' in 'on clause'
in SYSTEMPATH\Database\BaseConnection.php on line 647.
 1 SYSTEMPATH\Database\BaseBuilder.php(1615): CodeIgniter\Database\BaseConnection->query('SELECT `tf`.*
FROM `tbl_forgot` `tf`
LEFT JOIN `tbl_siswa` `ts` ON `ts`.`id_siswa` = `tf`.`id_users`
LEFT JOIN `tbl_wali` `tw` ON `tw`.`id_wali` = `tf`.`id_users`
LEFT JOIN `tbl_guru` `tg` ON `tg`.`id_guru` = `tf`.`id_users`
WHERE COALESCE(ts.nik, tw.nik, tg.nik) = :COALESCE(ts.nik, tw.nik, tg.nik):', [...], false)
 2 APPPATH\Models\ModelForgot.php(29): CodeIgniter\Database\BaseBuilder->get()
 3 APPPATH\Controllers\Auth.php(215): App\Models\ModelForgot->get_all_data('3301024606900004')
 4 SYSTEMPATH\CodeIgniter.php(942): App\Controllers\Auth->forgotpassword()
 5 SYSTEMPATH\CodeIgniter.php(502): CodeIgniter\CodeIgniter->runController(Object(App\Controllers\Auth))
 6 SYSTEMPATH\CodeIgniter.php(361): CodeIgniter\CodeIgniter->handleRequest(null, Object(Config\Cache), false)
 7 FCPATH\index.php(79): CodeIgniter\CodeIgniter->run()
ERROR - 2024-07-13 11:39:23 --> mysqli_sql_exception: Unknown column 'id_users' in 'field list' in C:\xampp\htdocs\project_ta\system\Database\MySQLi\Connection.php:306
Stack trace:
#0 C:\xampp\htdocs\project_ta\system\Database\MySQLi\Connection.php(306): mysqli->query('INSERT INTO `tb...', 0)
#1 C:\xampp\htdocs\project_ta\system\Database\BaseConnection.php(693): CodeIgniter\Database\MySQLi\Connection->execute('INSERT INTO `tb...')
#2 C:\xampp\htdocs\project_ta\system\Database\BaseConnection.php(607): CodeIgniter\Database\BaseConnection->simpleQuery('INSERT INTO `tb...')
#3 C:\xampp\htdocs\project_ta\system\Database\BaseBuilder.php(2308): CodeIgniter\Database\BaseConnection->query('INSERT INTO `tb...', Array, false)
#4 C:\xampp\htdocs\project_ta\system\Model.php(319): CodeIgniter\Database\BaseBuilder->insert()
#5 C:\xampp\htdocs\project_ta\system\BaseModel.php(788): CodeIgniter\Model->doInsert(Array)
#6 C:\xampp\htdocs\project_ta\system\Model.php(715): CodeIgniter\BaseModel->insert(Array, true)
#7 C:\xampp\htdocs\project_ta\app\Controllers\Auth.php(200): CodeIgniter\Model->insert(Array)
#8 C:\xampp\htdocs\project_ta\system\CodeIgniter.php(942): App\Controllers\Auth->saveForgot()
#9 C:\xampp\htdocs\project_ta\system\CodeIgniter.php(502): CodeIgniter\CodeIgniter->runController(Object(App\Controllers\Auth))
#10 C:\xampp\htdocs\project_ta\system\CodeIgniter.php(361): CodeIgniter\CodeIgniter->handleRequest(NULL, Object(Config\Cache), false)
#11 C:\xampp\htdocs\project_ta\index.php(79): CodeIgniter\CodeIgniter->run()
#12 {main}
CRITICAL - 2024-07-13 11:39:23 --> Unknown column 'id_users' in 'field list'
in SYSTEMPATH\Database\BaseConnection.php on line 647.
 1 SYSTEMPATH\Database\BaseBuilder.php(2308): CodeIgniter\Database\BaseConnection->query('INSERT INTO `tbl_forgot` (`pertanyaan_1`, `pertanyaan_2`, `pertanyaan_3`, `pertanyaan_4`, `pertanyaan_5`, `jawaban_1`, `jawaban_2`, `jawaban_3`, `jawaban_4`, `jawaban_5`, `id_users`) VALUES (:pertanyaan_1:, :pertanyaan_2:, :pertanyaan_3:, :pertanyaan_4:, :pertanyaan_5:, :jawaban_1:, :jawaban_2:, :jawaban_3:, :jawaban_4:, :jawaban_5:, :id_users:)', [...], false)
 2 SYSTEMPATH\Model.php(319): CodeIgniter\Database\BaseBuilder->insert()
 3 SYSTEMPATH\BaseModel.php(788): CodeIgniter\Model->doInsert([...])
 4 SYSTEMPATH\Model.php(715): CodeIgniter\BaseModel->insert([...], true)
 5 APPPATH\Controllers\Auth.php(200): CodeIgniter\Model->insert([...])
 6 SYSTEMPATH\CodeIgniter.php(942): App\Controllers\Auth->saveForgot()
 7 SYSTEMPATH\CodeIgniter.php(502): CodeIgniter\CodeIgniter->runController(Object(App\Controllers\Auth))
 8 SYSTEMPATH\CodeIgniter.php(361): CodeIgniter\CodeIgniter->handleRequest(null, Object(Config\Cache), false)
 9 FCPATH\index.php(79): CodeIgniter\CodeIgniter->run()
CRITICAL - 2024-07-13 11:48:31 --> Undefined array key "jawaban_1"
in APPPATH\Controllers\Auth.php on line 228.
 1 APPPATH\Controllers\Auth.php(228): CodeIgniter\Debug\Exceptions->errorHandler(2, 'Undefined array key "jawaban_1"', 'C:\\xampp\\htdocs\\project_ta\\app\\Controllers\\Auth.php', 228)
 2 SYSTEMPATH\CodeIgniter.php(942): App\Controllers\Auth->forgotpassword()
 3 SYSTEMPATH\CodeIgniter.php(502): CodeIgniter\CodeIgniter->runController(Object(App\Controllers\Auth))
 4 SYSTEMPATH\CodeIgniter.php(361): CodeIgniter\CodeIgniter->handleRequest(null, Object(Config\Cache), false)
 5 FCPATH\index.php(79): CodeIgniter\CodeIgniter->run()
CRITICAL - 2024-07-13 11:49:56 --> Undefined array key "jawaban_1"
in APPPATH\Controllers\Auth.php on line 228.
 1 APPPATH\Controllers\Auth.php(228): CodeIgniter\Debug\Exceptions->errorHandler(2, 'Undefined array key "jawaban_1"', 'C:\\xampp\\htdocs\\project_ta\\app\\Controllers\\Auth.php', 228)
 2 SYSTEMPATH\CodeIgniter.php(942): App\Controllers\Auth->forgotpassword()
 3 SYSTEMPATH\CodeIgniter.php(502): CodeIgniter\CodeIgniter->runController(Object(App\Controllers\Auth))
 4 SYSTEMPATH\CodeIgniter.php(361): CodeIgniter\CodeIgniter->handleRequest(null, Object(Config\Cache), false)
 5 FCPATH\index.php(79): CodeIgniter\CodeIgniter->run()
CRITICAL - 2024-07-13 11:50:45 --> Undefined array key "jawaban_2"
in APPPATH\Controllers\Auth.php on line 229.
 1 APPPATH\Controllers\Auth.php(229): CodeIgniter\Debug\Exceptions->errorHandler(2, 'Undefined array key "jawaban_2"', 'C:\\xampp\\htdocs\\project_ta\\app\\Controllers\\Auth.php', 229)
 2 SYSTEMPATH\CodeIgniter.php(942): App\Controllers\Auth->forgotpassword()
 3 SYSTEMPATH\CodeIgniter.php(502): CodeIgniter\CodeIgniter->runController(Object(App\Controllers\Auth))
 4 SYSTEMPATH\CodeIgniter.php(361): CodeIgniter\CodeIgniter->handleRequest(null, Object(Config\Cache), false)
 5 FCPATH\index.php(79): CodeIgniter\CodeIgniter->run()
CRITICAL - 2024-07-13 11:50:48 --> Undefined array key "jawaban_1"
in APPPATH\Controllers\Auth.php on line 228.
 1 APPPATH\Controllers\Auth.php(228): CodeIgniter\Debug\Exceptions->errorHandler(2, 'Undefined array key "jawaban_1"', 'C:\\xampp\\htdocs\\project_ta\\app\\Controllers\\Auth.php', 228)
 2 SYSTEMPATH\CodeIgniter.php(942): App\Controllers\Auth->forgotpassword()
 3 SYSTEMPATH\CodeIgniter.php(502): CodeIgniter\CodeIgniter->runController(Object(App\Controllers\Auth))
 4 SYSTEMPATH\CodeIgniter.php(361): CodeIgniter\CodeIgniter->handleRequest(null, Object(Config\Cache), false)
 5 FCPATH\index.php(79): CodeIgniter\CodeIgniter->run()
CRITICAL - 2024-07-13 11:56:30 --> Undefined array key "jawaban_1"
in APPPATH\Controllers\Auth.php on line 226.
 1 APPPATH\Controllers\Auth.php(226): CodeIgniter\Debug\Exceptions->errorHandler(2, 'Undefined array key "jawaban_1"', 'C:\\xampp\\htdocs\\project_ta\\app\\Controllers\\Auth.php', 226)
 2 SYSTEMPATH\CodeIgniter.php(942): App\Controllers\Auth->forgotpassword()
 3 SYSTEMPATH\CodeIgniter.php(502): CodeIgniter\CodeIgniter->runController(Object(App\Controllers\Auth))
 4 SYSTEMPATH\CodeIgniter.php(361): CodeIgniter\CodeIgniter->handleRequest(null, Object(Config\Cache), false)
 5 FCPATH\index.php(79): CodeIgniter\CodeIgniter->run()
CRITICAL - 2024-07-13 12:01:40 --> Trying to access array offset on value of type null
in APPPATH\Controllers\Auth.php on line 236.
 1 APPPATH\Controllers\Auth.php(236): CodeIgniter\Debug\Exceptions->errorHandler(2, 'Trying to access array offset on value of type null', 'C:\\xampp\\htdocs\\project_ta\\app\\Controllers\\Auth.php', 236)
 2 SYSTEMPATH\CodeIgniter.php(942): App\Controllers\Auth->cekPertanyaan()
 3 SYSTEMPATH\CodeIgniter.php(502): CodeIgniter\CodeIgniter->runController(Object(App\Controllers\Auth))
 4 SYSTEMPATH\CodeIgniter.php(361): CodeIgniter\CodeIgniter->handleRequest(null, Object(Config\Cache), false)
 5 FCPATH\index.php(79): CodeIgniter\CodeIgniter->run()
CRITICAL - 2024-07-13 12:07:23 --> Trying to access array offset on value of type null
in APPPATH\Controllers\Auth.php on line 236.
 1 APPPATH\Controllers\Auth.php(236): CodeIgniter\Debug\Exceptions->errorHandler(2, 'Trying to access array offset on value of type null', 'C:\\xampp\\htdocs\\project_ta\\app\\Controllers\\Auth.php', 236)
 2 SYSTEMPATH\CodeIgniter.php(942): App\Controllers\Auth->cekPertanyaan()
 3 SYSTEMPATH\CodeIgniter.php(502): CodeIgniter\CodeIgniter->runController(Object(App\Controllers\Auth))
 4 SYSTEMPATH\CodeIgniter.php(361): CodeIgniter\CodeIgniter->handleRequest(null, Object(Config\Cache), false)
 5 FCPATH\index.php(79): CodeIgniter\CodeIgniter->run()
CRITICAL - 2024-07-13 12:07:25 --> Trying to access array offset on value of type null
in APPPATH\Controllers\Auth.php on line 236.
 1 APPPATH\Controllers\Auth.php(236): CodeIgniter\Debug\Exceptions->errorHandler(2, 'Trying to access array offset on value of type null', 'C:\\xampp\\htdocs\\project_ta\\app\\Controllers\\Auth.php', 236)
 2 SYSTEMPATH\CodeIgniter.php(942): App\Controllers\Auth->cekPertanyaan()
 3 SYSTEMPATH\CodeIgniter.php(502): CodeIgniter\CodeIgniter->runController(Object(App\Controllers\Auth))
 4 SYSTEMPATH\CodeIgniter.php(361): CodeIgniter\CodeIgniter->handleRequest(null, Object(Config\Cache), false)
 5 FCPATH\index.php(79): CodeIgniter\CodeIgniter->run()
CRITICAL - 2024-07-13 12:07:26 --> Trying to access array offset on value of type null
in APPPATH\Controllers\Auth.php on line 236.
 1 APPPATH\Controllers\Auth.php(236): CodeIgniter\Debug\Exceptions->errorHandler(2, 'Trying to access array offset on value of type null', 'C:\\xampp\\htdocs\\project_ta\\app\\Controllers\\Auth.php', 236)
 2 SYSTEMPATH\CodeIgniter.php(942): App\Controllers\Auth->cekPertanyaan()
 3 SYSTEMPATH\CodeIgniter.php(502): CodeIgniter\CodeIgniter->runController(Object(App\Controllers\Auth))
 4 SYSTEMPATH\CodeIgniter.php(361): CodeIgniter\CodeIgniter->handleRequest(null, Object(Config\Cache), false)
 5 FCPATH\index.php(79): CodeIgniter\CodeIgniter->run()
CRITICAL - 2024-07-13 12:09:34 --> Undefined variable $id_referensi
in APPPATH\Controllers\Auth.php on line 235.
 1 APPPATH\Controllers\Auth.php(235): CodeIgniter\Debug\Exceptions->errorHandler(2, 'Undefined variable $id_referensi', 'C:\\xampp\\htdocs\\project_ta\\app\\Controllers\\Auth.php', 235)
 2 SYSTEMPATH\CodeIgniter.php(942): App\Controllers\Auth->cekPertanyaan()
 3 SYSTEMPATH\CodeIgniter.php(502): CodeIgniter\CodeIgniter->runController(Object(App\Controllers\Auth))
 4 SYSTEMPATH\CodeIgniter.php(361): CodeIgniter\CodeIgniter->handleRequest(null, Object(Config\Cache), false)
 5 FCPATH\index.php(79): CodeIgniter\CodeIgniter->run()
CRITICAL - 2024-07-13 12:10:11 --> Trying to access array offset on value of type null
in APPPATH\Controllers\Auth.php on line 237.
 1 APPPATH\Controllers\Auth.php(237): CodeIgniter\Debug\Exceptions->errorHandler(2, 'Trying to access array offset on value of type null', 'C:\\xampp\\htdocs\\project_ta\\app\\Controllers\\Auth.php', 237)
 2 SYSTEMPATH\CodeIgniter.php(942): App\Controllers\Auth->cekPertanyaan()
 3 SYSTEMPATH\CodeIgniter.php(502): CodeIgniter\CodeIgniter->runController(Object(App\Controllers\Auth))
 4 SYSTEMPATH\CodeIgniter.php(361): CodeIgniter\CodeIgniter->handleRequest(null, Object(Config\Cache), false)
 5 FCPATH\index.php(79): CodeIgniter\CodeIgniter->run()
CRITICAL - 2024-07-13 12:11:10 --> Trying to access array offset on value of type null
in APPPATH\Controllers\Auth.php on line 237.
 1 APPPATH\Controllers\Auth.php(237): CodeIgniter\Debug\Exceptions->errorHandler(2, 'Trying to access array offset on value of type null', 'C:\\xampp\\htdocs\\project_ta\\app\\Controllers\\Auth.php', 237)
 2 SYSTEMPATH\CodeIgniter.php(942): App\Controllers\Auth->cekPertanyaan()
 3 SYSTEMPATH\CodeIgniter.php(502): CodeIgniter\CodeIgniter->runController(Object(App\Controllers\Auth))
 4 SYSTEMPATH\CodeIgniter.php(361): CodeIgniter\CodeIgniter->handleRequest(null, Object(Config\Cache), false)
 5 FCPATH\index.php(79): CodeIgniter\CodeIgniter->run()
CRITICAL - 2024-07-13 12:15:15 --> Trying to access array offset on value of type null
in APPPATH\Controllers\Auth.php on line 238.
 1 APPPATH\Controllers\Auth.php(238): CodeIgniter\Debug\Exceptions->errorHandler(2, 'Trying to access array offset on value of type null', 'C:\\xampp\\htdocs\\project_ta\\app\\Controllers\\Auth.php', 238)
 2 SYSTEMPATH\CodeIgniter.php(942): App\Controllers\Auth->cekPertanyaan()
 3 SYSTEMPATH\CodeIgniter.php(502): CodeIgniter\CodeIgniter->runController(Object(App\Controllers\Auth))
 4 SYSTEMPATH\CodeIgniter.php(361): CodeIgniter\CodeIgniter->handleRequest(null, Object(Config\Cache), false)
 5 FCPATH\index.php(79): CodeIgniter\CodeIgniter->run()
CRITICAL - 2024-07-13 12:19:24 --> Call to undefined method CodeIgniter\Database\MySQLi\Connection::select()
in APPPATH\Models\ModelForgot.php on line 37.
 1 APPPATH\Controllers\Auth.php(236): App\Models\ModelForgot->rawr('8')
 2 SYSTEMPATH\CodeIgniter.php(942): App\Controllers\Auth->cekPertanyaan()
 3 SYSTEMPATH\CodeIgniter.php(502): CodeIgniter\CodeIgniter->runController(Object(App\Controllers\Auth))
 4 SYSTEMPATH\CodeIgniter.php(361): CodeIgniter\CodeIgniter->handleRequest(null, Object(Config\Cache), false)
 5 FCPATH\index.php(79): CodeIgniter\CodeIgniter->run()
CRITICAL - 2024-07-13 12:20:55 --> Undefined array key ""
in APPPATH\Libraries\AuthLibrary.php on line 101.
 1 APPPATH\Libraries\AuthLibrary.php(101): CodeIgniter\Debug\Exceptions->errorHandler(2, 'Undefined array key ""', 'C:\\xampp\\htdocs\\project_ta\\app\\Libraries\\AuthLibrary.php', 101)
 2 APPPATH\Controllers\Auth.php(247): App\Libraries\AuthLibrary->autoredirect()
 3 SYSTEMPATH\CodeIgniter.php(942): App\Controllers\Auth->cekPertanyaan()
 4 SYSTEMPATH\CodeIgniter.php(502): CodeIgniter\CodeIgniter->runController(Object(App\Controllers\Auth))
 5 SYSTEMPATH\CodeIgniter.php(361): CodeIgniter\CodeIgniter->handleRequest(null, Object(Config\Cache), false)
 6 FCPATH\index.php(79): CodeIgniter\CodeIgniter->run()
CRITICAL - 2024-07-13 12:25:34 --> Undefined array key ""
in APPPATH\Views\account.php on line 23.
 1 APPPATH\Views\account.php(23): CodeIgniter\Debug\Exceptions->errorHandler(2, 'Undefined array key ""', 'C:\\xampp\\htdocs\\project_ta\\app\\Views\\account.php', 23)
 2 SYSTEMPATH\View\View.php(228): include('C:\\xampp\\htdocs\\project_ta\\app\\Views\\account.php')
 3 SYSTEMPATH\View\View.php(231): CodeIgniter\View\View->CodeIgniter\View\{closure}()
 4 SYSTEMPATH\Common.php(1190): CodeIgniter\View\View->render('account', [], true)
 5 APPPATH\Controllers\Auth.php(142): view('account', [...])
 6 SYSTEMPATH\CodeIgniter.php(942): App\Controllers\Auth->account()
 7 SYSTEMPATH\CodeIgniter.php(502): CodeIgniter\CodeIgniter->runController(Object(App\Controllers\Auth))
 8 SYSTEMPATH\CodeIgniter.php(361): CodeIgniter\CodeIgniter->handleRequest(null, Object(Config\Cache), false)
 9 FCPATH\index.php(79): CodeIgniter\CodeIgniter->run()
CRITICAL - 2024-07-13 12:26:18 --> Undefined array key ""
in APPPATH\Views\account.php on line 23.
 1 APPPATH\Views\account.php(23): CodeIgniter\Debug\Exceptions->errorHandler(2, 'Undefined array key ""', 'C:\\xampp\\htdocs\\project_ta\\app\\Views\\account.php', 23)
 2 SYSTEMPATH\View\View.php(228): include('C:\\xampp\\htdocs\\project_ta\\app\\Views\\account.php')
 3 SYSTEMPATH\View\View.php(231): CodeIgniter\View\View->CodeIgniter\View\{closure}()
 4 SYSTEMPATH\Common.php(1190): CodeIgniter\View\View->render('account', [], true)
 5 APPPATH\Controllers\Auth.php(142): view('account', [...])
 6 SYSTEMPATH\CodeIgniter.php(942): App\Controllers\Auth->account()
 7 SYSTEMPATH\CodeIgniter.php(502): CodeIgniter\CodeIgniter->runController(Object(App\Controllers\Auth))
 8 SYSTEMPATH\CodeIgniter.php(361): CodeIgniter\CodeIgniter->handleRequest(null, Object(Config\Cache), false)
 9 FCPATH\index.php(79): CodeIgniter\CodeIgniter->run()
CRITICAL - 2024-07-13 12:26:19 --> Undefined array key ""
in APPPATH\Views\account.php on line 23.
 1 APPPATH\Views\account.php(23): CodeIgniter\Debug\Exceptions->errorHandler(2, 'Undefined array key ""', 'C:\\xampp\\htdocs\\project_ta\\app\\Views\\account.php', 23)
 2 SYSTEMPATH\View\View.php(228): include('C:\\xampp\\htdocs\\project_ta\\app\\Views\\account.php')
 3 SYSTEMPATH\View\View.php(231): CodeIgniter\View\View->CodeIgniter\View\{closure}()
 4 SYSTEMPATH\Common.php(1190): CodeIgniter\View\View->render('account', [], true)
 5 APPPATH\Controllers\Auth.php(142): view('account', [...])
 6 SYSTEMPATH\CodeIgniter.php(942): App\Controllers\Auth->account()
 7 SYSTEMPATH\CodeIgniter.php(502): CodeIgniter\CodeIgniter->runController(Object(App\Controllers\Auth))
 8 SYSTEMPATH\CodeIgniter.php(361): CodeIgniter\CodeIgniter->handleRequest(null, Object(Config\Cache), false)
 9 FCPATH\index.php(79): CodeIgniter\CodeIgniter->run()
CRITICAL - 2024-07-13 12:49:44 --> The route for "forgotPassword" cannot be found.
in SYSTEMPATH\HTTP\RedirectResponse.php on line 62.
 1 SYSTEMPATH\HTTP\RedirectResponse.php(62): CodeIgniter\HTTP\Exceptions\HTTPException::forInvalidRedirectRoute('forgotPassword')
 2 SYSTEMPATH\Common.php(878): CodeIgniter\HTTP\RedirectResponse->route(false)
 3 APPPATH\Controllers\Auth.php(223): redirect('forgotPassword', [...])
 4 SYSTEMPATH\CodeIgniter.php(942): App\Controllers\Auth->forgotpassword()
 5 SYSTEMPATH\CodeIgniter.php(502): CodeIgniter\CodeIgniter->runController(Object(App\Controllers\Auth))
 6 SYSTEMPATH\CodeIgniter.php(361): CodeIgniter\CodeIgniter->handleRequest(null, Object(Config\Cache), false)
 7 FCPATH\index.php(79): CodeIgniter\CodeIgniter->run()
CRITICAL - 2024-07-13 12:50:57 --> Undefined variable $data
in APPPATH\Controllers\Auth.php on line 228.
 1 APPPATH\Controllers\Auth.php(228): CodeIgniter\Debug\Exceptions->errorHandler(2, 'Undefined variable $data', 'C:\\xampp\\htdocs\\project_ta\\app\\Controllers\\Auth.php', 228)
 2 SYSTEMPATH\CodeIgniter.php(942): App\Controllers\Auth->forgotpassword()
 3 SYSTEMPATH\CodeIgniter.php(502): CodeIgniter\CodeIgniter->runController(Object(App\Controllers\Auth))
 4 SYSTEMPATH\CodeIgniter.php(361): CodeIgniter\CodeIgniter->handleRequest(null, Object(Config\Cache), false)
 5 FCPATH\index.php(79): CodeIgniter\CodeIgniter->run()
CRITICAL - 2024-07-13 12:51:49 --> Undefined variable $hide
in APPPATH\Views\forgotPassword.php on line 10.
 1 APPPATH\Views\forgotPassword.php(10): CodeIgniter\Debug\Exceptions->errorHandler(2, 'Undefined variable $hide', 'C:\\xampp\\htdocs\\project_ta\\app\\Views\\forgotPassword.php', 10)
 2 SYSTEMPATH\View\View.php(228): include('C:\\xampp\\htdocs\\project_ta\\app\\Views\\forgotPassword.php')
 3 SYSTEMPATH\View\View.php(231): CodeIgniter\View\View->CodeIgniter\View\{closure}()
 4 SYSTEMPATH\Common.php(1190): CodeIgniter\View\View->render('forgotPassword', [], true)
 5 APPPATH\Controllers\Auth.php(228): view('forgotPassword', [...])
 6 SYSTEMPATH\CodeIgniter.php(942): App\Controllers\Auth->forgotpassword()
 7 SYSTEMPATH\CodeIgniter.php(502): CodeIgniter\CodeIgniter->runController(Object(App\Controllers\Auth))
 8 SYSTEMPATH\CodeIgniter.php(361): CodeIgniter\CodeIgniter->handleRequest(null, Object(Config\Cache), false)
 9 FCPATH\index.php(79): CodeIgniter\CodeIgniter->run()
CRITICAL - 2024-07-13 12:56:20 --> Undefined variable $nik
in APPPATH\Controllers\Auth.php on line 216.
 1 APPPATH\Controllers\Auth.php(216): CodeIgniter\Debug\Exceptions->errorHandler(2, 'Undefined variable $nik', 'C:\\xampp\\htdocs\\project_ta\\app\\Controllers\\Auth.php', 216)
 2 SYSTEMPATH\CodeIgniter.php(942): App\Controllers\Auth->forgotpassword()
 3 SYSTEMPATH\CodeIgniter.php(502): CodeIgniter\CodeIgniter->runController(Object(App\Controllers\Auth))
 4 SYSTEMPATH\CodeIgniter.php(361): CodeIgniter\CodeIgniter->handleRequest(null, Object(Config\Cache), false)
 5 FCPATH\index.php(79): CodeIgniter\CodeIgniter->run()
CRITICAL - 2024-07-13 12:58:36 --> Undefined variable $nik
in APPPATH\Controllers\Auth.php on line 216.
 1 APPPATH\Controllers\Auth.php(216): CodeIgniter\Debug\Exceptions->errorHandler(2, 'Undefined variable $nik', 'C:\\xampp\\htdocs\\project_ta\\app\\Controllers\\Auth.php', 216)
 2 SYSTEMPATH\CodeIgniter.php(942): App\Controllers\Auth->forgotpassword()
 3 SYSTEMPATH\CodeIgniter.php(502): CodeIgniter\CodeIgniter->runController(Object(App\Controllers\Auth))
 4 SYSTEMPATH\CodeIgniter.php(361): CodeIgniter\CodeIgniter->handleRequest(null, Object(Config\Cache), false)
 5 FCPATH\index.php(79): CodeIgniter\CodeIgniter->run()
CRITICAL - 2024-07-13 12:58:52 --> Undefined variable $forgot
in APPPATH\Views\forgotPassword.php on line 20.
 1 APPPATH\Views\forgotPassword.php(20): CodeIgniter\Debug\Exceptions->errorHandler(2, 'Undefined variable $forgot', 'C:\\xampp\\htdocs\\project_ta\\app\\Views\\forgotPassword.php', 20)
 2 SYSTEMPATH\View\View.php(228): include('C:\\xampp\\htdocs\\project_ta\\app\\Views\\forgotPassword.php')
 3 SYSTEMPATH\View\View.php(231): CodeIgniter\View\View->CodeIgniter\View\{closure}()
 4 SYSTEMPATH\Common.php(1190): CodeIgniter\View\View->render('forgotPassword', [], true)
 5 APPPATH\Controllers\Auth.php(230): view('forgotPassword', [...])
 6 SYSTEMPATH\CodeIgniter.php(942): App\Controllers\Auth->forgotpassword()
 7 SYSTEMPATH\CodeIgniter.php(502): CodeIgniter\CodeIgniter->runController(Object(App\Controllers\Auth))
 8 SYSTEMPATH\CodeIgniter.php(361): CodeIgniter\CodeIgniter->handleRequest(null, Object(Config\Cache), false)
 9 FCPATH\index.php(79): CodeIgniter\CodeIgniter->run()
CRITICAL - 2024-07-13 15:08:48 --> Undefined variable $hide
in APPPATH\Views\forgotPassword.php on line 10.
 1 APPPATH\Views\forgotPassword.php(10): CodeIgniter\Debug\Exceptions->errorHandler(2, 'Undefined variable $hide', 'C:\\xampp\\htdocs\\project_ta\\app\\Views\\forgotPassword.php', 10)
 2 SYSTEMPATH\View\View.php(228): include('C:\\xampp\\htdocs\\project_ta\\app\\Views\\forgotPassword.php')
 3 SYSTEMPATH\View\View.php(231): CodeIgniter\View\View->CodeIgniter\View\{closure}()
 4 SYSTEMPATH\Common.php(1190): CodeIgniter\View\View->render('forgotPassword', [], true)
 5 APPPATH\Controllers\Auth.php(220): view('forgotPassword', [...])
 6 SYSTEMPATH\CodeIgniter.php(942): App\Controllers\Auth->forgotpassword()
 7 SYSTEMPATH\CodeIgniter.php(502): CodeIgniter\CodeIgniter->runController(Object(App\Controllers\Auth))
 8 SYSTEMPATH\CodeIgniter.php(361): CodeIgniter\CodeIgniter->handleRequest(null, Object(Config\Cache), false)
 9 FCPATH\index.php(79): CodeIgniter\CodeIgniter->run()
CRITICAL - 2024-07-13 15:09:33 --> Undefined variable $hide
in APPPATH\Views\forgotPassword.php on line 10.
 1 APPPATH\Views\forgotPassword.php(10): CodeIgniter\Debug\Exceptions->errorHandler(2, 'Undefined variable $hide', 'C:\\xampp\\htdocs\\project_ta\\app\\Views\\forgotPassword.php', 10)
 2 SYSTEMPATH\View\View.php(228): include('C:\\xampp\\htdocs\\project_ta\\app\\Views\\forgotPassword.php')
 3 SYSTEMPATH\View\View.php(231): CodeIgniter\View\View->CodeIgniter\View\{closure}()
 4 SYSTEMPATH\Common.php(1190): CodeIgniter\View\View->render('forgotPassword', [], true)
 5 APPPATH\Controllers\Auth.php(220): view('forgotPassword', [...])
 6 SYSTEMPATH\CodeIgniter.php(942): App\Controllers\Auth->forgotpassword()
 7 SYSTEMPATH\CodeIgniter.php(502): CodeIgniter\CodeIgniter->runController(Object(App\Controllers\Auth))
 8 SYSTEMPATH\CodeIgniter.php(361): CodeIgniter\CodeIgniter->handleRequest(null, Object(Config\Cache), false)
 9 FCPATH\index.php(79): CodeIgniter\CodeIgniter->run()
CRITICAL - 2024-07-13 15:41:20 --> 9 is not a valid HTTP return status code
in SYSTEMPATH\HTTP\ResponseTrait.php on line 155.
 1 SYSTEMPATH\HTTP\ResponseTrait.php(155): CodeIgniter\HTTP\Exceptions\HTTPException::forInvalidStatusCode(9)
 2 SYSTEMPATH\HTTP\ResponseTrait.php(544): CodeIgniter\HTTP\Response->setStatusCode(9)
 3 SYSTEMPATH\HTTP\RedirectResponse.php(42): CodeIgniter\HTTP\Response->redirect('http://localhost/project_ta/resetPassword', 'auto', 9)
 4 APPPATH\Controllers\Auth.php(248): CodeIgniter\HTTP\RedirectResponse->to('http://localhost/project_ta/resetPassword', 9)
 5 SYSTEMPATH\CodeIgniter.php(942): App\Controllers\Auth->cekPertanyaan()
 6 SYSTEMPATH\CodeIgniter.php(502): CodeIgniter\CodeIgniter->runController(Object(App\Controllers\Auth))
 7 SYSTEMPATH\CodeIgniter.php(361): CodeIgniter\CodeIgniter->handleRequest(null, Object(Config\Cache), false)
 8 FCPATH\index.php(79): CodeIgniter\CodeIgniter->run()
CRITICAL - 2024-07-13 15:45:39 --> Undefined array key "nik"
in APPPATH\Controllers\Auth.php on line 246.
 1 APPPATH\Controllers\Auth.php(246): CodeIgniter\Debug\Exceptions->errorHandler(2, 'Undefined array key "nik"', 'C:\\xampp\\htdocs\\project_ta\\app\\Controllers\\Auth.php', 246)
 2 SYSTEMPATH\CodeIgniter.php(942): App\Controllers\Auth->cekPertanyaan()
 3 SYSTEMPATH\CodeIgniter.php(502): CodeIgniter\CodeIgniter->runController(Object(App\Controllers\Auth))
 4 SYSTEMPATH\CodeIgniter.php(361): CodeIgniter\CodeIgniter->handleRequest(null, Object(Config\Cache), false)
 5 FCPATH\index.php(79): CodeIgniter\CodeIgniter->run()
ERROR - 2024-07-13 15:48:45 --> mysqli_sql_exception: Illegal parameter data types decimal and row for operation '=' in C:\xampp\htdocs\project_ta\system\Database\MySQLi\Connection.php:306
Stack trace:
#0 C:\xampp\htdocs\project_ta\system\Database\MySQLi\Connection.php(306): mysqli->query('SELECT *\nFROM `...', 0)
#1 C:\xampp\htdocs\project_ta\system\Database\BaseConnection.php(693): CodeIgniter\Database\MySQLi\Connection->execute('SELECT *\nFROM `...')
#2 C:\xampp\htdocs\project_ta\system\Database\BaseConnection.php(607): CodeIgniter\Database\BaseConnection->simpleQuery('SELECT *\nFROM `...')
#3 C:\xampp\htdocs\project_ta\system\Database\BaseBuilder.php(1615): CodeIgniter\Database\BaseConnection->query('SELECT *\nFROM `...', Array, false)
#4 C:\xampp\htdocs\project_ta\system\Model.php(264): CodeIgniter\Database\BaseBuilder->get()
#5 C:\xampp\htdocs\project_ta\system\BaseModel.php(662): CodeIgniter\Model->doFirst()
#6 C:\xampp\htdocs\project_ta\app\Libraries\AuthLibrary.php(29): CodeIgniter\BaseModel->first()
#7 C:\xampp\htdocs\project_ta\app\Controllers\Auth.php(248): App\Libraries\AuthLibrary->LoginUser(Array)
#8 C:\xampp\htdocs\project_ta\system\CodeIgniter.php(942): App\Controllers\Auth->cekPertanyaan()
#9 C:\xampp\htdocs\project_ta\system\CodeIgniter.php(502): CodeIgniter\CodeIgniter->runController(Object(App\Controllers\Auth))
#10 C:\xampp\htdocs\project_ta\system\CodeIgniter.php(361): CodeIgniter\CodeIgniter->handleRequest(NULL, Object(Config\Cache), false)
#11 C:\xampp\htdocs\project_ta\index.php(79): CodeIgniter\CodeIgniter->run()
#12 {main}
CRITICAL - 2024-07-13 15:48:45 --> Illegal parameter data types decimal and row for operation '='
in SYSTEMPATH\Database\BaseConnection.php on line 647.
 1 SYSTEMPATH\Database\BaseBuilder.php(1615): CodeIgniter\Database\BaseConnection->query('SELECT *
FROM `tbl_users`
WHERE `nik` = :nik:
 LIMIT 1', [...], false)
 2 SYSTEMPATH\Model.php(264): CodeIgniter\Database\BaseBuilder->get()
 3 SYSTEMPATH\BaseModel.php(662): CodeIgniter\Model->doFirst()
 4 APPPATH\Libraries\AuthLibrary.php(29): CodeIgniter\BaseModel->first()
 5 APPPATH\Controllers\Auth.php(248): App\Libraries\AuthLibrary->LoginUser([...])
 6 SYSTEMPATH\CodeIgniter.php(942): App\Controllers\Auth->cekPertanyaan()
 7 SYSTEMPATH\CodeIgniter.php(502): CodeIgniter\CodeIgniter->runController(Object(App\Controllers\Auth))
 8 SYSTEMPATH\CodeIgniter.php(361): CodeIgniter\CodeIgniter->handleRequest(null, Object(Config\Cache), false)
 9 FCPATH\index.php(79): CodeIgniter\CodeIgniter->run()
CRITICAL - 2024-07-13 16:01:13 --> Undefined array key "id"
in APPPATH\Views\resetPassword.php on line 12.
 1 APPPATH\Views\resetPassword.php(12): CodeIgniter\Debug\Exceptions->errorHandler(2, 'Undefined array key "id"', 'C:\\xampp\\htdocs\\project_ta\\app\\Views\\resetPassword.php', 12)
 2 SYSTEMPATH\View\View.php(228): include('C:\\xampp\\htdocs\\project_ta\\app\\Views\\resetPassword.php')
 3 SYSTEMPATH\View\View.php(231): CodeIgniter\View\View->CodeIgniter\View\{closure}()
 4 SYSTEMPATH\Common.php(1190): CodeIgniter\View\View->render('resetPassword', [], true)
 5 APPPATH\Controllers\Auth.php(246): view('resetPassword', [...])
 6 SYSTEMPATH\CodeIgniter.php(942): App\Controllers\Auth->cekPertanyaan()
 7 SYSTEMPATH\CodeIgniter.php(502): CodeIgniter\CodeIgniter->runController(Object(App\Controllers\Auth))
 8 SYSTEMPATH\CodeIgniter.php(361): CodeIgniter\CodeIgniter->handleRequest(null, Object(Config\Cache), false)
 9 FCPATH\index.php(79): CodeIgniter\CodeIgniter->run()
CRITICAL - 2024-07-13 16:01:38 --> Undefined array key "id"
in APPPATH\Views\resetPassword.php on line 12.
 1 APPPATH\Views\resetPassword.php(12): CodeIgniter\Debug\Exceptions->errorHandler(2, 'Undefined array key "id"', 'C:\\xampp\\htdocs\\project_ta\\app\\Views\\resetPassword.php', 12)
 2 SYSTEMPATH\View\View.php(228): include('C:\\xampp\\htdocs\\project_ta\\app\\Views\\resetPassword.php')
 3 SYSTEMPATH\View\View.php(231): CodeIgniter\View\View->CodeIgniter\View\{closure}()
 4 SYSTEMPATH\Common.php(1190): CodeIgniter\View\View->render('resetPassword', [], true)
 5 APPPATH\Controllers\Auth.php(246): view('resetPassword', [...])
 6 SYSTEMPATH\CodeIgniter.php(942): App\Controllers\Auth->cekPertanyaan()
 7 SYSTEMPATH\CodeIgniter.php(502): CodeIgniter\CodeIgniter->runController(Object(App\Controllers\Auth))
 8 SYSTEMPATH\CodeIgniter.php(361): CodeIgniter\CodeIgniter->handleRequest(null, Object(Config\Cache), false)
 9 FCPATH\index.php(79): CodeIgniter\CodeIgniter->run()
CRITICAL - 2024-07-13 16:04:30 --> Undefined variable $rawr
in APPPATH\Views\resetPassword.php on line 12.
 1 APPPATH\Views\resetPassword.php(12): CodeIgniter\Debug\Exceptions->errorHandler(2, 'Undefined variable $rawr', 'C:\\xampp\\htdocs\\project_ta\\app\\Views\\resetPassword.php', 12)
 2 SYSTEMPATH\View\View.php(228): include('C:\\xampp\\htdocs\\project_ta\\app\\Views\\resetPassword.php')
 3 SYSTEMPATH\View\View.php(231): CodeIgniter\View\View->CodeIgniter\View\{closure}()
 4 SYSTEMPATH\Common.php(1190): CodeIgniter\View\View->render('resetPassword', [], true)
 5 APPPATH\Controllers\Auth.php(246): view('resetPassword', [...])
 6 SYSTEMPATH\CodeIgniter.php(942): App\Controllers\Auth->cekPertanyaan()
 7 SYSTEMPATH\CodeIgniter.php(502): CodeIgniter\CodeIgniter->runController(Object(App\Controllers\Auth))
 8 SYSTEMPATH\CodeIgniter.php(361): CodeIgniter\CodeIgniter->handleRequest(null, Object(Config\Cache), false)
 9 FCPATH\index.php(79): CodeIgniter\CodeIgniter->run()
CRITICAL - 2024-07-13 16:08:17 --> Undefined array key "id"
in APPPATH\Views\User\User.php on line 39.
 1 APPPATH\Views\User\User.php(39): CodeIgniter\Debug\Exceptions->errorHandler(2, 'Undefined array key "id"', 'C:\\xampp\\htdocs\\project_ta\\app\\Views\\User\\User.php', 39)
 2 SYSTEMPATH\View\View.php(228): include('C:\\xampp\\htdocs\\project_ta\\app\\Views\\User\\User.php')
 3 SYSTEMPATH\View\View.php(231): CodeIgniter\View\View->CodeIgniter\View\{closure}()
 4 SYSTEMPATH\Common.php(1190): CodeIgniter\View\View->render('User/User', [], true)
 5 APPPATH\Controllers\Auth.php(70): view('User/User', [...])
 6 SYSTEMPATH\CodeIgniter.php(942): App\Controllers\Auth->list()
 7 SYSTEMPATH\CodeIgniter.php(502): CodeIgniter\CodeIgniter->runController(Object(App\Controllers\Auth))
 8 SYSTEMPATH\CodeIgniter.php(361): CodeIgniter\CodeIgniter->handleRequest(null, Object(Config\Cache), false)
 9 FCPATH\index.php(79): CodeIgniter\CodeIgniter->run()
